ERROR - 2024-11-12 04:24:43 --> mysqli_sql_exception: Unknown column 'toppings.topping_name' in 'having clause' in /var/www/html/food_searching_apis/system/Database/MySQLi/Connection.php:312
Stack trace:
#0 /var/www/html/food_searching_apis/system/Database/MySQLi/Connection.php(312): mysqli->query()
#1 /var/www/html/food_searching_apis/system/Database/BaseConnection.php(734): CodeIgniter\Database\MySQLi\Connection->execute()
#2 /var/www/html/food_searching_apis/system/Database/BaseConnection.php(648): CodeIgniter\Database\BaseConnection->simpleQuery()
#3 /var/www/html/food_searching_apis/system/Database/BaseBuilder.php(1644): CodeIgniter\Database\BaseConnection->query()
#4 /var/www/html/food_searching_apis/system/Model.php(286): CodeIgniter\Database\BaseBuilder->get()
#5 /var/www/html/food_searching_apis/system/BaseModel.php(676): CodeIgniter\Model->doFindAll()
#6 /var/www/html/food_searching_apis/app/Models/FoodSearchModel.php(123): CodeIgniter\BaseModel->findAll()
#7 /var/www/html/food_searching_apis/app/Controllers/FoodSearchController.php(129): App\Models\FoodSearchModel->filterTopping()
#8 /var/www/html/food_searching_apis/system/CodeIgniter.php(933): App\Controllers\FoodSearchController->toppingFilter()
#9 /var/www/html/food_searching_apis/system/CodeIgniter.php(509): CodeIgniter\CodeIgniter->runController()
#10 /var/www/html/food_searching_apis/system/CodeIgniter.php(355): CodeIgniter\CodeIgniter->handleRequest()
#11 /var/www/html/food_searching_apis/system/Boot.php(325): CodeIgniter\CodeIgniter->run()
#12 /var/www/html/food_searching_apis/system/Boot.php(67): CodeIgniter\Boot::runCodeIgniter()
#13 /var/www/html/food_searching_apis/public/index.php(56): CodeIgniter\Boot::bootWeb()
#14 {main}
CRITICAL - 2024-11-12 04:24:43 --> CodeIgniter\Database\Exceptions\DatabaseException: Unknown column 'toppings.topping_name' in 'having clause'
[Method: GET, Route: topping/filter]
in SYSTEMPATH/Database/BaseConnection.php on line 688.
 1 SYSTEMPATH/Database/BaseBuilder.php(1644): CodeIgniter\Database\BaseConnection->query()
 2 SYSTEMPATH/Model.php(286): CodeIgniter\Database\BaseBuilder->get()
 3 SYSTEMPATH/BaseModel.php(676): CodeIgniter\Model->doFindAll()
 4 APPPATH/Models/FoodSearchModel.php(123): CodeIgniter\BaseModel->findAll()
 5 APPPATH/Controllers/FoodSearchController.php(129): App\Models\FoodSearchModel->filterTopping()
 6 SYSTEMPATH/CodeIgniter.php(933): App\Controllers\FoodSearchController->toppingFilter()
 7 SYSTEMPATH/CodeIgniter.php(509): CodeIgniter\CodeIgniter->runController()
 8 SYSTEMPATH/CodeIgniter.php(355): CodeIgniter\CodeIgniter->handleRequest()
 9 SYSTEMPATH/Boot.php(325): CodeIgniter\CodeIgniter->run()
10 SYSTEMPATH/Boot.php(67): CodeIgniter\Boot::runCodeIgniter()
11 FCPATH/index.php(56): CodeIgniter\Boot::bootWeb()
CRITICAL - 2024-11-12 04:24:43 --> [Caused by] CodeIgniter\Database\Exceptions\DatabaseException: Unknown column 'toppings.topping_name' in 'having clause'
in SYSTEMPATH/Database/MySQLi/Connection.php on line 317.
 1 SYSTEMPATH/Database/BaseConnection.php(734): CodeIgniter\Database\MySQLi\Connection->execute()
 2 SYSTEMPATH/Database/BaseConnection.php(648): CodeIgniter\Database\BaseConnection->simpleQuery()
 3 SYSTEMPATH/Database/BaseBuilder.php(1644): CodeIgniter\Database\BaseConnection->query()
 4 SYSTEMPATH/Model.php(286): CodeIgniter\Database\BaseBuilder->get()
 5 SYSTEMPATH/BaseModel.php(676): CodeIgniter\Model->doFindAll()
 6 APPPATH/Models/FoodSearchModel.php(123): CodeIgniter\BaseModel->findAll()
 7 APPPATH/Controllers/FoodSearchController.php(129): App\Models\FoodSearchModel->filterTopping()
 8 SYSTEMPATH/CodeIgniter.php(933): App\Controllers\FoodSearchController->toppingFilter()
 9 SYSTEMPATH/CodeIgniter.php(509): CodeIgniter\CodeIgniter->runController()
10 SYSTEMPATH/CodeIgniter.php(355): CodeIgniter\CodeIgniter->handleRequest()
11 SYSTEMPATH/Boot.php(325): CodeIgniter\CodeIgniter->run()
12 SYSTEMPATH/Boot.php(67): CodeIgniter\Boot::runCodeIgniter()
13 FCPATH/index.php(56): CodeIgniter\Boot::bootWeb()
CRITICAL - 2024-11-12 04:24:43 --> [Caused by] mysqli_sql_exception: Unknown column 'toppings.topping_name' in 'having clause'
in SYSTEMPATH/Database/MySQLi/Connection.php on line 312.
 1 SYSTEMPATH/Database/MySQLi/Connection.php(312): mysqli->query()
 2 SYSTEMPATH/Database/BaseConnection.php(734): CodeIgniter\Database\MySQLi\Connection->execute()
 3 SYSTEMPATH/Database/BaseConnection.php(648): CodeIgniter\Database\BaseConnection->simpleQuery()
 4 SYSTEMPATH/Database/BaseBuilder.php(1644): CodeIgniter\Database\BaseConnection->query()
 5 SYSTEMPATH/Model.php(286): CodeIgniter\Database\BaseBuilder->get()
 6 SYSTEMPATH/BaseModel.php(676): CodeIgniter\Model->doFindAll()
 7 APPPATH/Models/FoodSearchModel.php(123): CodeIgniter\BaseModel->findAll()
 8 APPPATH/Controllers/FoodSearchController.php(129): App\Models\FoodSearchModel->filterTopping()
 9 SYSTEMPATH/CodeIgniter.php(933): App\Controllers\FoodSearchController->toppingFilter()
10 SYSTEMPATH/CodeIgniter.php(509): CodeIgniter\CodeIgniter->runController()
11 SYSTEMPATH/CodeIgniter.php(355): CodeIgniter\CodeIgniter->handleRequest()
12 SYSTEMPATH/Boot.php(325): CodeIgniter\CodeIgniter->run()
13 SYSTEMPATH/Boot.php(67): CodeIgniter\Boot::runCodeIgniter()
14 FCPATH/index.php(56): CodeIgniter\Boot::bootWeb()
CRITICAL - 2024-11-12 06:09:11 --> CodeIgniter\HTTP\Exceptions\BadRequestException: The URI you submitted has disallowed characters: "page=2"
[Method: GET, Route: food/page=2]
in SYSTEMPATH/Router/Router.php on line 737.
 1 SYSTEMPATH/Router/Router.php(204): CodeIgniter\Router\Router->checkDisallowedChars()
 2 SYSTEMPATH/CodeIgniter.php(834): CodeIgniter\Router\Router->handle()
 3 SYSTEMPATH/CodeIgniter.php(457): CodeIgniter\CodeIgniter->tryToRouteIt()
 4 SYSTEMPATH/CodeIgniter.php(355): CodeIgniter\CodeIgniter->handleRequest()
 5 SYSTEMPATH/Boot.php(325): CodeIgniter\CodeIgniter->run()
 6 SYSTEMPATH/Boot.php(67): CodeIgniter\Boot::runCodeIgniter()
 7 FCPATH/index.php(56): CodeIgniter\Boot::bootWeb()
CRITICAL - 2024-11-12 06:12:40 --> BadMethodCallException: Call to undefined method App\Models\FoodSearchModel::paginateProducts
[Method: GET, Route: food/page]
in SYSTEMPATH/Model.php on line 932.
 1 APPPATH/Controllers/FoodSearchController.php(117): CodeIgniter\Model->__call()
 2 SYSTEMPATH/CodeIgniter.php(933): App\Controllers\FoodSearchController->paginatedProducts()
 3 SYSTEMPATH/CodeIgniter.php(509): CodeIgniter\CodeIgniter->runController()
 4 SYSTEMPATH/CodeIgniter.php(355): CodeIgniter\CodeIgniter->handleRequest()
 5 SYSTEMPATH/Boot.php(325): CodeIgniter\CodeIgniter->run()
 6 SYSTEMPATH/Boot.php(67): CodeIgniter\Boot::runCodeIgniter()
 7 FCPATH/index.php(56): CodeIgniter\Boot::bootWeb()
CRITICAL - 2024-11-12 06:12:58 --> BadMethodCallException: Call to undefined method App\Models\FoodSearchModel::paginateProducts
[Method: GET, Route: food/page]
in SYSTEMPATH/Model.php on line 932.
 1 APPPATH/Controllers/FoodSearchController.php(117): CodeIgniter\Model->__call()
 2 SYSTEMPATH/CodeIgniter.php(933): App\Controllers\FoodSearchController->paginatedProducts()
 3 SYSTEMPATH/CodeIgniter.php(509): CodeIgniter\CodeIgniter->runController()
 4 SYSTEMPATH/CodeIgniter.php(355): CodeIgniter\CodeIgniter->handleRequest()
 5 SYSTEMPATH/Boot.php(325): CodeIgniter\CodeIgniter->run()
 6 SYSTEMPATH/Boot.php(67): CodeIgniter\Boot::runCodeIgniter()
 7 FCPATH/index.php(56): CodeIgniter\Boot::bootWeb()
CRITICAL - 2024-11-12 06:15:47 --> Error: Call to a member function paginate() on array
[Method: GET, Route: food/page]
in APPPATH/Models/FoodSearchModel.php on line 111.
 1 APPPATH/Controllers/FoodSearchController.php(117): App\Models\FoodSearchModel->paginateProducts()
 2 SYSTEMPATH/CodeIgniter.php(933): App\Controllers\FoodSearchController->paginatedProducts()
 3 SYSTEMPATH/CodeIgniter.php(509): CodeIgniter\CodeIgniter->runController()
 4 SYSTEMPATH/CodeIgniter.php(355): CodeIgniter\CodeIgniter->handleRequest()
 5 SYSTEMPATH/Boot.php(325): CodeIgniter\CodeIgniter->run()
 6 SYSTEMPATH/Boot.php(67): CodeIgniter\Boot::runCodeIgniter()
 7 FCPATH/index.php(56): CodeIgniter\Boot::bootWeb()
CRITICAL - 2024-11-12 06:16:06 --> Error: Call to a member function findAll() on array
[Method: GET, Route: food/page]
in APPPATH/Models/FoodSearchModel.php on line 111.
 1 APPPATH/Controllers/FoodSearchController.php(117): App\Models\FoodSearchModel->paginateProducts()
 2 SYSTEMPATH/CodeIgniter.php(933): App\Controllers\FoodSearchController->paginatedProducts()
 3 SYSTEMPATH/CodeIgniter.php(509): CodeIgniter\CodeIgniter->runController()
 4 SYSTEMPATH/CodeIgniter.php(355): CodeIgniter\CodeIgniter->handleRequest()
 5 SYSTEMPATH/Boot.php(325): CodeIgniter\CodeIgniter->run()
 6 SYSTEMPATH/Boot.php(67): CodeIgniter\Boot::runCodeIgniter()
 7 FCPATH/index.php(56): CodeIgniter\Boot::bootWeb()
ERROR - 2024-11-12 06:17:03 --> mysqli_sql_exception: Expression #4 of SELECT list is not in GROUP BY clause and contains nonaggregated column 'mysql.ratings.rating_value' which is not functionally dependent on columns in GROUP BY clause; this is incompatible with sql_mode=only_full_group_by in /var/www/html/food_searching_apis/system/Database/MySQLi/Connection.php:312
Stack trace:
#0 /var/www/html/food_searching_apis/system/Database/MySQLi/Connection.php(312): mysqli->query()
#1 /var/www/html/food_searching_apis/system/Database/BaseConnection.php(734): CodeIgniter\Database\MySQLi\Connection->execute()
#2 /var/www/html/food_searching_apis/system/Database/BaseConnection.php(648): CodeIgniter\Database\BaseConnection->simpleQuery()
#3 /var/www/html/food_searching_apis/system/Database/BaseBuilder.php(1728): CodeIgniter\Database\BaseConnection->query()
#4 /var/www/html/food_searching_apis/system/Model.php(678): CodeIgniter\Database\BaseBuilder->countAllResults()
#5 /var/www/html/food_searching_apis/system/BaseModel.php(1284): CodeIgniter\Model->countAllResults()
#6 /var/www/html/food_searching_apis/app/Models/FoodSearchModel.php(110): CodeIgniter\BaseModel->paginate()
#7 /var/www/html/food_searching_apis/app/Controllers/FoodSearchController.php(117): App\Models\FoodSearchModel->paginateProducts()
#8 /var/www/html/food_searching_apis/system/CodeIgniter.php(933): App\Controllers\FoodSearchController->paginatedProducts()
#9 /var/www/html/food_searching_apis/system/CodeIgniter.php(509): CodeIgniter\CodeIgniter->runController()
#10 /var/www/html/food_searching_apis/system/CodeIgniter.php(355): CodeIgniter\CodeIgniter->handleRequest()
#11 /var/www/html/food_searching_apis/system/Boot.php(325): CodeIgniter\CodeIgniter->run()
#12 /var/www/html/food_searching_apis/system/Boot.php(67): CodeIgniter\Boot::runCodeIgniter()
#13 /var/www/html/food_searching_apis/public/index.php(56): CodeIgniter\Boot::bootWeb()
#14 {main}
CRITICAL - 2024-11-12 06:17:03 --> CodeIgniter\Database\Exceptions\DatabaseException: Expression #4 of SELECT list is not in GROUP BY clause and contains nonaggregated column 'mysql.ratings.rating_value' which is not functionally dependent on columns in GROUP BY clause; this is incompatible with sql_mode=only_full_group_by
[Method: GET, Route: food/page]
in SYSTEMPATH/Database/BaseConnection.php on line 688.
 1 SYSTEMPATH/Database/BaseBuilder.php(1728): CodeIgniter\Database\BaseConnection->query()
 2 SYSTEMPATH/Model.php(678): CodeIgniter\Database\BaseBuilder->countAllResults()
 3 SYSTEMPATH/BaseModel.php(1284): CodeIgniter\Model->countAllResults()
 4 APPPATH/Models/FoodSearchModel.php(110): CodeIgniter\BaseModel->paginate()
 5 APPPATH/Controllers/FoodSearchController.php(117): App\Models\FoodSearchModel->paginateProducts()
 6 SYSTEMPATH/CodeIgniter.php(933): App\Controllers\FoodSearchController->paginatedProducts()
 7 SYSTEMPATH/CodeIgniter.php(509): CodeIgniter\CodeIgniter->runController()
 8 SYSTEMPATH/CodeIgniter.php(355): CodeIgniter\CodeIgniter->handleRequest()
 9 SYSTEMPATH/Boot.php(325): CodeIgniter\CodeIgniter->run()
10 SYSTEMPATH/Boot.php(67): CodeIgniter\Boot::runCodeIgniter()
11 FCPATH/index.php(56): CodeIgniter\Boot::bootWeb()
CRITICAL - 2024-11-12 06:17:03 --> [Caused by] CodeIgniter\Database\Exceptions\DatabaseException: Expression #4 of SELECT list is not in GROUP BY clause and contains nonaggregated column 'mysql.ratings.rating_value' which is not functionally dependent on columns in GROUP BY clause; this is incompatible with sql_mode=only_full_group_by
in SYSTEMPATH/Database/MySQLi/Connection.php on line 317.
 1 SYSTEMPATH/Database/BaseConnection.php(734): CodeIgniter\Database\MySQLi\Connection->execute()
 2 SYSTEMPATH/Database/BaseConnection.php(648): CodeIgniter\Database\BaseConnection->simpleQuery()
 3 SYSTEMPATH/Database/BaseBuilder.php(1728): CodeIgniter\Database\BaseConnection->query()
 4 SYSTEMPATH/Model.php(678): CodeIgniter\Database\BaseBuilder->countAllResults()
 5 SYSTEMPATH/BaseModel.php(1284): CodeIgniter\Model->countAllResults()
 6 APPPATH/Models/FoodSearchModel.php(110): CodeIgniter\BaseModel->paginate()
 7 APPPATH/Controllers/FoodSearchController.php(117): App\Models\FoodSearchModel->paginateProducts()
 8 SYSTEMPATH/CodeIgniter.php(933): App\Controllers\FoodSearchController->paginatedProducts()
 9 SYSTEMPATH/CodeIgniter.php(509): CodeIgniter\CodeIgniter->runController()
10 SYSTEMPATH/CodeIgniter.php(355): CodeIgniter\CodeIgniter->handleRequest()
11 SYSTEMPATH/Boot.php(325): CodeIgniter\CodeIgniter->run()
12 SYSTEMPATH/Boot.php(67): CodeIgniter\Boot::runCodeIgniter()
13 FCPATH/index.php(56): CodeIgniter\Boot::bootWeb()
CRITICAL - 2024-11-12 06:17:03 --> [Caused by] mysqli_sql_exception: Expression #4 of SELECT list is not in GROUP BY clause and contains nonaggregated column 'mysql.ratings.rating_value' which is not functionally dependent on columns in GROUP BY clause; this is incompatible with sql_mode=only_full_group_by
in SYSTEMPATH/Database/MySQLi/Connection.php on line 312.
 1 SYSTEMPATH/Database/MySQLi/Connection.php(312): mysqli->query()
 2 SYSTEMPATH/Database/BaseConnection.php(734): CodeIgniter\Database\MySQLi\Connection->execute()
 3 SYSTEMPATH/Database/BaseConnection.php(648): CodeIgniter\Database\BaseConnection->simpleQuery()
 4 SYSTEMPATH/Database/BaseBuilder.php(1728): CodeIgniter\Database\BaseConnection->query()
 5 SYSTEMPATH/Model.php(678): CodeIgniter\Database\BaseBuilder->countAllResults()
 6 SYSTEMPATH/BaseModel.php(1284): CodeIgniter\Model->countAllResults()
 7 APPPATH/Models/FoodSearchModel.php(110): CodeIgniter\BaseModel->paginate()
 8 APPPATH/Controllers/FoodSearchController.php(117): App\Models\FoodSearchModel->paginateProducts()
 9 SYSTEMPATH/CodeIgniter.php(933): App\Controllers\FoodSearchController->paginatedProducts()
10 SYSTEMPATH/CodeIgniter.php(509): CodeIgniter\CodeIgniter->runController()
11 SYSTEMPATH/CodeIgniter.php(355): CodeIgniter\CodeIgniter->handleRequest()
12 SYSTEMPATH/Boot.php(325): CodeIgniter\CodeIgniter->run()
13 SYSTEMPATH/Boot.php(67): CodeIgniter\Boot::runCodeIgniter()
14 FCPATH/index.php(56): CodeIgniter\Boot::bootWeb()
ERROR - 2024-11-12 06:17:25 --> mysqli_sql_exception: In aggregated query without GROUP BY, expression #1 of SELECT list contains nonaggregated column 'mysql.products.product_name'; this is incompatible with sql_mode=only_full_group_by in /var/www/html/food_searching_apis/system/Database/MySQLi/Connection.php:312
Stack trace:
#0 /var/www/html/food_searching_apis/system/Database/MySQLi/Connection.php(312): mysqli->query()
#1 /var/www/html/food_searching_apis/system/Database/BaseConnection.php(734): CodeIgniter\Database\MySQLi\Connection->execute()
#2 /var/www/html/food_searching_apis/system/Database/BaseConnection.php(648): CodeIgniter\Database\BaseConnection->simpleQuery()
#3 /var/www/html/food_searching_apis/system/Database/BaseBuilder.php(1644): CodeIgniter\Database\BaseConnection->query()
#4 /var/www/html/food_searching_apis/system/Model.php(286): CodeIgniter\Database\BaseBuilder->get()
#5 /var/www/html/food_searching_apis/system/BaseModel.php(676): CodeIgniter\Model->doFindAll()
#6 /var/www/html/food_searching_apis/system/BaseModel.php(1288): CodeIgniter\BaseModel->findAll()
#7 /var/www/html/food_searching_apis/app/Models/FoodSearchModel.php(110): CodeIgniter\BaseModel->paginate()
#8 /var/www/html/food_searching_apis/app/Controllers/FoodSearchController.php(117): App\Models\FoodSearchModel->paginateProducts()
#9 /var/www/html/food_searching_apis/system/CodeIgniter.php(933): App\Controllers\FoodSearchController->paginatedProducts()
#10 /var/www/html/food_searching_apis/system/CodeIgniter.php(509): CodeIgniter\CodeIgniter->runController()
#11 /var/www/html/food_searching_apis/system/CodeIgniter.php(355): CodeIgniter\CodeIgniter->handleRequest()
#12 /var/www/html/food_searching_apis/system/Boot.php(325): CodeIgniter\CodeIgniter->run()
#13 /var/www/html/food_searching_apis/system/Boot.php(67): CodeIgniter\Boot::runCodeIgniter()
#14 /var/www/html/food_searching_apis/public/index.php(56): CodeIgniter\Boot::bootWeb()
#15 {main}
CRITICAL - 2024-11-12 06:17:25 --> CodeIgniter\Database\Exceptions\DatabaseException: In aggregated query without GROUP BY, expression #1 of SELECT list contains nonaggregated column 'mysql.products.product_name'; this is incompatible with sql_mode=only_full_group_by
[Method: GET, Route: food/page]
in SYSTEMPATH/Database/BaseConnection.php on line 688.
 1 SYSTEMPATH/Database/BaseBuilder.php(1644): CodeIgniter\Database\BaseConnection->query()
 2 SYSTEMPATH/Model.php(286): CodeIgniter\Database\BaseBuilder->get()
 3 SYSTEMPATH/BaseModel.php(676): CodeIgniter\Model->doFindAll()
 4 SYSTEMPATH/BaseModel.php(1288): CodeIgniter\BaseModel->findAll()
 5 APPPATH/Models/FoodSearchModel.php(110): CodeIgniter\BaseModel->paginate()
 6 APPPATH/Controllers/FoodSearchController.php(117): App\Models\FoodSearchModel->paginateProducts()
 7 SYSTEMPATH/CodeIgniter.php(933): App\Controllers\FoodSearchController->paginatedProducts()
 8 SYSTEMPATH/CodeIgniter.php(509): CodeIgniter\CodeIgniter->runController()
 9 SYSTEMPATH/CodeIgniter.php(355): CodeIgniter\CodeIgniter->handleRequest()
10 SYSTEMPATH/Boot.php(325): CodeIgniter\CodeIgniter->run()
11 SYSTEMPATH/Boot.php(67): CodeIgniter\Boot::runCodeIgniter()
12 FCPATH/index.php(56): CodeIgniter\Boot::bootWeb()
CRITICAL - 2024-11-12 06:17:25 --> [Caused by] CodeIgniter\Database\Exceptions\DatabaseException: In aggregated query without GROUP BY, expression #1 of SELECT list contains nonaggregated column 'mysql.products.product_name'; this is incompatible with sql_mode=only_full_group_by
in SYSTEMPATH/Database/MySQLi/Connection.php on line 317.
 1 SYSTEMPATH/Database/BaseConnection.php(734): CodeIgniter\Database\MySQLi\Connection->execute()
 2 SYSTEMPATH/Database/BaseConnection.php(648): CodeIgniter\Database\BaseConnection->simpleQuery()
 3 SYSTEMPATH/Database/BaseBuilder.php(1644): CodeIgniter\Database\BaseConnection->query()
 4 SYSTEMPATH/Model.php(286): CodeIgniter\Database\BaseBuilder->get()
 5 SYSTEMPATH/BaseModel.php(676): CodeIgniter\Model->doFindAll()
 6 SYSTEMPATH/BaseModel.php(1288): CodeIgniter\BaseModel->findAll()
 7 APPPATH/Models/FoodSearchModel.php(110): CodeIgniter\BaseModel->paginate()
 8 APPPATH/Controllers/FoodSearchController.php(117): App\Models\FoodSearchModel->paginateProducts()
 9 SYSTEMPATH/CodeIgniter.php(933): App\Controllers\FoodSearchController->paginatedProducts()
10 SYSTEMPATH/CodeIgniter.php(509): CodeIgniter\CodeIgniter->runController()
11 SYSTEMPATH/CodeIgniter.php(355): CodeIgniter\CodeIgniter->handleRequest()
12 SYSTEMPATH/Boot.php(325): CodeIgniter\CodeIgniter->run()
13 SYSTEMPATH/Boot.php(67): CodeIgniter\Boot::runCodeIgniter()
14 FCPATH/index.php(56): CodeIgniter\Boot::bootWeb()
CRITICAL - 2024-11-12 06:17:25 --> [Caused by] mysqli_sql_exception: In aggregated query without GROUP BY, expression #1 of SELECT list contains nonaggregated column 'mysql.products.product_name'; this is incompatible with sql_mode=only_full_group_by
in SYSTEMPATH/Database/MySQLi/Connection.php on line 312.
 1 SYSTEMPATH/Database/MySQLi/Connection.php(312): mysqli->query()
 2 SYSTEMPATH/Database/BaseConnection.php(734): CodeIgniter\Database\MySQLi\Connection->execute()
 3 SYSTEMPATH/Database/BaseConnection.php(648): CodeIgniter\Database\BaseConnection->simpleQuery()
 4 SYSTEMPATH/Database/BaseBuilder.php(1644): CodeIgniter\Database\BaseConnection->query()
 5 SYSTEMPATH/Model.php(286): CodeIgniter\Database\BaseBuilder->get()
 6 SYSTEMPATH/BaseModel.php(676): CodeIgniter\Model->doFindAll()
 7 SYSTEMPATH/BaseModel.php(1288): CodeIgniter\BaseModel->findAll()
 8 APPPATH/Models/FoodSearchModel.php(110): CodeIgniter\BaseModel->paginate()
 9 APPPATH/Controllers/FoodSearchController.php(117): App\Models\FoodSearchModel->paginateProducts()
10 SYSTEMPATH/CodeIgniter.php(933): App\Controllers\FoodSearchController->paginatedProducts()
11 SYSTEMPATH/CodeIgniter.php(509): CodeIgniter\CodeIgniter->runController()
12 SYSTEMPATH/CodeIgniter.php(355): CodeIgniter\CodeIgniter->handleRequest()
13 SYSTEMPATH/Boot.php(325): CodeIgniter\CodeIgniter->run()
14 SYSTEMPATH/Boot.php(67): CodeIgniter\Boot::runCodeIgniter()
15 FCPATH/index.php(56): CodeIgniter\Boot::bootWeb()
ERROR - 2024-11-12 06:17:43 --> mysqli_sql_exception: In aggregated query without GROUP BY, expression #1 of SELECT list contains nonaggregated column 'mysql.products.product_name'; this is incompatible with sql_mode=only_full_group_by in /var/www/html/food_searching_apis/system/Database/MySQLi/Connection.php:312
Stack trace:
#0 /var/www/html/food_searching_apis/system/Database/MySQLi/Connection.php(312): mysqli->query()
#1 /var/www/html/food_searching_apis/system/Database/BaseConnection.php(734): CodeIgniter\Database\MySQLi\Connection->execute()
#2 /var/www/html/food_searching_apis/system/Database/BaseConnection.php(648): CodeIgniter\Database\BaseConnection->simpleQuery()
#3 /var/www/html/food_searching_apis/system/Database/BaseBuilder.php(1644): CodeIgniter\Database\BaseConnection->query()
#4 /var/www/html/food_searching_apis/system/Model.php(286): CodeIgniter\Database\BaseBuilder->get()
#5 /var/www/html/food_searching_apis/system/BaseModel.php(676): CodeIgniter\Model->doFindAll()
#6 /var/www/html/food_searching_apis/system/BaseModel.php(1288): CodeIgniter\BaseModel->findAll()
#7 /var/www/html/food_searching_apis/app/Models/FoodSearchModel.php(110): CodeIgniter\BaseModel->paginate()
#8 /var/www/html/food_searching_apis/app/Controllers/FoodSearchController.php(117): App\Models\FoodSearchModel->paginateProducts()
#9 /var/www/html/food_searching_apis/system/CodeIgniter.php(933): App\Controllers\FoodSearchController->paginatedProducts()
#10 /var/www/html/food_searching_apis/system/CodeIgniter.php(509): CodeIgniter\CodeIgniter->runController()
#11 /var/www/html/food_searching_apis/system/CodeIgniter.php(355): CodeIgniter\CodeIgniter->handleRequest()
#12 /var/www/html/food_searching_apis/system/Boot.php(325): CodeIgniter\CodeIgniter->run()
#13 /var/www/html/food_searching_apis/system/Boot.php(67): CodeIgniter\Boot::runCodeIgniter()
#14 /var/www/html/food_searching_apis/public/index.php(56): CodeIgniter\Boot::bootWeb()
#15 {main}
CRITICAL - 2024-11-12 06:17:43 --> CodeIgniter\Database\Exceptions\DatabaseException: In aggregated query without GROUP BY, expression #1 of SELECT list contains nonaggregated column 'mysql.products.product_name'; this is incompatible with sql_mode=only_full_group_by
[Method: GET, Route: food/page]
in SYSTEMPATH/Database/BaseConnection.php on line 688.
 1 SYSTEMPATH/Database/BaseBuilder.php(1644): CodeIgniter\Database\BaseConnection->query()
 2 SYSTEMPATH/Model.php(286): CodeIgniter\Database\BaseBuilder->get()
 3 SYSTEMPATH/BaseModel.php(676): CodeIgniter\Model->doFindAll()
 4 SYSTEMPATH/BaseModel.php(1288): CodeIgniter\BaseModel->findAll()
 5 APPPATH/Models/FoodSearchModel.php(110): CodeIgniter\BaseModel->paginate()
 6 APPPATH/Controllers/FoodSearchController.php(117): App\Models\FoodSearchModel->paginateProducts()
 7 SYSTEMPATH/CodeIgniter.php(933): App\Controllers\FoodSearchController->paginatedProducts()
 8 SYSTEMPATH/CodeIgniter.php(509): CodeIgniter\CodeIgniter->runController()
 9 SYSTEMPATH/CodeIgniter.php(355): CodeIgniter\CodeIgniter->handleRequest()
10 SYSTEMPATH/Boot.php(325): CodeIgniter\CodeIgniter->run()
11 SYSTEMPATH/Boot.php(67): CodeIgniter\Boot::runCodeIgniter()
12 FCPATH/index.php(56): CodeIgniter\Boot::bootWeb()
CRITICAL - 2024-11-12 06:17:43 --> [Caused by] CodeIgniter\Database\Exceptions\DatabaseException: In aggregated query without GROUP BY, expression #1 of SELECT list contains nonaggregated column 'mysql.products.product_name'; this is incompatible with sql_mode=only_full_group_by
in SYSTEMPATH/Database/MySQLi/Connection.php on line 317.
 1 SYSTEMPATH/Database/BaseConnection.php(734): CodeIgniter\Database\MySQLi\Connection->execute()
 2 SYSTEMPATH/Database/BaseConnection.php(648): CodeIgniter\Database\BaseConnection->simpleQuery()
 3 SYSTEMPATH/Database/BaseBuilder.php(1644): CodeIgniter\Database\BaseConnection->query()
 4 SYSTEMPATH/Model.php(286): CodeIgniter\Database\BaseBuilder->get()
 5 SYSTEMPATH/BaseModel.php(676): CodeIgniter\Model->doFindAll()
 6 SYSTEMPATH/BaseModel.php(1288): CodeIgniter\BaseModel->findAll()
 7 APPPATH/Models/FoodSearchModel.php(110): CodeIgniter\BaseModel->paginate()
 8 APPPATH/Controllers/FoodSearchController.php(117): App\Models\FoodSearchModel->paginateProducts()
 9 SYSTEMPATH/CodeIgniter.php(933): App\Controllers\FoodSearchController->paginatedProducts()
10 SYSTEMPATH/CodeIgniter.php(509): CodeIgniter\CodeIgniter->runController()
11 SYSTEMPATH/CodeIgniter.php(355): CodeIgniter\CodeIgniter->handleRequest()
12 SYSTEMPATH/Boot.php(325): CodeIgniter\CodeIgniter->run()
13 SYSTEMPATH/Boot.php(67): CodeIgniter\Boot::runCodeIgniter()
14 FCPATH/index.php(56): CodeIgniter\Boot::bootWeb()
CRITICAL - 2024-11-12 06:17:43 --> [Caused by] mysqli_sql_exception: In aggregated query without GROUP BY, expression #1 of SELECT list contains nonaggregated column 'mysql.products.product_name'; this is incompatible with sql_mode=only_full_group_by
in SYSTEMPATH/Database/MySQLi/Connection.php on line 312.
 1 SYSTEMPATH/Database/MySQLi/Connection.php(312): mysqli->query()
 2 SYSTEMPATH/Database/BaseConnection.php(734): CodeIgniter\Database\MySQLi\Connection->execute()
 3 SYSTEMPATH/Database/BaseConnection.php(648): CodeIgniter\Database\BaseConnection->simpleQuery()
 4 SYSTEMPATH/Database/BaseBuilder.php(1644): CodeIgniter\Database\BaseConnection->query()
 5 SYSTEMPATH/Model.php(286): CodeIgniter\Database\BaseBuilder->get()
 6 SYSTEMPATH/BaseModel.php(676): CodeIgniter\Model->doFindAll()
 7 SYSTEMPATH/BaseModel.php(1288): CodeIgniter\BaseModel->findAll()
 8 APPPATH/Models/FoodSearchModel.php(110): CodeIgniter\BaseModel->paginate()
 9 APPPATH/Controllers/FoodSearchController.php(117): App\Models\FoodSearchModel->paginateProducts()
10 SYSTEMPATH/CodeIgniter.php(933): App\Controllers\FoodSearchController->paginatedProducts()
11 SYSTEMPATH/CodeIgniter.php(509): CodeIgniter\CodeIgniter->runController()
12 SYSTEMPATH/CodeIgniter.php(355): CodeIgniter\CodeIgniter->handleRequest()
13 SYSTEMPATH/Boot.php(325): CodeIgniter\CodeIgniter->run()
14 SYSTEMPATH/Boot.php(67): CodeIgniter\Boot::runCodeIgniter()
15 FCPATH/index.php(56): CodeIgniter\Boot::bootWeb()
ERROR - 2024-11-12 06:17:43 --> mysqli_sql_exception: In aggregated query without GROUP BY, expression #1 of SELECT list contains nonaggregated column 'mysql.products.product_name'; this is incompatible with sql_mode=only_full_group_by in /var/www/html/food_searching_apis/system/Database/MySQLi/Connection.php:312
Stack trace:
#0 /var/www/html/food_searching_apis/system/Database/MySQLi/Connection.php(312): mysqli->query()
#1 /var/www/html/food_searching_apis/system/Database/BaseConnection.php(734): CodeIgniter\Database\MySQLi\Connection->execute()
#2 /var/www/html/food_searching_apis/system/Database/BaseConnection.php(648): CodeIgniter\Database\BaseConnection->simpleQuery()
#3 /var/www/html/food_searching_apis/system/Database/BaseBuilder.php(1644): CodeIgniter\Database\BaseConnection->query()
#4 /var/www/html/food_searching_apis/system/Model.php(286): CodeIgniter\Database\BaseBuilder->get()
#5 /var/www/html/food_searching_apis/system/BaseModel.php(676): CodeIgniter\Model->doFindAll()
#6 /var/www/html/food_searching_apis/system/BaseModel.php(1288): CodeIgniter\BaseModel->findAll()
#7 /var/www/html/food_searching_apis/app/Models/FoodSearchModel.php(110): CodeIgniter\BaseModel->paginate()
#8 /var/www/html/food_searching_apis/app/Controllers/FoodSearchController.php(117): App\Models\FoodSearchModel->paginateProducts()
#9 /var/www/html/food_searching_apis/system/CodeIgniter.php(933): App\Controllers\FoodSearchController->paginatedProducts()
#10 /var/www/html/food_searching_apis/system/CodeIgniter.php(509): CodeIgniter\CodeIgniter->runController()
#11 /var/www/html/food_searching_apis/system/CodeIgniter.php(355): CodeIgniter\CodeIgniter->handleRequest()
#12 /var/www/html/food_searching_apis/system/Boot.php(325): CodeIgniter\CodeIgniter->run()
#13 /var/www/html/food_searching_apis/system/Boot.php(67): CodeIgniter\Boot::runCodeIgniter()
#14 /var/www/html/food_searching_apis/public/index.php(56): CodeIgniter\Boot::bootWeb()
#15 {main}
CRITICAL - 2024-11-12 06:17:43 --> CodeIgniter\Database\Exceptions\DatabaseException: In aggregated query without GROUP BY, expression #1 of SELECT list contains nonaggregated column 'mysql.products.product_name'; this is incompatible with sql_mode=only_full_group_by
[Method: GET, Route: food/page]
in SYSTEMPATH/Database/BaseConnection.php on line 688.
 1 SYSTEMPATH/Database/BaseBuilder.php(1644): CodeIgniter\Database\BaseConnection->query()
 2 SYSTEMPATH/Model.php(286): CodeIgniter\Database\BaseBuilder->get()
 3 SYSTEMPATH/BaseModel.php(676): CodeIgniter\Model->doFindAll()
 4 SYSTEMPATH/BaseModel.php(1288): CodeIgniter\BaseModel->findAll()
 5 APPPATH/Models/FoodSearchModel.php(110): CodeIgniter\BaseModel->paginate()
 6 APPPATH/Controllers/FoodSearchController.php(117): App\Models\FoodSearchModel->paginateProducts()
 7 SYSTEMPATH/CodeIgniter.php(933): App\Controllers\FoodSearchController->paginatedProducts()
 8 SYSTEMPATH/CodeIgniter.php(509): CodeIgniter\CodeIgniter->runController()
 9 SYSTEMPATH/CodeIgniter.php(355): CodeIgniter\CodeIgniter->handleRequest()
10 SYSTEMPATH/Boot.php(325): CodeIgniter\CodeIgniter->run()
11 SYSTEMPATH/Boot.php(67): CodeIgniter\Boot::runCodeIgniter()
12 FCPATH/index.php(56): CodeIgniter\Boot::bootWeb()
CRITICAL - 2024-11-12 06:17:43 --> [Caused by] CodeIgniter\Database\Exceptions\DatabaseException: In aggregated query without GROUP BY, expression #1 of SELECT list contains nonaggregated column 'mysql.products.product_name'; this is incompatible with sql_mode=only_full_group_by
in SYSTEMPATH/Database/MySQLi/Connection.php on line 317.
 1 SYSTEMPATH/Database/BaseConnection.php(734): CodeIgniter\Database\MySQLi\Connection->execute()
 2 SYSTEMPATH/Database/BaseConnection.php(648): CodeIgniter\Database\BaseConnection->simpleQuery()
 3 SYSTEMPATH/Database/BaseBuilder.php(1644): CodeIgniter\Database\BaseConnection->query()
 4 SYSTEMPATH/Model.php(286): CodeIgniter\Database\BaseBuilder->get()
 5 SYSTEMPATH/BaseModel.php(676): CodeIgniter\Model->doFindAll()
 6 SYSTEMPATH/BaseModel.php(1288): CodeIgniter\BaseModel->findAll()
 7 APPPATH/Models/FoodSearchModel.php(110): CodeIgniter\BaseModel->paginate()
 8 APPPATH/Controllers/FoodSearchController.php(117): App\Models\FoodSearchModel->paginateProducts()
 9 SYSTEMPATH/CodeIgniter.php(933): App\Controllers\FoodSearchController->paginatedProducts()
10 SYSTEMPATH/CodeIgniter.php(509): CodeIgniter\CodeIgniter->runController()
11 SYSTEMPATH/CodeIgniter.php(355): CodeIgniter\CodeIgniter->handleRequest()
12 SYSTEMPATH/Boot.php(325): CodeIgniter\CodeIgniter->run()
13 SYSTEMPATH/Boot.php(67): CodeIgniter\Boot::runCodeIgniter()
14 FCPATH/index.php(56): CodeIgniter\Boot::bootWeb()
CRITICAL - 2024-11-12 06:17:43 --> [Caused by] mysqli_sql_exception: In aggregated query without GROUP BY, expression #1 of SELECT list contains nonaggregated column 'mysql.products.product_name'; this is incompatible with sql_mode=only_full_group_by
in SYSTEMPATH/Database/MySQLi/Connection.php on line 312.
 1 SYSTEMPATH/Database/MySQLi/Connection.php(312): mysqli->query()
 2 SYSTEMPATH/Database/BaseConnection.php(734): CodeIgniter\Database\MySQLi\Connection->execute()
 3 SYSTEMPATH/Database/BaseConnection.php(648): CodeIgniter\Database\BaseConnection->simpleQuery()
 4 SYSTEMPATH/Database/BaseBuilder.php(1644): CodeIgniter\Database\BaseConnection->query()
 5 SYSTEMPATH/Model.php(286): CodeIgniter\Database\BaseBuilder->get()
 6 SYSTEMPATH/BaseModel.php(676): CodeIgniter\Model->doFindAll()
 7 SYSTEMPATH/BaseModel.php(1288): CodeIgniter\BaseModel->findAll()
 8 APPPATH/Models/FoodSearchModel.php(110): CodeIgniter\BaseModel->paginate()
 9 APPPATH/Controllers/FoodSearchController.php(117): App\Models\FoodSearchModel->paginateProducts()
10 SYSTEMPATH/CodeIgniter.php(933): App\Controllers\FoodSearchController->paginatedProducts()
11 SYSTEMPATH/CodeIgniter.php(509): CodeIgniter\CodeIgniter->runController()
12 SYSTEMPATH/CodeIgniter.php(355): CodeIgniter\CodeIgniter->handleRequest()
13 SYSTEMPATH/Boot.php(325): CodeIgniter\CodeIgniter->run()
14 SYSTEMPATH/Boot.php(67): CodeIgniter\Boot::runCodeIgniter()
15 FCPATH/index.php(56): CodeIgniter\Boot::bootWeb()
ERROR - 2024-11-12 06:17:44 --> mysqli_sql_exception: In aggregated query without GROUP BY, expression #1 of SELECT list contains nonaggregated column 'mysql.products.product_name'; this is incompatible with sql_mode=only_full_group_by in /var/www/html/food_searching_apis/system/Database/MySQLi/Connection.php:312
Stack trace:
#0 /var/www/html/food_searching_apis/system/Database/MySQLi/Connection.php(312): mysqli->query()
#1 /var/www/html/food_searching_apis/system/Database/BaseConnection.php(734): CodeIgniter\Database\MySQLi\Connection->execute()
#2 /var/www/html/food_searching_apis/system/Database/BaseConnection.php(648): CodeIgniter\Database\BaseConnection->simpleQuery()
#3 /var/www/html/food_searching_apis/system/Database/BaseBuilder.php(1644): CodeIgniter\Database\BaseConnection->query()
#4 /var/www/html/food_searching_apis/system/Model.php(286): CodeIgniter\Database\BaseBuilder->get()
#5 /var/www/html/food_searching_apis/system/BaseModel.php(676): CodeIgniter\Model->doFindAll()
#6 /var/www/html/food_searching_apis/system/BaseModel.php(1288): CodeIgniter\BaseModel->findAll()
#7 /var/www/html/food_searching_apis/app/Models/FoodSearchModel.php(110): CodeIgniter\BaseModel->paginate()
#8 /var/www/html/food_searching_apis/app/Controllers/FoodSearchController.php(117): App\Models\FoodSearchModel->paginateProducts()
#9 /var/www/html/food_searching_apis/system/CodeIgniter.php(933): App\Controllers\FoodSearchController->paginatedProducts()
#10 /var/www/html/food_searching_apis/system/CodeIgniter.php(509): CodeIgniter\CodeIgniter->runController()
#11 /var/www/html/food_searching_apis/system/CodeIgniter.php(355): CodeIgniter\CodeIgniter->handleRequest()
#12 /var/www/html/food_searching_apis/system/Boot.php(325): CodeIgniter\CodeIgniter->run()
#13 /var/www/html/food_searching_apis/system/Boot.php(67): CodeIgniter\Boot::runCodeIgniter()
#14 /var/www/html/food_searching_apis/public/index.php(56): CodeIgniter\Boot::bootWeb()
#15 {main}
CRITICAL - 2024-11-12 06:17:44 --> CodeIgniter\Database\Exceptions\DatabaseException: In aggregated query without GROUP BY, expression #1 of SELECT list contains nonaggregated column 'mysql.products.product_name'; this is incompatible with sql_mode=only_full_group_by
[Method: GET, Route: food/page]
in SYSTEMPATH/Database/BaseConnection.php on line 688.
 1 SYSTEMPATH/Database/BaseBuilder.php(1644): CodeIgniter\Database\BaseConnection->query()
 2 SYSTEMPATH/Model.php(286): CodeIgniter\Database\BaseBuilder->get()
 3 SYSTEMPATH/BaseModel.php(676): CodeIgniter\Model->doFindAll()
 4 SYSTEMPATH/BaseModel.php(1288): CodeIgniter\BaseModel->findAll()
 5 APPPATH/Models/FoodSearchModel.php(110): CodeIgniter\BaseModel->paginate()
 6 APPPATH/Controllers/FoodSearchController.php(117): App\Models\FoodSearchModel->paginateProducts()
 7 SYSTEMPATH/CodeIgniter.php(933): App\Controllers\FoodSearchController->paginatedProducts()
 8 SYSTEMPATH/CodeIgniter.php(509): CodeIgniter\CodeIgniter->runController()
 9 SYSTEMPATH/CodeIgniter.php(355): CodeIgniter\CodeIgniter->handleRequest()
10 SYSTEMPATH/Boot.php(325): CodeIgniter\CodeIgniter->run()
11 SYSTEMPATH/Boot.php(67): CodeIgniter\Boot::runCodeIgniter()
12 FCPATH/index.php(56): CodeIgniter\Boot::bootWeb()
CRITICAL - 2024-11-12 06:17:44 --> [Caused by] CodeIgniter\Database\Exceptions\DatabaseException: In aggregated query without GROUP BY, expression #1 of SELECT list contains nonaggregated column 'mysql.products.product_name'; this is incompatible with sql_mode=only_full_group_by
in SYSTEMPATH/Database/MySQLi/Connection.php on line 317.
 1 SYSTEMPATH/Database/BaseConnection.php(734): CodeIgniter\Database\MySQLi\Connection->execute()
 2 SYSTEMPATH/Database/BaseConnection.php(648): CodeIgniter\Database\BaseConnection->simpleQuery()
 3 SYSTEMPATH/Database/BaseBuilder.php(1644): CodeIgniter\Database\BaseConnection->query()
 4 SYSTEMPATH/Model.php(286): CodeIgniter\Database\BaseBuilder->get()
 5 SYSTEMPATH/BaseModel.php(676): CodeIgniter\Model->doFindAll()
 6 SYSTEMPATH/BaseModel.php(1288): CodeIgniter\BaseModel->findAll()
 7 APPPATH/Models/FoodSearchModel.php(110): CodeIgniter\BaseModel->paginate()
 8 APPPATH/Controllers/FoodSearchController.php(117): App\Models\FoodSearchModel->paginateProducts()
 9 SYSTEMPATH/CodeIgniter.php(933): App\Controllers\FoodSearchController->paginatedProducts()
10 SYSTEMPATH/CodeIgniter.php(509): CodeIgniter\CodeIgniter->runController()
11 SYSTEMPATH/CodeIgniter.php(355): CodeIgniter\CodeIgniter->handleRequest()
12 SYSTEMPATH/Boot.php(325): CodeIgniter\CodeIgniter->run()
13 SYSTEMPATH/Boot.php(67): CodeIgniter\Boot::runCodeIgniter()
14 FCPATH/index.php(56): CodeIgniter\Boot::bootWeb()
CRITICAL - 2024-11-12 06:17:44 --> [Caused by] mysqli_sql_exception: In aggregated query without GROUP BY, expression #1 of SELECT list contains nonaggregated column 'mysql.products.product_name'; this is incompatible with sql_mode=only_full_group_by
in SYSTEMPATH/Database/MySQLi/Connection.php on line 312.
 1 SYSTEMPATH/Database/MySQLi/Connection.php(312): mysqli->query()
 2 SYSTEMPATH/Database/BaseConnection.php(734): CodeIgniter\Database\MySQLi\Connection->execute()
 3 SYSTEMPATH/Database/BaseConnection.php(648): CodeIgniter\Database\BaseConnection->simpleQuery()
 4 SYSTEMPATH/Database/BaseBuilder.php(1644): CodeIgniter\Database\BaseConnection->query()
 5 SYSTEMPATH/Model.php(286): CodeIgniter\Database\BaseBuilder->get()
 6 SYSTEMPATH/BaseModel.php(676): CodeIgniter\Model->doFindAll()
 7 SYSTEMPATH/BaseModel.php(1288): CodeIgniter\BaseModel->findAll()
 8 APPPATH/Models/FoodSearchModel.php(110): CodeIgniter\BaseModel->paginate()
 9 APPPATH/Controllers/FoodSearchController.php(117): App\Models\FoodSearchModel->paginateProducts()
10 SYSTEMPATH/CodeIgniter.php(933): App\Controllers\FoodSearchController->paginatedProducts()
11 SYSTEMPATH/CodeIgniter.php(509): CodeIgniter\CodeIgniter->runController()
12 SYSTEMPATH/CodeIgniter.php(355): CodeIgniter\CodeIgniter->handleRequest()
13 SYSTEMPATH/Boot.php(325): CodeIgniter\CodeIgniter->run()
14 SYSTEMPATH/Boot.php(67): CodeIgniter\Boot::runCodeIgniter()
15 FCPATH/index.php(56): CodeIgniter\Boot::bootWeb()
ERROR - 2024-11-12 06:17:44 --> mysqli_sql_exception: In aggregated query without GROUP BY, expression #1 of SELECT list contains nonaggregated column 'mysql.products.product_name'; this is incompatible with sql_mode=only_full_group_by in /var/www/html/food_searching_apis/system/Database/MySQLi/Connection.php:312
Stack trace:
#0 /var/www/html/food_searching_apis/system/Database/MySQLi/Connection.php(312): mysqli->query()
#1 /var/www/html/food_searching_apis/system/Database/BaseConnection.php(734): CodeIgniter\Database\MySQLi\Connection->execute()
#2 /var/www/html/food_searching_apis/system/Database/BaseConnection.php(648): CodeIgniter\Database\BaseConnection->simpleQuery()
#3 /var/www/html/food_searching_apis/system/Database/BaseBuilder.php(1644): CodeIgniter\Database\BaseConnection->query()
#4 /var/www/html/food_searching_apis/system/Model.php(286): CodeIgniter\Database\BaseBuilder->get()
#5 /var/www/html/food_searching_apis/system/BaseModel.php(676): CodeIgniter\Model->doFindAll()
#6 /var/www/html/food_searching_apis/system/BaseModel.php(1288): CodeIgniter\BaseModel->findAll()
#7 /var/www/html/food_searching_apis/app/Models/FoodSearchModel.php(110): CodeIgniter\BaseModel->paginate()
#8 /var/www/html/food_searching_apis/app/Controllers/FoodSearchController.php(117): App\Models\FoodSearchModel->paginateProducts()
#9 /var/www/html/food_searching_apis/system/CodeIgniter.php(933): App\Controllers\FoodSearchController->paginatedProducts()
#10 /var/www/html/food_searching_apis/system/CodeIgniter.php(509): CodeIgniter\CodeIgniter->runController()
#11 /var/www/html/food_searching_apis/system/CodeIgniter.php(355): CodeIgniter\CodeIgniter->handleRequest()
#12 /var/www/html/food_searching_apis/system/Boot.php(325): CodeIgniter\CodeIgniter->run()
#13 /var/www/html/food_searching_apis/system/Boot.php(67): CodeIgniter\Boot::runCodeIgniter()
#14 /var/www/html/food_searching_apis/public/index.php(56): CodeIgniter\Boot::bootWeb()
#15 {main}
CRITICAL - 2024-11-12 06:17:44 --> CodeIgniter\Database\Exceptions\DatabaseException: In aggregated query without GROUP BY, expression #1 of SELECT list contains nonaggregated column 'mysql.products.product_name'; this is incompatible with sql_mode=only_full_group_by
[Method: GET, Route: food/page]
in SYSTEMPATH/Database/BaseConnection.php on line 688.
 1 SYSTEMPATH/Database/BaseBuilder.php(1644): CodeIgniter\Database\BaseConnection->query()
 2 SYSTEMPATH/Model.php(286): CodeIgniter\Database\BaseBuilder->get()
 3 SYSTEMPATH/BaseModel.php(676): CodeIgniter\Model->doFindAll()
 4 SYSTEMPATH/BaseModel.php(1288): CodeIgniter\BaseModel->findAll()
 5 APPPATH/Models/FoodSearchModel.php(110): CodeIgniter\BaseModel->paginate()
 6 APPPATH/Controllers/FoodSearchController.php(117): App\Models\FoodSearchModel->paginateProducts()
 7 SYSTEMPATH/CodeIgniter.php(933): App\Controllers\FoodSearchController->paginatedProducts()
 8 SYSTEMPATH/CodeIgniter.php(509): CodeIgniter\CodeIgniter->runController()
 9 SYSTEMPATH/CodeIgniter.php(355): CodeIgniter\CodeIgniter->handleRequest()
10 SYSTEMPATH/Boot.php(325): CodeIgniter\CodeIgniter->run()
11 SYSTEMPATH/Boot.php(67): CodeIgniter\Boot::runCodeIgniter()
12 FCPATH/index.php(56): CodeIgniter\Boot::bootWeb()
CRITICAL - 2024-11-12 06:17:44 --> [Caused by] CodeIgniter\Database\Exceptions\DatabaseException: In aggregated query without GROUP BY, expression #1 of SELECT list contains nonaggregated column 'mysql.products.product_name'; this is incompatible with sql_mode=only_full_group_by
in SYSTEMPATH/Database/MySQLi/Connection.php on line 317.
 1 SYSTEMPATH/Database/BaseConnection.php(734): CodeIgniter\Database\MySQLi\Connection->execute()
 2 SYSTEMPATH/Database/BaseConnection.php(648): CodeIgniter\Database\BaseConnection->simpleQuery()
 3 SYSTEMPATH/Database/BaseBuilder.php(1644): CodeIgniter\Database\BaseConnection->query()
 4 SYSTEMPATH/Model.php(286): CodeIgniter\Database\BaseBuilder->get()
 5 SYSTEMPATH/BaseModel.php(676): CodeIgniter\Model->doFindAll()
 6 SYSTEMPATH/BaseModel.php(1288): CodeIgniter\BaseModel->findAll()
 7 APPPATH/Models/FoodSearchModel.php(110): CodeIgniter\BaseModel->paginate()
 8 APPPATH/Controllers/FoodSearchController.php(117): App\Models\FoodSearchModel->paginateProducts()
 9 SYSTEMPATH/CodeIgniter.php(933): App\Controllers\FoodSearchController->paginatedProducts()
10 SYSTEMPATH/CodeIgniter.php(509): CodeIgniter\CodeIgniter->runController()
11 SYSTEMPATH/CodeIgniter.php(355): CodeIgniter\CodeIgniter->handleRequest()
12 SYSTEMPATH/Boot.php(325): CodeIgniter\CodeIgniter->run()
13 SYSTEMPATH/Boot.php(67): CodeIgniter\Boot::runCodeIgniter()
14 FCPATH/index.php(56): CodeIgniter\Boot::bootWeb()
CRITICAL - 2024-11-12 06:17:44 --> [Caused by] mysqli_sql_exception: In aggregated query without GROUP BY, expression #1 of SELECT list contains nonaggregated column 'mysql.products.product_name'; this is incompatible with sql_mode=only_full_group_by
in SYSTEMPATH/Database/MySQLi/Connection.php on line 312.
 1 SYSTEMPATH/Database/MySQLi/Connection.php(312): mysqli->query()
 2 SYSTEMPATH/Database/BaseConnection.php(734): CodeIgniter\Database\MySQLi\Connection->execute()
 3 SYSTEMPATH/Database/BaseConnection.php(648): CodeIgniter\Database\BaseConnection->simpleQuery()
 4 SYSTEMPATH/Database/BaseBuilder.php(1644): CodeIgniter\Database\BaseConnection->query()
 5 SYSTEMPATH/Model.php(286): CodeIgniter\Database\BaseBuilder->get()
 6 SYSTEMPATH/BaseModel.php(676): CodeIgniter\Model->doFindAll()
 7 SYSTEMPATH/BaseModel.php(1288): CodeIgniter\BaseModel->findAll()
 8 APPPATH/Models/FoodSearchModel.php(110): CodeIgniter\BaseModel->paginate()
 9 APPPATH/Controllers/FoodSearchController.php(117): App\Models\FoodSearchModel->paginateProducts()
10 SYSTEMPATH/CodeIgniter.php(933): App\Controllers\FoodSearchController->paginatedProducts()
11 SYSTEMPATH/CodeIgniter.php(509): CodeIgniter\CodeIgniter->runController()
12 SYSTEMPATH/CodeIgniter.php(355): CodeIgniter\CodeIgniter->handleRequest()
13 SYSTEMPATH/Boot.php(325): CodeIgniter\CodeIgniter->run()
14 SYSTEMPATH/Boot.php(67): CodeIgniter\Boot::runCodeIgniter()
15 FCPATH/index.php(56): CodeIgniter\Boot::bootWeb()
ERROR - 2024-11-12 06:17:44 --> mysqli_sql_exception: In aggregated query without GROUP BY, expression #1 of SELECT list contains nonaggregated column 'mysql.products.product_name'; this is incompatible with sql_mode=only_full_group_by in /var/www/html/food_searching_apis/system/Database/MySQLi/Connection.php:312
Stack trace:
#0 /var/www/html/food_searching_apis/system/Database/MySQLi/Connection.php(312): mysqli->query()
#1 /var/www/html/food_searching_apis/system/Database/BaseConnection.php(734): CodeIgniter\Database\MySQLi\Connection->execute()
#2 /var/www/html/food_searching_apis/system/Database/BaseConnection.php(648): CodeIgniter\Database\BaseConnection->simpleQuery()
#3 /var/www/html/food_searching_apis/system/Database/BaseBuilder.php(1644): CodeIgniter\Database\BaseConnection->query()
#4 /var/www/html/food_searching_apis/system/Model.php(286): CodeIgniter\Database\BaseBuilder->get()
#5 /var/www/html/food_searching_apis/system/BaseModel.php(676): CodeIgniter\Model->doFindAll()
#6 /var/www/html/food_searching_apis/system/BaseModel.php(1288): CodeIgniter\BaseModel->findAll()
#7 /var/www/html/food_searching_apis/app/Models/FoodSearchModel.php(110): CodeIgniter\BaseModel->paginate()
#8 /var/www/html/food_searching_apis/app/Controllers/FoodSearchController.php(117): App\Models\FoodSearchModel->paginateProducts()
#9 /var/www/html/food_searching_apis/system/CodeIgniter.php(933): App\Controllers\FoodSearchController->paginatedProducts()
#10 /var/www/html/food_searching_apis/system/CodeIgniter.php(509): CodeIgniter\CodeIgniter->runController()
#11 /var/www/html/food_searching_apis/system/CodeIgniter.php(355): CodeIgniter\CodeIgniter->handleRequest()
#12 /var/www/html/food_searching_apis/system/Boot.php(325): CodeIgniter\CodeIgniter->run()
#13 /var/www/html/food_searching_apis/system/Boot.php(67): CodeIgniter\Boot::runCodeIgniter()
#14 /var/www/html/food_searching_apis/public/index.php(56): CodeIgniter\Boot::bootWeb()
#15 {main}
CRITICAL - 2024-11-12 06:17:44 --> CodeIgniter\Database\Exceptions\DatabaseException: In aggregated query without GROUP BY, expression #1 of SELECT list contains nonaggregated column 'mysql.products.product_name'; this is incompatible with sql_mode=only_full_group_by
[Method: GET, Route: food/page]
in SYSTEMPATH/Database/BaseConnection.php on line 688.
 1 SYSTEMPATH/Database/BaseBuilder.php(1644): CodeIgniter\Database\BaseConnection->query()
 2 SYSTEMPATH/Model.php(286): CodeIgniter\Database\BaseBuilder->get()
 3 SYSTEMPATH/BaseModel.php(676): CodeIgniter\Model->doFindAll()
 4 SYSTEMPATH/BaseModel.php(1288): CodeIgniter\BaseModel->findAll()
 5 APPPATH/Models/FoodSearchModel.php(110): CodeIgniter\BaseModel->paginate()
 6 APPPATH/Controllers/FoodSearchController.php(117): App\Models\FoodSearchModel->paginateProducts()
 7 SYSTEMPATH/CodeIgniter.php(933): App\Controllers\FoodSearchController->paginatedProducts()
 8 SYSTEMPATH/CodeIgniter.php(509): CodeIgniter\CodeIgniter->runController()
 9 SYSTEMPATH/CodeIgniter.php(355): CodeIgniter\CodeIgniter->handleRequest()
10 SYSTEMPATH/Boot.php(325): CodeIgniter\CodeIgniter->run()
11 SYSTEMPATH/Boot.php(67): CodeIgniter\Boot::runCodeIgniter()
12 FCPATH/index.php(56): CodeIgniter\Boot::bootWeb()
CRITICAL - 2024-11-12 06:17:44 --> [Caused by] CodeIgniter\Database\Exceptions\DatabaseException: In aggregated query without GROUP BY, expression #1 of SELECT list contains nonaggregated column 'mysql.products.product_name'; this is incompatible with sql_mode=only_full_group_by
in SYSTEMPATH/Database/MySQLi/Connection.php on line 317.
 1 SYSTEMPATH/Database/BaseConnection.php(734): CodeIgniter\Database\MySQLi\Connection->execute()
 2 SYSTEMPATH/Database/BaseConnection.php(648): CodeIgniter\Database\BaseConnection->simpleQuery()
 3 SYSTEMPATH/Database/BaseBuilder.php(1644): CodeIgniter\Database\BaseConnection->query()
 4 SYSTEMPATH/Model.php(286): CodeIgniter\Database\BaseBuilder->get()
 5 SYSTEMPATH/BaseModel.php(676): CodeIgniter\Model->doFindAll()
 6 SYSTEMPATH/BaseModel.php(1288): CodeIgniter\BaseModel->findAll()
 7 APPPATH/Models/FoodSearchModel.php(110): CodeIgniter\BaseModel->paginate()
 8 APPPATH/Controllers/FoodSearchController.php(117): App\Models\FoodSearchModel->paginateProducts()
 9 SYSTEMPATH/CodeIgniter.php(933): App\Controllers\FoodSearchController->paginatedProducts()
10 SYSTEMPATH/CodeIgniter.php(509): CodeIgniter\CodeIgniter->runController()
11 SYSTEMPATH/CodeIgniter.php(355): CodeIgniter\CodeIgniter->handleRequest()
12 SYSTEMPATH/Boot.php(325): CodeIgniter\CodeIgniter->run()
13 SYSTEMPATH/Boot.php(67): CodeIgniter\Boot::runCodeIgniter()
14 FCPATH/index.php(56): CodeIgniter\Boot::bootWeb()
CRITICAL - 2024-11-12 06:17:44 --> [Caused by] mysqli_sql_exception: In aggregated query without GROUP BY, expression #1 of SELECT list contains nonaggregated column 'mysql.products.product_name'; this is incompatible with sql_mode=only_full_group_by
in SYSTEMPATH/Database/MySQLi/Connection.php on line 312.
 1 SYSTEMPATH/Database/MySQLi/Connection.php(312): mysqli->query()
 2 SYSTEMPATH/Database/BaseConnection.php(734): CodeIgniter\Database\MySQLi\Connection->execute()
 3 SYSTEMPATH/Database/BaseConnection.php(648): CodeIgniter\Database\BaseConnection->simpleQuery()
 4 SYSTEMPATH/Database/BaseBuilder.php(1644): CodeIgniter\Database\BaseConnection->query()
 5 SYSTEMPATH/Model.php(286): CodeIgniter\Database\BaseBuilder->get()
 6 SYSTEMPATH/BaseModel.php(676): CodeIgniter\Model->doFindAll()
 7 SYSTEMPATH/BaseModel.php(1288): CodeIgniter\BaseModel->findAll()
 8 APPPATH/Models/FoodSearchModel.php(110): CodeIgniter\BaseModel->paginate()
 9 APPPATH/Controllers/FoodSearchController.php(117): App\Models\FoodSearchModel->paginateProducts()
10 SYSTEMPATH/CodeIgniter.php(933): App\Controllers\FoodSearchController->paginatedProducts()
11 SYSTEMPATH/CodeIgniter.php(509): CodeIgniter\CodeIgniter->runController()
12 SYSTEMPATH/CodeIgniter.php(355): CodeIgniter\CodeIgniter->handleRequest()
13 SYSTEMPATH/Boot.php(325): CodeIgniter\CodeIgniter->run()
14 SYSTEMPATH/Boot.php(67): CodeIgniter\Boot::runCodeIgniter()
15 FCPATH/index.php(56): CodeIgniter\Boot::bootWeb()
CRITICAL - 2024-11-12 07:28:58 --> BadMethodCallException: Call to undefined method App\Models\FoodSearchModel::getPaginatedProducts
[Method: GET, Route: food/page]
in SYSTEMPATH/Model.php on line 932.
 1 APPPATH/Controllers/FoodSearchController.php(148): CodeIgniter\Model->__call()
 2 SYSTEMPATH/CodeIgniter.php(933): App\Controllers\FoodSearchController->getPaginatedProducts()
 3 SYSTEMPATH/CodeIgniter.php(509): CodeIgniter\CodeIgniter->runController()
 4 SYSTEMPATH/CodeIgniter.php(355): CodeIgniter\CodeIgniter->handleRequest()
 5 SYSTEMPATH/Boot.php(325): CodeIgniter\CodeIgniter->run()
 6 SYSTEMPATH/Boot.php(67): CodeIgniter\Boot::runCodeIgniter()
 7 FCPATH/index.php(56): CodeIgniter\Boot::bootWeb()
ERROR - 2024-11-12 07:29:52 --> mysqli_sql_exception: Unknown column 'id' in 'order clause' in /var/www/html/food_searching_apis/system/Database/MySQLi/Connection.php:312
Stack trace:
#0 /var/www/html/food_searching_apis/system/Database/MySQLi/Connection.php(312): mysqli->query()
#1 /var/www/html/food_searching_apis/system/Database/BaseConnection.php(734): CodeIgniter\Database\MySQLi\Connection->execute()
#2 /var/www/html/food_searching_apis/system/Database/BaseConnection.php(648): CodeIgniter\Database\BaseConnection->simpleQuery()
#3 /var/www/html/food_searching_apis/system/Database/BaseBuilder.php(1644): CodeIgniter\Database\BaseConnection->query()
#4 /var/www/html/food_searching_apis/system/Model.php(286): CodeIgniter\Database\BaseBuilder->get()
#5 /var/www/html/food_searching_apis/system/BaseModel.php(676): CodeIgniter\Model->doFindAll()
#6 /var/www/html/food_searching_apis/app/Models/FoodSearchModel.php(116): CodeIgniter\BaseModel->findAll()
#7 /var/www/html/food_searching_apis/app/Controllers/FoodSearchController.php(148): App\Models\FoodSearchModel->getPaginatedProducts()
#8 /var/www/html/food_searching_apis/system/CodeIgniter.php(933): App\Controllers\FoodSearchController->getPaginatedProducts()
#9 /var/www/html/food_searching_apis/system/CodeIgniter.php(509): CodeIgniter\CodeIgniter->runController()
#10 /var/www/html/food_searching_apis/system/CodeIgniter.php(355): CodeIgniter\CodeIgniter->handleRequest()
#11 /var/www/html/food_searching_apis/system/Boot.php(325): CodeIgniter\CodeIgniter->run()
#12 /var/www/html/food_searching_apis/system/Boot.php(67): CodeIgniter\Boot::runCodeIgniter()
#13 /var/www/html/food_searching_apis/public/index.php(56): CodeIgniter\Boot::bootWeb()
#14 {main}
CRITICAL - 2024-11-12 07:29:52 --> CodeIgniter\Database\Exceptions\DatabaseException: Unknown column 'id' in 'order clause'
[Method: GET, Route: food/page]
in SYSTEMPATH/Database/BaseConnection.php on line 688.
 1 SYSTEMPATH/Database/BaseBuilder.php(1644): CodeIgniter\Database\BaseConnection->query()
 2 SYSTEMPATH/Model.php(286): CodeIgniter\Database\BaseBuilder->get()
 3 SYSTEMPATH/BaseModel.php(676): CodeIgniter\Model->doFindAll()
 4 APPPATH/Models/FoodSearchModel.php(116): CodeIgniter\BaseModel->findAll()
 5 APPPATH/Controllers/FoodSearchController.php(148): App\Models\FoodSearchModel->getPaginatedProducts()
 6 SYSTEMPATH/CodeIgniter.php(933): App\Controllers\FoodSearchController->getPaginatedProducts()
 7 SYSTEMPATH/CodeIgniter.php(509): CodeIgniter\CodeIgniter->runController()
 8 SYSTEMPATH/CodeIgniter.php(355): CodeIgniter\CodeIgniter->handleRequest()
 9 SYSTEMPATH/Boot.php(325): CodeIgniter\CodeIgniter->run()
10 SYSTEMPATH/Boot.php(67): CodeIgniter\Boot::runCodeIgniter()
11 FCPATH/index.php(56): CodeIgniter\Boot::bootWeb()
CRITICAL - 2024-11-12 07:29:52 --> [Caused by] CodeIgniter\Database\Exceptions\DatabaseException: Unknown column 'id' in 'order clause'
in SYSTEMPATH/Database/MySQLi/Connection.php on line 317.
 1 SYSTEMPATH/Database/BaseConnection.php(734): CodeIgniter\Database\MySQLi\Connection->execute()
 2 SYSTEMPATH/Database/BaseConnection.php(648): CodeIgniter\Database\BaseConnection->simpleQuery()
 3 SYSTEMPATH/Database/BaseBuilder.php(1644): CodeIgniter\Database\BaseConnection->query()
 4 SYSTEMPATH/Model.php(286): CodeIgniter\Database\BaseBuilder->get()
 5 SYSTEMPATH/BaseModel.php(676): CodeIgniter\Model->doFindAll()
 6 APPPATH/Models/FoodSearchModel.php(116): CodeIgniter\BaseModel->findAll()
 7 APPPATH/Controllers/FoodSearchController.php(148): App\Models\FoodSearchModel->getPaginatedProducts()
 8 SYSTEMPATH/CodeIgniter.php(933): App\Controllers\FoodSearchController->getPaginatedProducts()
 9 SYSTEMPATH/CodeIgniter.php(509): CodeIgniter\CodeIgniter->runController()
10 SYSTEMPATH/CodeIgniter.php(355): CodeIgniter\CodeIgniter->handleRequest()
11 SYSTEMPATH/Boot.php(325): CodeIgniter\CodeIgniter->run()
12 SYSTEMPATH/Boot.php(67): CodeIgniter\Boot::runCodeIgniter()
13 FCPATH/index.php(56): CodeIgniter\Boot::bootWeb()
CRITICAL - 2024-11-12 07:29:52 --> [Caused by] mysqli_sql_exception: Unknown column 'id' in 'order clause'
in SYSTEMPATH/Database/MySQLi/Connection.php on line 312.
 1 SYSTEMPATH/Database/MySQLi/Connection.php(312): mysqli->query()
 2 SYSTEMPATH/Database/BaseConnection.php(734): CodeIgniter\Database\MySQLi\Connection->execute()
 3 SYSTEMPATH/Database/BaseConnection.php(648): CodeIgniter\Database\BaseConnection->simpleQuery()
 4 SYSTEMPATH/Database/BaseBuilder.php(1644): CodeIgniter\Database\BaseConnection->query()
 5 SYSTEMPATH/Model.php(286): CodeIgniter\Database\BaseBuilder->get()
 6 SYSTEMPATH/BaseModel.php(676): CodeIgniter\Model->doFindAll()
 7 APPPATH/Models/FoodSearchModel.php(116): CodeIgniter\BaseModel->findAll()
 8 APPPATH/Controllers/FoodSearchController.php(148): App\Models\FoodSearchModel->getPaginatedProducts()
 9 SYSTEMPATH/CodeIgniter.php(933): App\Controllers\FoodSearchController->getPaginatedProducts()
10 SYSTEMPATH/CodeIgniter.php(509): CodeIgniter\CodeIgniter->runController()
11 SYSTEMPATH/CodeIgniter.php(355): CodeIgniter\CodeIgniter->handleRequest()
12 SYSTEMPATH/Boot.php(325): CodeIgniter\CodeIgniter->run()
13 SYSTEMPATH/Boot.php(67): CodeIgniter\Boot::runCodeIgniter()
14 FCPATH/index.php(56): CodeIgniter\Boot::bootWeb()
CRITICAL - 2024-11-12 07:30:15 --> BadMethodCallException: Call to undefined method App\Models\FoodSearchModel::getPaginatedProducts
[Method: GET, Route: food/page]
in SYSTEMPATH/Model.php on line 932.
 1 APPPATH/Controllers/FoodSearchController.php(148): CodeIgniter\Model->__call()
 2 SYSTEMPATH/CodeIgniter.php(933): App\Controllers\FoodSearchController->getPaginatedProducts()
 3 SYSTEMPATH/CodeIgniter.php(509): CodeIgniter\CodeIgniter->runController()
 4 SYSTEMPATH/CodeIgniter.php(355): CodeIgniter\CodeIgniter->handleRequest()
 5 SYSTEMPATH/Boot.php(325): CodeIgniter\CodeIgniter->run()
 6 SYSTEMPATH/Boot.php(67): CodeIgniter\Boot::runCodeIgniter()
 7 FCPATH/index.php(56): CodeIgniter\Boot::bootWeb()
ERROR - 2024-11-12 07:32:13 --> mysqli_sql_exception: Unknown column 'id' in 'order clause' in /var/www/html/food_searching_apis/system/Database/MySQLi/Connection.php:312
Stack trace:
#0 /var/www/html/food_searching_apis/system/Database/MySQLi/Connection.php(312): mysqli->query()
#1 /var/www/html/food_searching_apis/system/Database/BaseConnection.php(734): CodeIgniter\Database\MySQLi\Connection->execute()
#2 /var/www/html/food_searching_apis/system/Database/BaseConnection.php(648): CodeIgniter\Database\BaseConnection->simpleQuery()
#3 /var/www/html/food_searching_apis/system/Database/BaseBuilder.php(1644): CodeIgniter\Database\BaseConnection->query()
#4 /var/www/html/food_searching_apis/system/Model.php(286): CodeIgniter\Database\BaseBuilder->get()
#5 /var/www/html/food_searching_apis/system/BaseModel.php(676): CodeIgniter\Model->doFindAll()
#6 /var/www/html/food_searching_apis/app/Models/FoodSearchModel.php(121): CodeIgniter\BaseModel->findAll()
#7 /var/www/html/food_searching_apis/app/Controllers/FoodSearchController.php(148): App\Models\FoodSearchModel->getPaginatedProducts()
#8 /var/www/html/food_searching_apis/system/CodeIgniter.php(933): App\Controllers\FoodSearchController->getPaginatedProducts()
#9 /var/www/html/food_searching_apis/system/CodeIgniter.php(509): CodeIgniter\CodeIgniter->runController()
#10 /var/www/html/food_searching_apis/system/CodeIgniter.php(355): CodeIgniter\CodeIgniter->handleRequest()
#11 /var/www/html/food_searching_apis/system/Boot.php(325): CodeIgniter\CodeIgniter->run()
#12 /var/www/html/food_searching_apis/system/Boot.php(67): CodeIgniter\Boot::runCodeIgniter()
#13 /var/www/html/food_searching_apis/public/index.php(56): CodeIgniter\Boot::bootWeb()
#14 {main}
CRITICAL - 2024-11-12 07:32:13 --> CodeIgniter\Database\Exceptions\DatabaseException: Unknown column 'id' in 'order clause'
[Method: GET, Route: food/page]
in SYSTEMPATH/Database/BaseConnection.php on line 688.
 1 SYSTEMPATH/Database/BaseBuilder.php(1644): CodeIgniter\Database\BaseConnection->query()
 2 SYSTEMPATH/Model.php(286): CodeIgniter\Database\BaseBuilder->get()
 3 SYSTEMPATH/BaseModel.php(676): CodeIgniter\Model->doFindAll()
 4 APPPATH/Models/FoodSearchModel.php(121): CodeIgniter\BaseModel->findAll()
 5 APPPATH/Controllers/FoodSearchController.php(148): App\Models\FoodSearchModel->getPaginatedProducts()
 6 SYSTEMPATH/CodeIgniter.php(933): App\Controllers\FoodSearchController->getPaginatedProducts()
 7 SYSTEMPATH/CodeIgniter.php(509): CodeIgniter\CodeIgniter->runController()
 8 SYSTEMPATH/CodeIgniter.php(355): CodeIgniter\CodeIgniter->handleRequest()
 9 SYSTEMPATH/Boot.php(325): CodeIgniter\CodeIgniter->run()
10 SYSTEMPATH/Boot.php(67): CodeIgniter\Boot::runCodeIgniter()
11 FCPATH/index.php(56): CodeIgniter\Boot::bootWeb()
CRITICAL - 2024-11-12 07:32:13 --> [Caused by] CodeIgniter\Database\Exceptions\DatabaseException: Unknown column 'id' in 'order clause'
in SYSTEMPATH/Database/MySQLi/Connection.php on line 317.
 1 SYSTEMPATH/Database/BaseConnection.php(734): CodeIgniter\Database\MySQLi\Connection->execute()
 2 SYSTEMPATH/Database/BaseConnection.php(648): CodeIgniter\Database\BaseConnection->simpleQuery()
 3 SYSTEMPATH/Database/BaseBuilder.php(1644): CodeIgniter\Database\BaseConnection->query()
 4 SYSTEMPATH/Model.php(286): CodeIgniter\Database\BaseBuilder->get()
 5 SYSTEMPATH/BaseModel.php(676): CodeIgniter\Model->doFindAll()
 6 APPPATH/Models/FoodSearchModel.php(121): CodeIgniter\BaseModel->findAll()
 7 APPPATH/Controllers/FoodSearchController.php(148): App\Models\FoodSearchModel->getPaginatedProducts()
 8 SYSTEMPATH/CodeIgniter.php(933): App\Controllers\FoodSearchController->getPaginatedProducts()
 9 SYSTEMPATH/CodeIgniter.php(509): CodeIgniter\CodeIgniter->runController()
10 SYSTEMPATH/CodeIgniter.php(355): CodeIgniter\CodeIgniter->handleRequest()
11 SYSTEMPATH/Boot.php(325): CodeIgniter\CodeIgniter->run()
12 SYSTEMPATH/Boot.php(67): CodeIgniter\Boot::runCodeIgniter()
13 FCPATH/index.php(56): CodeIgniter\Boot::bootWeb()
CRITICAL - 2024-11-12 07:32:13 --> [Caused by] mysqli_sql_exception: Unknown column 'id' in 'order clause'
in SYSTEMPATH/Database/MySQLi/Connection.php on line 312.
 1 SYSTEMPATH/Database/MySQLi/Connection.php(312): mysqli->query()
 2 SYSTEMPATH/Database/BaseConnection.php(734): CodeIgniter\Database\MySQLi\Connection->execute()
 3 SYSTEMPATH/Database/BaseConnection.php(648): CodeIgniter\Database\BaseConnection->simpleQuery()
 4 SYSTEMPATH/Database/BaseBuilder.php(1644): CodeIgniter\Database\BaseConnection->query()
 5 SYSTEMPATH/Model.php(286): CodeIgniter\Database\BaseBuilder->get()
 6 SYSTEMPATH/BaseModel.php(676): CodeIgniter\Model->doFindAll()
 7 APPPATH/Models/FoodSearchModel.php(121): CodeIgniter\BaseModel->findAll()
 8 APPPATH/Controllers/FoodSearchController.php(148): App\Models\FoodSearchModel->getPaginatedProducts()
 9 SYSTEMPATH/CodeIgniter.php(933): App\Controllers\FoodSearchController->getPaginatedProducts()
10 SYSTEMPATH/CodeIgniter.php(509): CodeIgniter\CodeIgniter->runController()
11 SYSTEMPATH/CodeIgniter.php(355): CodeIgniter\CodeIgniter->handleRequest()
12 SYSTEMPATH/Boot.php(325): CodeIgniter\CodeIgniter->run()
13 SYSTEMPATH/Boot.php(67): CodeIgniter\Boot::runCodeIgniter()
14 FCPATH/index.php(56): CodeIgniter\Boot::bootWeb()
ERROR - 2024-11-12 07:33:03 --> mysqli_sql_exception: Unknown column 'id' in 'order clause' in /var/www/html/food_searching_apis/system/Database/MySQLi/Connection.php:312
Stack trace:
#0 /var/www/html/food_searching_apis/system/Database/MySQLi/Connection.php(312): mysqli->query()
#1 /var/www/html/food_searching_apis/system/Database/BaseConnection.php(734): CodeIgniter\Database\MySQLi\Connection->execute()
#2 /var/www/html/food_searching_apis/system/Database/BaseConnection.php(648): CodeIgniter\Database\BaseConnection->simpleQuery()
#3 /var/www/html/food_searching_apis/system/Database/BaseBuilder.php(1644): CodeIgniter\Database\BaseConnection->query()
#4 /var/www/html/food_searching_apis/system/Model.php(286): CodeIgniter\Database\BaseBuilder->get()
#5 /var/www/html/food_searching_apis/system/BaseModel.php(676): CodeIgniter\Model->doFindAll()
#6 /var/www/html/food_searching_apis/app/Models/FoodSearchModel.php(121): CodeIgniter\BaseModel->findAll()
#7 /var/www/html/food_searching_apis/app/Controllers/FoodSearchController.php(148): App\Models\FoodSearchModel->getPaginatedProducts()
#8 /var/www/html/food_searching_apis/system/CodeIgniter.php(933): App\Controllers\FoodSearchController->getPaginatedProducts()
#9 /var/www/html/food_searching_apis/system/CodeIgniter.php(509): CodeIgniter\CodeIgniter->runController()
#10 /var/www/html/food_searching_apis/system/CodeIgniter.php(355): CodeIgniter\CodeIgniter->handleRequest()
#11 /var/www/html/food_searching_apis/system/Boot.php(325): CodeIgniter\CodeIgniter->run()
#12 /var/www/html/food_searching_apis/system/Boot.php(67): CodeIgniter\Boot::runCodeIgniter()
#13 /var/www/html/food_searching_apis/public/index.php(56): CodeIgniter\Boot::bootWeb()
#14 {main}
CRITICAL - 2024-11-12 07:33:03 --> CodeIgniter\Database\Exceptions\DatabaseException: Unknown column 'id' in 'order clause'
[Method: GET, Route: food/page]
in SYSTEMPATH/Database/BaseConnection.php on line 688.
 1 SYSTEMPATH/Database/BaseBuilder.php(1644): CodeIgniter\Database\BaseConnection->query()
 2 SYSTEMPATH/Model.php(286): CodeIgniter\Database\BaseBuilder->get()
 3 SYSTEMPATH/BaseModel.php(676): CodeIgniter\Model->doFindAll()
 4 APPPATH/Models/FoodSearchModel.php(121): CodeIgniter\BaseModel->findAll()
 5 APPPATH/Controllers/FoodSearchController.php(148): App\Models\FoodSearchModel->getPaginatedProducts()
 6 SYSTEMPATH/CodeIgniter.php(933): App\Controllers\FoodSearchController->getPaginatedProducts()
 7 SYSTEMPATH/CodeIgniter.php(509): CodeIgniter\CodeIgniter->runController()
 8 SYSTEMPATH/CodeIgniter.php(355): CodeIgniter\CodeIgniter->handleRequest()
 9 SYSTEMPATH/Boot.php(325): CodeIgniter\CodeIgniter->run()
10 SYSTEMPATH/Boot.php(67): CodeIgniter\Boot::runCodeIgniter()
11 FCPATH/index.php(56): CodeIgniter\Boot::bootWeb()
CRITICAL - 2024-11-12 07:33:03 --> [Caused by] CodeIgniter\Database\Exceptions\DatabaseException: Unknown column 'id' in 'order clause'
in SYSTEMPATH/Database/MySQLi/Connection.php on line 317.
 1 SYSTEMPATH/Database/BaseConnection.php(734): CodeIgniter\Database\MySQLi\Connection->execute()
 2 SYSTEMPATH/Database/BaseConnection.php(648): CodeIgniter\Database\BaseConnection->simpleQuery()
 3 SYSTEMPATH/Database/BaseBuilder.php(1644): CodeIgniter\Database\BaseConnection->query()
 4 SYSTEMPATH/Model.php(286): CodeIgniter\Database\BaseBuilder->get()
 5 SYSTEMPATH/BaseModel.php(676): CodeIgniter\Model->doFindAll()
 6 APPPATH/Models/FoodSearchModel.php(121): CodeIgniter\BaseModel->findAll()
 7 APPPATH/Controllers/FoodSearchController.php(148): App\Models\FoodSearchModel->getPaginatedProducts()
 8 SYSTEMPATH/CodeIgniter.php(933): App\Controllers\FoodSearchController->getPaginatedProducts()
 9 SYSTEMPATH/CodeIgniter.php(509): CodeIgniter\CodeIgniter->runController()
10 SYSTEMPATH/CodeIgniter.php(355): CodeIgniter\CodeIgniter->handleRequest()
11 SYSTEMPATH/Boot.php(325): CodeIgniter\CodeIgniter->run()
12 SYSTEMPATH/Boot.php(67): CodeIgniter\Boot::runCodeIgniter()
13 FCPATH/index.php(56): CodeIgniter\Boot::bootWeb()
CRITICAL - 2024-11-12 07:33:03 --> [Caused by] mysqli_sql_exception: Unknown column 'id' in 'order clause'
in SYSTEMPATH/Database/MySQLi/Connection.php on line 312.
 1 SYSTEMPATH/Database/MySQLi/Connection.php(312): mysqli->query()
 2 SYSTEMPATH/Database/BaseConnection.php(734): CodeIgniter\Database\MySQLi\Connection->execute()
 3 SYSTEMPATH/Database/BaseConnection.php(648): CodeIgniter\Database\BaseConnection->simpleQuery()
 4 SYSTEMPATH/Database/BaseBuilder.php(1644): CodeIgniter\Database\BaseConnection->query()
 5 SYSTEMPATH/Model.php(286): CodeIgniter\Database\BaseBuilder->get()
 6 SYSTEMPATH/BaseModel.php(676): CodeIgniter\Model->doFindAll()
 7 APPPATH/Models/FoodSearchModel.php(121): CodeIgniter\BaseModel->findAll()
 8 APPPATH/Controllers/FoodSearchController.php(148): App\Models\FoodSearchModel->getPaginatedProducts()
 9 SYSTEMPATH/CodeIgniter.php(933): App\Controllers\FoodSearchController->getPaginatedProducts()
10 SYSTEMPATH/CodeIgniter.php(509): CodeIgniter\CodeIgniter->runController()
11 SYSTEMPATH/CodeIgniter.php(355): CodeIgniter\CodeIgniter->handleRequest()
12 SYSTEMPATH/Boot.php(325): CodeIgniter\CodeIgniter->run()
13 SYSTEMPATH/Boot.php(67): CodeIgniter\Boot::runCodeIgniter()
14 FCPATH/index.php(56): CodeIgniter\Boot::bootWeb()
CRITICAL - 2024-11-12 07:33:30 --> Error: Call to a member function getVar() on null
[Method: GET, Route: food/page]
in APPPATH/Models/FoodSearchModel.php on line 120.
 1 APPPATH/Controllers/FoodSearchController.php(148): App\Models\FoodSearchModel->getPaginatedProducts()
 2 SYSTEMPATH/CodeIgniter.php(933): App\Controllers\FoodSearchController->getPaginatedProducts()
 3 SYSTEMPATH/CodeIgniter.php(509): CodeIgniter\CodeIgniter->runController()
 4 SYSTEMPATH/CodeIgniter.php(355): CodeIgniter\CodeIgniter->handleRequest()
 5 SYSTEMPATH/Boot.php(325): CodeIgniter\CodeIgniter->run()
 6 SYSTEMPATH/Boot.php(67): CodeIgniter\Boot::runCodeIgniter()
 7 FCPATH/index.php(56): CodeIgniter\Boot::bootWeb()
ERROR - 2024-11-12 08:09:53 --> mysqli_sql_exception: You have an error in your SQL syntax; check the manual that corresponds to your MySQL server version for the right syntax to use near '-10, 10' at line 9 in /var/www/html/food_searching_apis/system/Database/MySQLi/Connection.php:312
Stack trace:
#0 /var/www/html/food_searching_apis/system/Database/MySQLi/Connection.php(312): mysqli->query()
#1 /var/www/html/food_searching_apis/system/Database/BaseConnection.php(734): CodeIgniter\Database\MySQLi\Connection->execute()
#2 /var/www/html/food_searching_apis/system/Database/BaseConnection.php(648): CodeIgniter\Database\BaseConnection->simpleQuery()
#3 /var/www/html/food_searching_apis/system/Database/BaseBuilder.php(1644): CodeIgniter\Database\BaseConnection->query()
#4 /var/www/html/food_searching_apis/system/Model.php(286): CodeIgniter\Database\BaseBuilder->get()
#5 /var/www/html/food_searching_apis/system/BaseModel.php(676): CodeIgniter\Model->doFindAll()
#6 /var/www/html/food_searching_apis/app/Models/FoodSearchModel.php(124): CodeIgniter\BaseModel->findAll()
#7 /var/www/html/food_searching_apis/app/Controllers/FoodSearchController.php(125): App\Models\FoodSearchModel->filterpaginateProducts()
#8 /var/www/html/food_searching_apis/system/CodeIgniter.php(933): App\Controllers\FoodSearchController->getPaginatedProducts()
#9 /var/www/html/food_searching_apis/system/CodeIgniter.php(509): CodeIgniter\CodeIgniter->runController()
#10 /var/www/html/food_searching_apis/system/CodeIgniter.php(355): CodeIgniter\CodeIgniter->handleRequest()
#11 /var/www/html/food_searching_apis/system/Boot.php(325): CodeIgniter\CodeIgniter->run()
#12 /var/www/html/food_searching_apis/system/Boot.php(67): CodeIgniter\Boot::runCodeIgniter()
#13 /var/www/html/food_searching_apis/public/index.php(56): CodeIgniter\Boot::bootWeb()
#14 {main}
CRITICAL - 2024-11-12 08:09:53 --> CodeIgniter\Database\Exceptions\DatabaseException: You have an error in your SQL syntax; check the manual that corresponds to your MySQL server version for the right syntax to use near '-10, 10' at line 9
[Method: GET, Route: food/page]
in SYSTEMPATH/Database/BaseConnection.php on line 688.
 1 SYSTEMPATH/Database/BaseBuilder.php(1644): CodeIgniter\Database\BaseConnection->query()
 2 SYSTEMPATH/Model.php(286): CodeIgniter\Database\BaseBuilder->get()
 3 SYSTEMPATH/BaseModel.php(676): CodeIgniter\Model->doFindAll()
 4 APPPATH/Models/FoodSearchModel.php(124): CodeIgniter\BaseModel->findAll()
 5 APPPATH/Controllers/FoodSearchController.php(125): App\Models\FoodSearchModel->filterpaginateProducts()
 6 SYSTEMPATH/CodeIgniter.php(933): App\Controllers\FoodSearchController->getPaginatedProducts()
 7 SYSTEMPATH/CodeIgniter.php(509): CodeIgniter\CodeIgniter->runController()
 8 SYSTEMPATH/CodeIgniter.php(355): CodeIgniter\CodeIgniter->handleRequest()
 9 SYSTEMPATH/Boot.php(325): CodeIgniter\CodeIgniter->run()
10 SYSTEMPATH/Boot.php(67): CodeIgniter\Boot::runCodeIgniter()
11 FCPATH/index.php(56): CodeIgniter\Boot::bootWeb()
CRITICAL - 2024-11-12 08:09:53 --> [Caused by] CodeIgniter\Database\Exceptions\DatabaseException: You have an error in your SQL syntax; check the manual that corresponds to your MySQL server version for the right syntax to use near '-10, 10' at line 9
in SYSTEMPATH/Database/MySQLi/Connection.php on line 317.
 1 SYSTEMPATH/Database/BaseConnection.php(734): CodeIgniter\Database\MySQLi\Connection->execute()
 2 SYSTEMPATH/Database/BaseConnection.php(648): CodeIgniter\Database\BaseConnection->simpleQuery()
 3 SYSTEMPATH/Database/BaseBuilder.php(1644): CodeIgniter\Database\BaseConnection->query()
 4 SYSTEMPATH/Model.php(286): CodeIgniter\Database\BaseBuilder->get()
 5 SYSTEMPATH/BaseModel.php(676): CodeIgniter\Model->doFindAll()
 6 APPPATH/Models/FoodSearchModel.php(124): CodeIgniter\BaseModel->findAll()
 7 APPPATH/Controllers/FoodSearchController.php(125): App\Models\FoodSearchModel->filterpaginateProducts()
 8 SYSTEMPATH/CodeIgniter.php(933): App\Controllers\FoodSearchController->getPaginatedProducts()
 9 SYSTEMPATH/CodeIgniter.php(509): CodeIgniter\CodeIgniter->runController()
10 SYSTEMPATH/CodeIgniter.php(355): CodeIgniter\CodeIgniter->handleRequest()
11 SYSTEMPATH/Boot.php(325): CodeIgniter\CodeIgniter->run()
12 SYSTEMPATH/Boot.php(67): CodeIgniter\Boot::runCodeIgniter()
13 FCPATH/index.php(56): CodeIgniter\Boot::bootWeb()
CRITICAL - 2024-11-12 08:09:53 --> [Caused by] mysqli_sql_exception: You have an error in your SQL syntax; check the manual that corresponds to your MySQL server version for the right syntax to use near '-10, 10' at line 9
in SYSTEMPATH/Database/MySQLi/Connection.php on line 312.
 1 SYSTEMPATH/Database/MySQLi/Connection.php(312): mysqli->query()
 2 SYSTEMPATH/Database/BaseConnection.php(734): CodeIgniter\Database\MySQLi\Connection->execute()
 3 SYSTEMPATH/Database/BaseConnection.php(648): CodeIgniter\Database\BaseConnection->simpleQuery()
 4 SYSTEMPATH/Database/BaseBuilder.php(1644): CodeIgniter\Database\BaseConnection->query()
 5 SYSTEMPATH/Model.php(286): CodeIgniter\Database\BaseBuilder->get()
 6 SYSTEMPATH/BaseModel.php(676): CodeIgniter\Model->doFindAll()
 7 APPPATH/Models/FoodSearchModel.php(124): CodeIgniter\BaseModel->findAll()
 8 APPPATH/Controllers/FoodSearchController.php(125): App\Models\FoodSearchModel->filterpaginateProducts()
 9 SYSTEMPATH/CodeIgniter.php(933): App\Controllers\FoodSearchController->getPaginatedProducts()
10 SYSTEMPATH/CodeIgniter.php(509): CodeIgniter\CodeIgniter->runController()
11 SYSTEMPATH/CodeIgniter.php(355): CodeIgniter\CodeIgniter->handleRequest()
12 SYSTEMPATH/Boot.php(325): CodeIgniter\CodeIgniter->run()
13 SYSTEMPATH/Boot.php(67): CodeIgniter\Boot::runCodeIgniter()
14 FCPATH/index.php(56): CodeIgniter\Boot::bootWeb()
CRITICAL - 2024-11-12 08:10:29 --> TypeError: Unsupported operand types: string - int
[Method: GET, Route: food/page]
in APPPATH/Models/FoodSearchModel.php on line 115.
 1 APPPATH/Controllers/FoodSearchController.php(125): App\Models\FoodSearchModel->filterpaginateProducts()
 2 SYSTEMPATH/CodeIgniter.php(933): App\Controllers\FoodSearchController->getPaginatedProducts()
 3 SYSTEMPATH/CodeIgniter.php(509): CodeIgniter\CodeIgniter->runController()
 4 SYSTEMPATH/CodeIgniter.php(355): CodeIgniter\CodeIgniter->handleRequest()
 5 SYSTEMPATH/Boot.php(325): CodeIgniter\CodeIgniter->run()
 6 SYSTEMPATH/Boot.php(67): CodeIgniter\Boot::runCodeIgniter()
 7 FCPATH/index.php(56): CodeIgniter\Boot::bootWeb()
CRITICAL - 2024-11-12 09:38:39 --> TypeError: CodeIgniter\Database\BaseBuilder::limit(): Argument #2 ($offset) must be of type ?int, string given, called in /var/www/html/food_searching_apis/system/Model.php on line 930
[Method: GET, Route: food/page]
in SYSTEMPATH/Database/BaseBuilder.php on line 1509.
 1 SYSTEMPATH/Model.php(930): CodeIgniter\Database\BaseBuilder->limit()
 2 APPPATH/Models/FoodSearchModel.php(110): CodeIgniter\Model->__call()
 3 APPPATH/Controllers/FoodSearchController.php(131): App\Models\FoodSearchModel->paginateProducts()
 4 SYSTEMPATH/CodeIgniter.php(933): App\Controllers\FoodSearchController->productPaginated()
 5 SYSTEMPATH/CodeIgniter.php(509): CodeIgniter\CodeIgniter->runController()
 6 SYSTEMPATH/CodeIgniter.php(355): CodeIgniter\CodeIgniter->handleRequest()
 7 SYSTEMPATH/Boot.php(325): CodeIgniter\CodeIgniter->run()
 8 SYSTEMPATH/Boot.php(67): CodeIgniter\Boot::runCodeIgniter()
 9 FCPATH/index.php(56): CodeIgniter\Boot::bootWeb()
CRITICAL - 2024-11-12 09:55:51 --> TypeError: CodeIgniter\Pager\Pager::getTotal(): Return value must be of type int, null returned
[Method: GET, Route: food/page]
in SYSTEMPATH/Pager/Pager.php on line 199.
 1 APPPATH/Controllers/FoodSearchController.php(131): CodeIgniter\Pager\Pager->getTotal()
 2 SYSTEMPATH/CodeIgniter.php(933): App\Controllers\FoodSearchController->paginatedProducts()
 3 SYSTEMPATH/CodeIgniter.php(509): CodeIgniter\CodeIgniter->runController()
 4 SYSTEMPATH/CodeIgniter.php(355): CodeIgniter\CodeIgniter->handleRequest()
 5 SYSTEMPATH/Boot.php(325): CodeIgniter\CodeIgniter->run()
 6 SYSTEMPATH/Boot.php(67): CodeIgniter\Boot::runCodeIgniter()
 7 FCPATH/index.php(56): CodeIgniter\Boot::bootWeb()
CRITICAL - 2024-11-12 09:55:59 --> TypeError: CodeIgniter\Pager\Pager::getTotal(): Return value must be of type int, null returned
[Method: GET, Route: food/page]
in SYSTEMPATH/Pager/Pager.php on line 199.
 1 APPPATH/Controllers/FoodSearchController.php(131): CodeIgniter\Pager\Pager->getTotal()
 2 SYSTEMPATH/CodeIgniter.php(933): App\Controllers\FoodSearchController->paginatedProducts()
 3 SYSTEMPATH/CodeIgniter.php(509): CodeIgniter\CodeIgniter->runController()
 4 SYSTEMPATH/CodeIgniter.php(355): CodeIgniter\CodeIgniter->handleRequest()
 5 SYSTEMPATH/Boot.php(325): CodeIgniter\CodeIgniter->run()
 6 SYSTEMPATH/Boot.php(67): CodeIgniter\Boot::runCodeIgniter()
 7 FCPATH/index.php(56): CodeIgniter\Boot::bootWeb()
CRITICAL - 2024-11-12 09:56:06 --> TypeError: CodeIgniter\Pager\Pager::getTotal(): Return value must be of type int, null returned
[Method: GET, Route: food/page]
in SYSTEMPATH/Pager/Pager.php on line 199.
 1 APPPATH/Controllers/FoodSearchController.php(131): CodeIgniter\Pager\Pager->getTotal()
 2 SYSTEMPATH/CodeIgniter.php(933): App\Controllers\FoodSearchController->paginatedProducts()
 3 SYSTEMPATH/CodeIgniter.php(509): CodeIgniter\CodeIgniter->runController()
 4 SYSTEMPATH/CodeIgniter.php(355): CodeIgniter\CodeIgniter->handleRequest()
 5 SYSTEMPATH/Boot.php(325): CodeIgniter\CodeIgniter->run()
 6 SYSTEMPATH/Boot.php(67): CodeIgniter\Boot::runCodeIgniter()
 7 FCPATH/index.php(56): CodeIgniter\Boot::bootWeb()
CRITICAL - 2024-11-12 09:56:19 --> TypeError: CodeIgniter\Pager\Pager::getTotal(): Return value must be of type int, null returned
[Method: GET, Route: food/page]
in SYSTEMPATH/Pager/Pager.php on line 199.
 1 APPPATH/Controllers/FoodSearchController.php(131): CodeIgniter\Pager\Pager->getTotal()
 2 SYSTEMPATH/CodeIgniter.php(933): App\Controllers\FoodSearchController->paginatedProducts()
 3 SYSTEMPATH/CodeIgniter.php(509): CodeIgniter\CodeIgniter->runController()
 4 SYSTEMPATH/CodeIgniter.php(355): CodeIgniter\CodeIgniter->handleRequest()
 5 SYSTEMPATH/Boot.php(325): CodeIgniter\CodeIgniter->run()
 6 SYSTEMPATH/Boot.php(67): CodeIgniter\Boot::runCodeIgniter()
 7 FCPATH/index.php(56): CodeIgniter\Boot::bootWeb()
CRITICAL - 2024-11-12 09:56:43 --> TypeError: CodeIgniter\Pager\Pager::getTotal(): Return value must be of type int, null returned
[Method: GET, Route: food/page]
in SYSTEMPATH/Pager/Pager.php on line 199.
 1 APPPATH/Controllers/FoodSearchController.php(131): CodeIgniter\Pager\Pager->getTotal()
 2 SYSTEMPATH/CodeIgniter.php(933): App\Controllers\FoodSearchController->paginatedProducts()
 3 SYSTEMPATH/CodeIgniter.php(509): CodeIgniter\CodeIgniter->runController()
 4 SYSTEMPATH/CodeIgniter.php(355): CodeIgniter\CodeIgniter->handleRequest()
 5 SYSTEMPATH/Boot.php(325): CodeIgniter\CodeIgniter->run()
 6 SYSTEMPATH/Boot.php(67): CodeIgniter\Boot::runCodeIgniter()
 7 FCPATH/index.php(56): CodeIgniter\Boot::bootWeb()
CRITICAL - 2024-11-12 09:57:15 --> TypeError: CodeIgniter\Pager\Pager::getTotal(): Return value must be of type int, null returned
[Method: GET, Route: food/page]
in SYSTEMPATH/Pager/Pager.php on line 199.
 1 APPPATH/Controllers/FoodSearchController.php(133): CodeIgniter\Pager\Pager->getTotal()
 2 SYSTEMPATH/CodeIgniter.php(933): App\Controllers\FoodSearchController->paginatedProducts()
 3 SYSTEMPATH/CodeIgniter.php(509): CodeIgniter\CodeIgniter->runController()
 4 SYSTEMPATH/CodeIgniter.php(355): CodeIgniter\CodeIgniter->handleRequest()
 5 SYSTEMPATH/Boot.php(325): CodeIgniter\CodeIgniter->run()
 6 SYSTEMPATH/Boot.php(67): CodeIgniter\Boot::runCodeIgniter()
 7 FCPATH/index.php(56): CodeIgniter\Boot::bootWeb()
