CRITICAL - 2024-11-13 08:31:14 --> ErrorException: Undefined global variable $_SESSION
[Method: GET, Route: food]
in APPPATH/Filters/BasicAuthFilter.php on line 13.
 1 APPPATH/Filters/BasicAuthFilter.php(13): CodeIgniter\Debug\Exceptions->errorHandler()
 2 SYSTEMPATH/Filters/Filters.php(203): App\Filters\BasicAuthFilter->before()
 3 SYSTEMPATH/Filters/Filters.php(184): CodeIgniter\Filters\Filters->runBefore()
 4 SYSTEMPATH/CodeIgniter.php(481): CodeIgniter\Filters\Filters->run()
 5 SYSTEMPATH/CodeIgniter.php(355): CodeIgniter\CodeIgniter->handleRequest()
 6 SYSTEMPATH/Boot.php(325): CodeIgniter\CodeIgniter->run()
 7 SYSTEMPATH/Boot.php(67): CodeIgniter\Boot::runCodeIgniter()
 8 FCPATH/index.php(56): CodeIgniter\Boot::bootWeb()
ERROR - 2024-11-13 12:36:01 --> mysqli_sql_exception: Table 'mysql.authors' doesn't exist in /var/www/html/food_searching_apis/system/Database/MySQLi/Connection.php:312
Stack trace:
#0 /var/www/html/food_searching_apis/system/Database/MySQLi/Connection.php(312): mysqli->query()
#1 /var/www/html/food_searching_apis/system/Database/BaseConnection.php(734): CodeIgniter\Database\MySQLi\Connection->execute()
#2 /var/www/html/food_searching_apis/system/Database/BaseConnection.php(648): CodeIgniter\Database\BaseConnection->simpleQuery()
#3 /var/www/html/food_searching_apis/system/Database/BaseBuilder.php(1644): CodeIgniter\Database\BaseConnection->query()
#4 /var/www/html/food_searching_apis/system/Validation/StrictRules/Rules.php(232): CodeIgniter\Database\BaseBuilder->get()
#5 /var/www/html/food_searching_apis/system/Validation/Validation.php(339): CodeIgniter\Validation\StrictRules\Rules->is_unique()
#6 /var/www/html/food_searching_apis/system/Validation/Validation.php(204): CodeIgniter\Validation\Validation->processRules()
#7 /var/www/html/food_searching_apis/system/Controller.php(137): CodeIgniter\Validation\Validation->run()
#8 /var/www/html/food_searching_apis/app/Controllers/AuthController.php(44): CodeIgniter\Controller->validate()
#9 /var/www/html/food_searching_apis/system/CodeIgniter.php(933): App\Controllers\AuthController->registerAuth()
#10 /var/www/html/food_searching_apis/system/CodeIgniter.php(509): CodeIgniter\CodeIgniter->runController()
#11 /var/www/html/food_searching_apis/system/CodeIgniter.php(355): CodeIgniter\CodeIgniter->handleRequest()
#12 /var/www/html/food_searching_apis/system/Boot.php(325): CodeIgniter\CodeIgniter->run()
#13 /var/www/html/food_searching_apis/system/Boot.php(67): CodeIgniter\Boot::runCodeIgniter()
#14 /var/www/html/food_searching_apis/public/index.php(56): CodeIgniter\Boot::bootWeb()
#15 {main}
CRITICAL - 2024-11-13 12:36:01 --> CodeIgniter\Database\Exceptions\DatabaseException: Table 'mysql.authors' doesn't exist
[Method: GET, Route: auth/register]
in SYSTEMPATH/Database/BaseConnection.php on line 688.
 1 SYSTEMPATH/Database/BaseBuilder.php(1644): CodeIgniter\Database\BaseConnection->query()
 2 SYSTEMPATH/Validation/StrictRules/Rules.php(232): CodeIgniter\Database\BaseBuilder->get()
 3 SYSTEMPATH/Validation/Validation.php(339): CodeIgniter\Validation\StrictRules\Rules->is_unique()
 4 SYSTEMPATH/Validation/Validation.php(204): CodeIgniter\Validation\Validation->processRules()
 5 SYSTEMPATH/Controller.php(137): CodeIgniter\Validation\Validation->run()
 6 APPPATH/Controllers/AuthController.php(44): CodeIgniter\Controller->validate()
 7 SYSTEMPATH/CodeIgniter.php(933): App\Controllers\AuthController->registerAuth()
 8 SYSTEMPATH/CodeIgniter.php(509): CodeIgniter\CodeIgniter->runController()
 9 SYSTEMPATH/CodeIgniter.php(355): CodeIgniter\CodeIgniter->handleRequest()
10 SYSTEMPATH/Boot.php(325): CodeIgniter\CodeIgniter->run()
11 SYSTEMPATH/Boot.php(67): CodeIgniter\Boot::runCodeIgniter()
12 FCPATH/index.php(56): CodeIgniter\Boot::bootWeb()
CRITICAL - 2024-11-13 12:36:01 --> [Caused by] CodeIgniter\Database\Exceptions\DatabaseException: Table 'mysql.authors' doesn't exist
in SYSTEMPATH/Database/MySQLi/Connection.php on line 317.
 1 SYSTEMPATH/Database/BaseConnection.php(734): CodeIgniter\Database\MySQLi\Connection->execute()
 2 SYSTEMPATH/Database/BaseConnection.php(648): CodeIgniter\Database\BaseConnection->simpleQuery()
 3 SYSTEMPATH/Database/BaseBuilder.php(1644): CodeIgniter\Database\BaseConnection->query()
 4 SYSTEMPATH/Validation/StrictRules/Rules.php(232): CodeIgniter\Database\BaseBuilder->get()
 5 SYSTEMPATH/Validation/Validation.php(339): CodeIgniter\Validation\StrictRules\Rules->is_unique()
 6 SYSTEMPATH/Validation/Validation.php(204): CodeIgniter\Validation\Validation->processRules()
 7 SYSTEMPATH/Controller.php(137): CodeIgniter\Validation\Validation->run()
 8 APPPATH/Controllers/AuthController.php(44): CodeIgniter\Controller->validate()
 9 SYSTEMPATH/CodeIgniter.php(933): App\Controllers\AuthController->registerAuth()
10 SYSTEMPATH/CodeIgniter.php(509): CodeIgniter\CodeIgniter->runController()
11 SYSTEMPATH/CodeIgniter.php(355): CodeIgniter\CodeIgniter->handleRequest()
12 SYSTEMPATH/Boot.php(325): CodeIgniter\CodeIgniter->run()
13 SYSTEMPATH/Boot.php(67): CodeIgniter\Boot::runCodeIgniter()
14 FCPATH/index.php(56): CodeIgniter\Boot::bootWeb()
CRITICAL - 2024-11-13 12:36:01 --> [Caused by] mysqli_sql_exception: Table 'mysql.authors' doesn't exist
in SYSTEMPATH/Database/MySQLi/Connection.php on line 312.
 1 SYSTEMPATH/Database/MySQLi/Connection.php(312): mysqli->query()
 2 SYSTEMPATH/Database/BaseConnection.php(734): CodeIgniter\Database\MySQLi\Connection->execute()
 3 SYSTEMPATH/Database/BaseConnection.php(648): CodeIgniter\Database\BaseConnection->simpleQuery()
 4 SYSTEMPATH/Database/BaseBuilder.php(1644): CodeIgniter\Database\BaseConnection->query()
 5 SYSTEMPATH/Validation/StrictRules/Rules.php(232): CodeIgniter\Database\BaseBuilder->get()
 6 SYSTEMPATH/Validation/Validation.php(339): CodeIgniter\Validation\StrictRules\Rules->is_unique()
 7 SYSTEMPATH/Validation/Validation.php(204): CodeIgniter\Validation\Validation->processRules()
 8 SYSTEMPATH/Controller.php(137): CodeIgniter\Validation\Validation->run()
 9 APPPATH/Controllers/AuthController.php(44): CodeIgniter\Controller->validate()
10 SYSTEMPATH/CodeIgniter.php(933): App\Controllers\AuthController->registerAuth()
11 SYSTEMPATH/CodeIgniter.php(509): CodeIgniter\CodeIgniter->runController()
12 SYSTEMPATH/CodeIgniter.php(355): CodeIgniter\CodeIgniter->handleRequest()
13 SYSTEMPATH/Boot.php(325): CodeIgniter\CodeIgniter->run()
14 SYSTEMPATH/Boot.php(67): CodeIgniter\Boot::runCodeIgniter()
15 FCPATH/index.php(56): CodeIgniter\Boot::bootWeb()
ERROR - 2024-11-13 12:38:18 --> mysqli_sql_exception: Table 'mysql.authors' doesn't exist in /var/www/html/food_searching_apis/system/Database/MySQLi/Connection.php:312
Stack trace:
#0 /var/www/html/food_searching_apis/system/Database/MySQLi/Connection.php(312): mysqli->query()
#1 /var/www/html/food_searching_apis/system/Database/BaseConnection.php(734): CodeIgniter\Database\MySQLi\Connection->execute()
#2 /var/www/html/food_searching_apis/system/Database/BaseConnection.php(648): CodeIgniter\Database\BaseConnection->simpleQuery()
#3 /var/www/html/food_searching_apis/system/Database/BaseBuilder.php(1644): CodeIgniter\Database\BaseConnection->query()
#4 /var/www/html/food_searching_apis/system/Validation/StrictRules/Rules.php(232): CodeIgniter\Database\BaseBuilder->get()
#5 /var/www/html/food_searching_apis/system/Validation/Validation.php(339): CodeIgniter\Validation\StrictRules\Rules->is_unique()
#6 /var/www/html/food_searching_apis/system/Validation/Validation.php(204): CodeIgniter\Validation\Validation->processRules()
#7 /var/www/html/food_searching_apis/system/Controller.php(137): CodeIgniter\Validation\Validation->run()
#8 /var/www/html/food_searching_apis/app/Controllers/AuthController.php(44): CodeIgniter\Controller->validate()
#9 /var/www/html/food_searching_apis/system/CodeIgniter.php(933): App\Controllers\AuthController->registerAuth()
#10 /var/www/html/food_searching_apis/system/CodeIgniter.php(509): CodeIgniter\CodeIgniter->runController()
#11 /var/www/html/food_searching_apis/system/CodeIgniter.php(355): CodeIgniter\CodeIgniter->handleRequest()
#12 /var/www/html/food_searching_apis/system/Boot.php(325): CodeIgniter\CodeIgniter->run()
#13 /var/www/html/food_searching_apis/system/Boot.php(67): CodeIgniter\Boot::runCodeIgniter()
#14 /var/www/html/food_searching_apis/public/index.php(56): CodeIgniter\Boot::bootWeb()
#15 {main}
CRITICAL - 2024-11-13 12:38:18 --> CodeIgniter\Database\Exceptions\DatabaseException: Table 'mysql.authors' doesn't exist
[Method: GET, Route: auth/register]
in SYSTEMPATH/Database/BaseConnection.php on line 688.
 1 SYSTEMPATH/Database/BaseBuilder.php(1644): CodeIgniter\Database\BaseConnection->query()
 2 SYSTEMPATH/Validation/StrictRules/Rules.php(232): CodeIgniter\Database\BaseBuilder->get()
 3 SYSTEMPATH/Validation/Validation.php(339): CodeIgniter\Validation\StrictRules\Rules->is_unique()
 4 SYSTEMPATH/Validation/Validation.php(204): CodeIgniter\Validation\Validation->processRules()
 5 SYSTEMPATH/Controller.php(137): CodeIgniter\Validation\Validation->run()
 6 APPPATH/Controllers/AuthController.php(44): CodeIgniter\Controller->validate()
 7 SYSTEMPATH/CodeIgniter.php(933): App\Controllers\AuthController->registerAuth()
 8 SYSTEMPATH/CodeIgniter.php(509): CodeIgniter\CodeIgniter->runController()
 9 SYSTEMPATH/CodeIgniter.php(355): CodeIgniter\CodeIgniter->handleRequest()
10 SYSTEMPATH/Boot.php(325): CodeIgniter\CodeIgniter->run()
11 SYSTEMPATH/Boot.php(67): CodeIgniter\Boot::runCodeIgniter()
12 FCPATH/index.php(56): CodeIgniter\Boot::bootWeb()
CRITICAL - 2024-11-13 12:38:18 --> [Caused by] CodeIgniter\Database\Exceptions\DatabaseException: Table 'mysql.authors' doesn't exist
in SYSTEMPATH/Database/MySQLi/Connection.php on line 317.
 1 SYSTEMPATH/Database/BaseConnection.php(734): CodeIgniter\Database\MySQLi\Connection->execute()
 2 SYSTEMPATH/Database/BaseConnection.php(648): CodeIgniter\Database\BaseConnection->simpleQuery()
 3 SYSTEMPATH/Database/BaseBuilder.php(1644): CodeIgniter\Database\BaseConnection->query()
 4 SYSTEMPATH/Validation/StrictRules/Rules.php(232): CodeIgniter\Database\BaseBuilder->get()
 5 SYSTEMPATH/Validation/Validation.php(339): CodeIgniter\Validation\StrictRules\Rules->is_unique()
 6 SYSTEMPATH/Validation/Validation.php(204): CodeIgniter\Validation\Validation->processRules()
 7 SYSTEMPATH/Controller.php(137): CodeIgniter\Validation\Validation->run()
 8 APPPATH/Controllers/AuthController.php(44): CodeIgniter\Controller->validate()
 9 SYSTEMPATH/CodeIgniter.php(933): App\Controllers\AuthController->registerAuth()
10 SYSTEMPATH/CodeIgniter.php(509): CodeIgniter\CodeIgniter->runController()
11 SYSTEMPATH/CodeIgniter.php(355): CodeIgniter\CodeIgniter->handleRequest()
12 SYSTEMPATH/Boot.php(325): CodeIgniter\CodeIgniter->run()
13 SYSTEMPATH/Boot.php(67): CodeIgniter\Boot::runCodeIgniter()
14 FCPATH/index.php(56): CodeIgniter\Boot::bootWeb()
CRITICAL - 2024-11-13 12:38:18 --> [Caused by] mysqli_sql_exception: Table 'mysql.authors' doesn't exist
in SYSTEMPATH/Database/MySQLi/Connection.php on line 312.
 1 SYSTEMPATH/Database/MySQLi/Connection.php(312): mysqli->query()
 2 SYSTEMPATH/Database/BaseConnection.php(734): CodeIgniter\Database\MySQLi\Connection->execute()
 3 SYSTEMPATH/Database/BaseConnection.php(648): CodeIgniter\Database\BaseConnection->simpleQuery()
 4 SYSTEMPATH/Database/BaseBuilder.php(1644): CodeIgniter\Database\BaseConnection->query()
 5 SYSTEMPATH/Validation/StrictRules/Rules.php(232): CodeIgniter\Database\BaseBuilder->get()
 6 SYSTEMPATH/Validation/Validation.php(339): CodeIgniter\Validation\StrictRules\Rules->is_unique()
 7 SYSTEMPATH/Validation/Validation.php(204): CodeIgniter\Validation\Validation->processRules()
 8 SYSTEMPATH/Controller.php(137): CodeIgniter\Validation\Validation->run()
 9 APPPATH/Controllers/AuthController.php(44): CodeIgniter\Controller->validate()
10 SYSTEMPATH/CodeIgniter.php(933): App\Controllers\AuthController->registerAuth()
11 SYSTEMPATH/CodeIgniter.php(509): CodeIgniter\CodeIgniter->runController()
12 SYSTEMPATH/CodeIgniter.php(355): CodeIgniter\CodeIgniter->handleRequest()
13 SYSTEMPATH/Boot.php(325): CodeIgniter\CodeIgniter->run()
14 SYSTEMPATH/Boot.php(67): CodeIgniter\Boot::runCodeIgniter()
15 FCPATH/index.php(56): CodeIgniter\Boot::bootWeb()
ERROR - 2024-11-13 12:42:17 --> mysqli_sql_exception: Table 'mysql.authors_table' doesn't exist in /var/www/html/food_searching_apis/system/Database/MySQLi/Connection.php:312
Stack trace:
#0 /var/www/html/food_searching_apis/system/Database/MySQLi/Connection.php(312): mysqli->query()
#1 /var/www/html/food_searching_apis/system/Database/BaseConnection.php(734): CodeIgniter\Database\MySQLi\Connection->execute()
#2 /var/www/html/food_searching_apis/system/Database/BaseConnection.php(648): CodeIgniter\Database\BaseConnection->simpleQuery()
#3 /var/www/html/food_searching_apis/system/Database/BaseBuilder.php(1644): CodeIgniter\Database\BaseConnection->query()
#4 /var/www/html/food_searching_apis/system/Validation/StrictRules/Rules.php(232): CodeIgniter\Database\BaseBuilder->get()
#5 /var/www/html/food_searching_apis/system/Validation/Validation.php(339): CodeIgniter\Validation\StrictRules\Rules->is_unique()
#6 /var/www/html/food_searching_apis/system/Validation/Validation.php(204): CodeIgniter\Validation\Validation->processRules()
#7 /var/www/html/food_searching_apis/system/Controller.php(137): CodeIgniter\Validation\Validation->run()
#8 /var/www/html/food_searching_apis/app/Controllers/AuthController.php(44): CodeIgniter\Controller->validate()
#9 /var/www/html/food_searching_apis/system/CodeIgniter.php(933): App\Controllers\AuthController->registerAuth()
#10 /var/www/html/food_searching_apis/system/CodeIgniter.php(509): CodeIgniter\CodeIgniter->runController()
#11 /var/www/html/food_searching_apis/system/CodeIgniter.php(355): CodeIgniter\CodeIgniter->handleRequest()
#12 /var/www/html/food_searching_apis/system/Boot.php(325): CodeIgniter\CodeIgniter->run()
#13 /var/www/html/food_searching_apis/system/Boot.php(67): CodeIgniter\Boot::runCodeIgniter()
#14 /var/www/html/food_searching_apis/public/index.php(56): CodeIgniter\Boot::bootWeb()
#15 {main}
CRITICAL - 2024-11-13 12:42:17 --> CodeIgniter\Database\Exceptions\DatabaseException: Table 'mysql.authors_table' doesn't exist
[Method: GET, Route: auth/register]
in SYSTEMPATH/Database/BaseConnection.php on line 688.
 1 SYSTEMPATH/Database/BaseBuilder.php(1644): CodeIgniter\Database\BaseConnection->query()
 2 SYSTEMPATH/Validation/StrictRules/Rules.php(232): CodeIgniter\Database\BaseBuilder->get()
 3 SYSTEMPATH/Validation/Validation.php(339): CodeIgniter\Validation\StrictRules\Rules->is_unique()
 4 SYSTEMPATH/Validation/Validation.php(204): CodeIgniter\Validation\Validation->processRules()
 5 SYSTEMPATH/Controller.php(137): CodeIgniter\Validation\Validation->run()
 6 APPPATH/Controllers/AuthController.php(44): CodeIgniter\Controller->validate()
 7 SYSTEMPATH/CodeIgniter.php(933): App\Controllers\AuthController->registerAuth()
 8 SYSTEMPATH/CodeIgniter.php(509): CodeIgniter\CodeIgniter->runController()
 9 SYSTEMPATH/CodeIgniter.php(355): CodeIgniter\CodeIgniter->handleRequest()
10 SYSTEMPATH/Boot.php(325): CodeIgniter\CodeIgniter->run()
11 SYSTEMPATH/Boot.php(67): CodeIgniter\Boot::runCodeIgniter()
12 FCPATH/index.php(56): CodeIgniter\Boot::bootWeb()
CRITICAL - 2024-11-13 12:42:17 --> [Caused by] CodeIgniter\Database\Exceptions\DatabaseException: Table 'mysql.authors_table' doesn't exist
in SYSTEMPATH/Database/MySQLi/Connection.php on line 317.
 1 SYSTEMPATH/Database/BaseConnection.php(734): CodeIgniter\Database\MySQLi\Connection->execute()
 2 SYSTEMPATH/Database/BaseConnection.php(648): CodeIgniter\Database\BaseConnection->simpleQuery()
 3 SYSTEMPATH/Database/BaseBuilder.php(1644): CodeIgniter\Database\BaseConnection->query()
 4 SYSTEMPATH/Validation/StrictRules/Rules.php(232): CodeIgniter\Database\BaseBuilder->get()
 5 SYSTEMPATH/Validation/Validation.php(339): CodeIgniter\Validation\StrictRules\Rules->is_unique()
 6 SYSTEMPATH/Validation/Validation.php(204): CodeIgniter\Validation\Validation->processRules()
 7 SYSTEMPATH/Controller.php(137): CodeIgniter\Validation\Validation->run()
 8 APPPATH/Controllers/AuthController.php(44): CodeIgniter\Controller->validate()
 9 SYSTEMPATH/CodeIgniter.php(933): App\Controllers\AuthController->registerAuth()
10 SYSTEMPATH/CodeIgniter.php(509): CodeIgniter\CodeIgniter->runController()
11 SYSTEMPATH/CodeIgniter.php(355): CodeIgniter\CodeIgniter->handleRequest()
12 SYSTEMPATH/Boot.php(325): CodeIgniter\CodeIgniter->run()
13 SYSTEMPATH/Boot.php(67): CodeIgniter\Boot::runCodeIgniter()
14 FCPATH/index.php(56): CodeIgniter\Boot::bootWeb()
CRITICAL - 2024-11-13 12:42:17 --> [Caused by] mysqli_sql_exception: Table 'mysql.authors_table' doesn't exist
in SYSTEMPATH/Database/MySQLi/Connection.php on line 312.
 1 SYSTEMPATH/Database/MySQLi/Connection.php(312): mysqli->query()
 2 SYSTEMPATH/Database/BaseConnection.php(734): CodeIgniter\Database\MySQLi\Connection->execute()
 3 SYSTEMPATH/Database/BaseConnection.php(648): CodeIgniter\Database\BaseConnection->simpleQuery()
 4 SYSTEMPATH/Database/BaseBuilder.php(1644): CodeIgniter\Database\BaseConnection->query()
 5 SYSTEMPATH/Validation/StrictRules/Rules.php(232): CodeIgniter\Database\BaseBuilder->get()
 6 SYSTEMPATH/Validation/Validation.php(339): CodeIgniter\Validation\StrictRules\Rules->is_unique()
 7 SYSTEMPATH/Validation/Validation.php(204): CodeIgniter\Validation\Validation->processRules()
 8 SYSTEMPATH/Controller.php(137): CodeIgniter\Validation\Validation->run()
 9 APPPATH/Controllers/AuthController.php(44): CodeIgniter\Controller->validate()
10 SYSTEMPATH/CodeIgniter.php(933): App\Controllers\AuthController->registerAuth()
11 SYSTEMPATH/CodeIgniter.php(509): CodeIgniter\CodeIgniter->runController()
12 SYSTEMPATH/CodeIgniter.php(355): CodeIgniter\CodeIgniter->handleRequest()
13 SYSTEMPATH/Boot.php(325): CodeIgniter\CodeIgniter->run()
14 SYSTEMPATH/Boot.php(67): CodeIgniter\Boot::runCodeIgniter()
15 FCPATH/index.php(56): CodeIgniter\Boot::bootWeb()
ERROR - 2024-11-13 12:49:36 --> mysqli_sql_exception: Table 'mysql.authors' doesn't exist in /var/www/html/food_searching_apis/system/Database/MySQLi/Connection.php:312
Stack trace:
#0 /var/www/html/food_searching_apis/system/Database/MySQLi/Connection.php(312): mysqli->query()
#1 /var/www/html/food_searching_apis/system/Database/BaseConnection.php(734): CodeIgniter\Database\MySQLi\Connection->execute()
#2 /var/www/html/food_searching_apis/system/Database/BaseConnection.php(648): CodeIgniter\Database\BaseConnection->simpleQuery()
#3 /var/www/html/food_searching_apis/system/Database/BaseBuilder.php(1644): CodeIgniter\Database\BaseConnection->query()
#4 /var/www/html/food_searching_apis/system/Validation/StrictRules/Rules.php(232): CodeIgniter\Database\BaseBuilder->get()
#5 /var/www/html/food_searching_apis/system/Validation/Validation.php(339): CodeIgniter\Validation\StrictRules\Rules->is_unique()
#6 /var/www/html/food_searching_apis/system/Validation/Validation.php(204): CodeIgniter\Validation\Validation->processRules()
#7 /var/www/html/food_searching_apis/system/Controller.php(137): CodeIgniter\Validation\Validation->run()
#8 /var/www/html/food_searching_apis/app/Controllers/AuthController.php(44): CodeIgniter\Controller->validate()
#9 /var/www/html/food_searching_apis/system/CodeIgniter.php(933): App\Controllers\AuthController->registerAuth()
#10 /var/www/html/food_searching_apis/system/CodeIgniter.php(509): CodeIgniter\CodeIgniter->runController()
#11 /var/www/html/food_searching_apis/system/CodeIgniter.php(355): CodeIgniter\CodeIgniter->handleRequest()
#12 /var/www/html/food_searching_apis/system/Boot.php(325): CodeIgniter\CodeIgniter->run()
#13 /var/www/html/food_searching_apis/system/Boot.php(67): CodeIgniter\Boot::runCodeIgniter()
#14 /var/www/html/food_searching_apis/public/index.php(56): CodeIgniter\Boot::bootWeb()
#15 {main}
CRITICAL - 2024-11-13 12:49:36 --> CodeIgniter\Database\Exceptions\DatabaseException: Table 'mysql.authors' doesn't exist
[Method: GET, Route: auth/register]
in SYSTEMPATH/Database/BaseConnection.php on line 688.
 1 SYSTEMPATH/Database/BaseBuilder.php(1644): CodeIgniter\Database\BaseConnection->query()
 2 SYSTEMPATH/Validation/StrictRules/Rules.php(232): CodeIgniter\Database\BaseBuilder->get()
 3 SYSTEMPATH/Validation/Validation.php(339): CodeIgniter\Validation\StrictRules\Rules->is_unique()
 4 SYSTEMPATH/Validation/Validation.php(204): CodeIgniter\Validation\Validation->processRules()
 5 SYSTEMPATH/Controller.php(137): CodeIgniter\Validation\Validation->run()
 6 APPPATH/Controllers/AuthController.php(44): CodeIgniter\Controller->validate()
 7 SYSTEMPATH/CodeIgniter.php(933): App\Controllers\AuthController->registerAuth()
 8 SYSTEMPATH/CodeIgniter.php(509): CodeIgniter\CodeIgniter->runController()
 9 SYSTEMPATH/CodeIgniter.php(355): CodeIgniter\CodeIgniter->handleRequest()
10 SYSTEMPATH/Boot.php(325): CodeIgniter\CodeIgniter->run()
11 SYSTEMPATH/Boot.php(67): CodeIgniter\Boot::runCodeIgniter()
12 FCPATH/index.php(56): CodeIgniter\Boot::bootWeb()
CRITICAL - 2024-11-13 12:49:36 --> [Caused by] CodeIgniter\Database\Exceptions\DatabaseException: Table 'mysql.authors' doesn't exist
in SYSTEMPATH/Database/MySQLi/Connection.php on line 317.
 1 SYSTEMPATH/Database/BaseConnection.php(734): CodeIgniter\Database\MySQLi\Connection->execute()
 2 SYSTEMPATH/Database/BaseConnection.php(648): CodeIgniter\Database\BaseConnection->simpleQuery()
 3 SYSTEMPATH/Database/BaseBuilder.php(1644): CodeIgniter\Database\BaseConnection->query()
 4 SYSTEMPATH/Validation/StrictRules/Rules.php(232): CodeIgniter\Database\BaseBuilder->get()
 5 SYSTEMPATH/Validation/Validation.php(339): CodeIgniter\Validation\StrictRules\Rules->is_unique()
 6 SYSTEMPATH/Validation/Validation.php(204): CodeIgniter\Validation\Validation->processRules()
 7 SYSTEMPATH/Controller.php(137): CodeIgniter\Validation\Validation->run()
 8 APPPATH/Controllers/AuthController.php(44): CodeIgniter\Controller->validate()
 9 SYSTEMPATH/CodeIgniter.php(933): App\Controllers\AuthController->registerAuth()
10 SYSTEMPATH/CodeIgniter.php(509): CodeIgniter\CodeIgniter->runController()
11 SYSTEMPATH/CodeIgniter.php(355): CodeIgniter\CodeIgniter->handleRequest()
12 SYSTEMPATH/Boot.php(325): CodeIgniter\CodeIgniter->run()
13 SYSTEMPATH/Boot.php(67): CodeIgniter\Boot::runCodeIgniter()
14 FCPATH/index.php(56): CodeIgniter\Boot::bootWeb()
CRITICAL - 2024-11-13 12:49:36 --> [Caused by] mysqli_sql_exception: Table 'mysql.authors' doesn't exist
in SYSTEMPATH/Database/MySQLi/Connection.php on line 312.
 1 SYSTEMPATH/Database/MySQLi/Connection.php(312): mysqli->query()
 2 SYSTEMPATH/Database/BaseConnection.php(734): CodeIgniter\Database\MySQLi\Connection->execute()
 3 SYSTEMPATH/Database/BaseConnection.php(648): CodeIgniter\Database\BaseConnection->simpleQuery()
 4 SYSTEMPATH/Database/BaseBuilder.php(1644): CodeIgniter\Database\BaseConnection->query()
 5 SYSTEMPATH/Validation/StrictRules/Rules.php(232): CodeIgniter\Database\BaseBuilder->get()
 6 SYSTEMPATH/Validation/Validation.php(339): CodeIgniter\Validation\StrictRules\Rules->is_unique()
 7 SYSTEMPATH/Validation/Validation.php(204): CodeIgniter\Validation\Validation->processRules()
 8 SYSTEMPATH/Controller.php(137): CodeIgniter\Validation\Validation->run()
 9 APPPATH/Controllers/AuthController.php(44): CodeIgniter\Controller->validate()
10 SYSTEMPATH/CodeIgniter.php(933): App\Controllers\AuthController->registerAuth()
11 SYSTEMPATH/CodeIgniter.php(509): CodeIgniter\CodeIgniter->runController()
12 SYSTEMPATH/CodeIgniter.php(355): CodeIgniter\CodeIgniter->handleRequest()
13 SYSTEMPATH/Boot.php(325): CodeIgniter\CodeIgniter->run()
14 SYSTEMPATH/Boot.php(67): CodeIgniter\Boot::runCodeIgniter()
15 FCPATH/index.php(56): CodeIgniter\Boot::bootWeb()
