ERROR - 2024-11-11 06:30:07 --> mysqli_sql_exception: In aggregated query without GROUP BY, expression #1 of SELECT list contains nonaggregated column 'mysql.products.product_name'; this is incompatible with sql_mode=only_full_group_by in /var/www/html/food_searching_apis/system/Database/MySQLi/Connection.php:312
Stack trace:
#0 /var/www/html/food_searching_apis/system/Database/MySQLi/Connection.php(312): mysqli->query()
#1 /var/www/html/food_searching_apis/system/Database/BaseConnection.php(734): CodeIgniter\Database\MySQLi\Connection->execute()
#2 /var/www/html/food_searching_apis/system/Database/BaseConnection.php(648): CodeIgniter\Database\BaseConnection->simpleQuery()
#3 /var/www/html/food_searching_apis/system/Database/BaseBuilder.php(1644): CodeIgniter\Database\BaseConnection->query()
#4 /var/www/html/food_searching_apis/system/Model.php(286): CodeIgniter\Database\BaseBuilder->get()
#5 /var/www/html/food_searching_apis/system/BaseModel.php(676): CodeIgniter\Model->doFindAll()
#6 /var/www/html/food_searching_apis/app/Models/FoodSearchModel.php(18): CodeIgniter\BaseModel->findAll()
#7 /var/www/html/food_searching_apis/app/Controllers/FoodSearchController.php(16): App\Models\FoodSearchModel->findAllProducts()
#8 /var/www/html/food_searching_apis/system/CodeIgniter.php(933): App\Controllers\FoodSearchController->getAllProducts()
#9 /var/www/html/food_searching_apis/system/CodeIgniter.php(509): CodeIgniter\CodeIgniter->runController()
#10 /var/www/html/food_searching_apis/system/CodeIgniter.php(355): CodeIgniter\CodeIgniter->handleRequest()
#11 /var/www/html/food_searching_apis/system/Boot.php(325): CodeIgniter\CodeIgniter->run()
#12 /var/www/html/food_searching_apis/system/Boot.php(67): CodeIgniter\Boot::runCodeIgniter()
#13 /var/www/html/food_searching_apis/public/index.php(56): CodeIgniter\Boot::bootWeb()
#14 {main}
CRITICAL - 2024-11-11 06:30:07 --> CodeIgniter\Database\Exceptions\DatabaseException: In aggregated query without GROUP BY, expression #1 of SELECT list contains nonaggregated column 'mysql.products.product_name'; this is incompatible with sql_mode=only_full_group_by
[Method: GET, Route: food]
in SYSTEMPATH/Database/BaseConnection.php on line 688.
 1 SYSTEMPATH/Database/BaseBuilder.php(1644): CodeIgniter\Database\BaseConnection->query()
 2 SYSTEMPATH/Model.php(286): CodeIgniter\Database\BaseBuilder->get()
 3 SYSTEMPATH/BaseModel.php(676): CodeIgniter\Model->doFindAll()
 4 APPPATH/Models/FoodSearchModel.php(18): CodeIgniter\BaseModel->findAll()
 5 APPPATH/Controllers/FoodSearchController.php(16): App\Models\FoodSearchModel->findAllProducts()
 6 SYSTEMPATH/CodeIgniter.php(933): App\Controllers\FoodSearchController->getAllProducts()
 7 SYSTEMPATH/CodeIgniter.php(509): CodeIgniter\CodeIgniter->runController()
 8 SYSTEMPATH/CodeIgniter.php(355): CodeIgniter\CodeIgniter->handleRequest()
 9 SYSTEMPATH/Boot.php(325): CodeIgniter\CodeIgniter->run()
10 SYSTEMPATH/Boot.php(67): CodeIgniter\Boot::runCodeIgniter()
11 FCPATH/index.php(56): CodeIgniter\Boot::bootWeb()
CRITICAL - 2024-11-11 06:30:07 --> [Caused by] CodeIgniter\Database\Exceptions\DatabaseException: In aggregated query without GROUP BY, expression #1 of SELECT list contains nonaggregated column 'mysql.products.product_name'; this is incompatible with sql_mode=only_full_group_by
in SYSTEMPATH/Database/MySQLi/Connection.php on line 317.
 1 SYSTEMPATH/Database/BaseConnection.php(734): CodeIgniter\Database\MySQLi\Connection->execute()
 2 SYSTEMPATH/Database/BaseConnection.php(648): CodeIgniter\Database\BaseConnection->simpleQuery()
 3 SYSTEMPATH/Database/BaseBuilder.php(1644): CodeIgniter\Database\BaseConnection->query()
 4 SYSTEMPATH/Model.php(286): CodeIgniter\Database\BaseBuilder->get()
 5 SYSTEMPATH/BaseModel.php(676): CodeIgniter\Model->doFindAll()
 6 APPPATH/Models/FoodSearchModel.php(18): CodeIgniter\BaseModel->findAll()
 7 APPPATH/Controllers/FoodSearchController.php(16): App\Models\FoodSearchModel->findAllProducts()
 8 SYSTEMPATH/CodeIgniter.php(933): App\Controllers\FoodSearchController->getAllProducts()
 9 SYSTEMPATH/CodeIgniter.php(509): CodeIgniter\CodeIgniter->runController()
10 SYSTEMPATH/CodeIgniter.php(355): CodeIgniter\CodeIgniter->handleRequest()
11 SYSTEMPATH/Boot.php(325): CodeIgniter\CodeIgniter->run()
12 SYSTEMPATH/Boot.php(67): CodeIgniter\Boot::runCodeIgniter()
13 FCPATH/index.php(56): CodeIgniter\Boot::bootWeb()
CRITICAL - 2024-11-11 06:30:07 --> [Caused by] mysqli_sql_exception: In aggregated query without GROUP BY, expression #1 of SELECT list contains nonaggregated column 'mysql.products.product_name'; this is incompatible with sql_mode=only_full_group_by
in SYSTEMPATH/Database/MySQLi/Connection.php on line 312.
 1 SYSTEMPATH/Database/MySQLi/Connection.php(312): mysqli->query()
 2 SYSTEMPATH/Database/BaseConnection.php(734): CodeIgniter\Database\MySQLi\Connection->execute()
 3 SYSTEMPATH/Database/BaseConnection.php(648): CodeIgniter\Database\BaseConnection->simpleQuery()
 4 SYSTEMPATH/Database/BaseBuilder.php(1644): CodeIgniter\Database\BaseConnection->query()
 5 SYSTEMPATH/Model.php(286): CodeIgniter\Database\BaseBuilder->get()
 6 SYSTEMPATH/BaseModel.php(676): CodeIgniter\Model->doFindAll()
 7 APPPATH/Models/FoodSearchModel.php(18): CodeIgniter\BaseModel->findAll()
 8 APPPATH/Controllers/FoodSearchController.php(16): App\Models\FoodSearchModel->findAllProducts()
 9 SYSTEMPATH/CodeIgniter.php(933): App\Controllers\FoodSearchController->getAllProducts()
10 SYSTEMPATH/CodeIgniter.php(509): CodeIgniter\CodeIgniter->runController()
11 SYSTEMPATH/CodeIgniter.php(355): CodeIgniter\CodeIgniter->handleRequest()
12 SYSTEMPATH/Boot.php(325): CodeIgniter\CodeIgniter->run()
13 SYSTEMPATH/Boot.php(67): CodeIgniter\Boot::runCodeIgniter()
14 FCPATH/index.php(56): CodeIgniter\Boot::bootWeb()
ERROR - 2024-11-11 06:30:36 --> mysqli_sql_exception: In aggregated query without GROUP BY, expression #1 of SELECT list contains nonaggregated column 'mysql.products.product_name'; this is incompatible with sql_mode=only_full_group_by in /var/www/html/food_searching_apis/system/Database/MySQLi/Connection.php:312
Stack trace:
#0 /var/www/html/food_searching_apis/system/Database/MySQLi/Connection.php(312): mysqli->query()
#1 /var/www/html/food_searching_apis/system/Database/BaseConnection.php(734): CodeIgniter\Database\MySQLi\Connection->execute()
#2 /var/www/html/food_searching_apis/system/Database/BaseConnection.php(648): CodeIgniter\Database\BaseConnection->simpleQuery()
#3 /var/www/html/food_searching_apis/system/Database/BaseBuilder.php(1644): CodeIgniter\Database\BaseConnection->query()
#4 /var/www/html/food_searching_apis/system/Model.php(286): CodeIgniter\Database\BaseBuilder->get()
#5 /var/www/html/food_searching_apis/system/BaseModel.php(676): CodeIgniter\Model->doFindAll()
#6 /var/www/html/food_searching_apis/app/Models/FoodSearchModel.php(18): CodeIgniter\BaseModel->findAll()
#7 /var/www/html/food_searching_apis/app/Controllers/FoodSearchController.php(16): App\Models\FoodSearchModel->findAllProducts()
#8 /var/www/html/food_searching_apis/system/CodeIgniter.php(933): App\Controllers\FoodSearchController->getAllProducts()
#9 /var/www/html/food_searching_apis/system/CodeIgniter.php(509): CodeIgniter\CodeIgniter->runController()
#10 /var/www/html/food_searching_apis/system/CodeIgniter.php(355): CodeIgniter\CodeIgniter->handleRequest()
#11 /var/www/html/food_searching_apis/system/Boot.php(325): CodeIgniter\CodeIgniter->run()
#12 /var/www/html/food_searching_apis/system/Boot.php(67): CodeIgniter\Boot::runCodeIgniter()
#13 /var/www/html/food_searching_apis/public/index.php(56): CodeIgniter\Boot::bootWeb()
#14 {main}
CRITICAL - 2024-11-11 06:30:36 --> CodeIgniter\Database\Exceptions\DatabaseException: In aggregated query without GROUP BY, expression #1 of SELECT list contains nonaggregated column 'mysql.products.product_name'; this is incompatible with sql_mode=only_full_group_by
[Method: GET, Route: food]
in SYSTEMPATH/Database/BaseConnection.php on line 688.
 1 SYSTEMPATH/Database/BaseBuilder.php(1644): CodeIgniter\Database\BaseConnection->query()
 2 SYSTEMPATH/Model.php(286): CodeIgniter\Database\BaseBuilder->get()
 3 SYSTEMPATH/BaseModel.php(676): CodeIgniter\Model->doFindAll()
 4 APPPATH/Models/FoodSearchModel.php(18): CodeIgniter\BaseModel->findAll()
 5 APPPATH/Controllers/FoodSearchController.php(16): App\Models\FoodSearchModel->findAllProducts()
 6 SYSTEMPATH/CodeIgniter.php(933): App\Controllers\FoodSearchController->getAllProducts()
 7 SYSTEMPATH/CodeIgniter.php(509): CodeIgniter\CodeIgniter->runController()
 8 SYSTEMPATH/CodeIgniter.php(355): CodeIgniter\CodeIgniter->handleRequest()
 9 SYSTEMPATH/Boot.php(325): CodeIgniter\CodeIgniter->run()
10 SYSTEMPATH/Boot.php(67): CodeIgniter\Boot::runCodeIgniter()
11 FCPATH/index.php(56): CodeIgniter\Boot::bootWeb()
CRITICAL - 2024-11-11 06:30:36 --> [Caused by] CodeIgniter\Database\Exceptions\DatabaseException: In aggregated query without GROUP BY, expression #1 of SELECT list contains nonaggregated column 'mysql.products.product_name'; this is incompatible with sql_mode=only_full_group_by
in SYSTEMPATH/Database/MySQLi/Connection.php on line 317.
 1 SYSTEMPATH/Database/BaseConnection.php(734): CodeIgniter\Database\MySQLi\Connection->execute()
 2 SYSTEMPATH/Database/BaseConnection.php(648): CodeIgniter\Database\BaseConnection->simpleQuery()
 3 SYSTEMPATH/Database/BaseBuilder.php(1644): CodeIgniter\Database\BaseConnection->query()
 4 SYSTEMPATH/Model.php(286): CodeIgniter\Database\BaseBuilder->get()
 5 SYSTEMPATH/BaseModel.php(676): CodeIgniter\Model->doFindAll()
 6 APPPATH/Models/FoodSearchModel.php(18): CodeIgniter\BaseModel->findAll()
 7 APPPATH/Controllers/FoodSearchController.php(16): App\Models\FoodSearchModel->findAllProducts()
 8 SYSTEMPATH/CodeIgniter.php(933): App\Controllers\FoodSearchController->getAllProducts()
 9 SYSTEMPATH/CodeIgniter.php(509): CodeIgniter\CodeIgniter->runController()
10 SYSTEMPATH/CodeIgniter.php(355): CodeIgniter\CodeIgniter->handleRequest()
11 SYSTEMPATH/Boot.php(325): CodeIgniter\CodeIgniter->run()
12 SYSTEMPATH/Boot.php(67): CodeIgniter\Boot::runCodeIgniter()
13 FCPATH/index.php(56): CodeIgniter\Boot::bootWeb()
CRITICAL - 2024-11-11 06:30:36 --> [Caused by] mysqli_sql_exception: In aggregated query without GROUP BY, expression #1 of SELECT list contains nonaggregated column 'mysql.products.product_name'; this is incompatible with sql_mode=only_full_group_by
in SYSTEMPATH/Database/MySQLi/Connection.php on line 312.
 1 SYSTEMPATH/Database/MySQLi/Connection.php(312): mysqli->query()
 2 SYSTEMPATH/Database/BaseConnection.php(734): CodeIgniter\Database\MySQLi\Connection->execute()
 3 SYSTEMPATH/Database/BaseConnection.php(648): CodeIgniter\Database\BaseConnection->simpleQuery()
 4 SYSTEMPATH/Database/BaseBuilder.php(1644): CodeIgniter\Database\BaseConnection->query()
 5 SYSTEMPATH/Model.php(286): CodeIgniter\Database\BaseBuilder->get()
 6 SYSTEMPATH/BaseModel.php(676): CodeIgniter\Model->doFindAll()
 7 APPPATH/Models/FoodSearchModel.php(18): CodeIgniter\BaseModel->findAll()
 8 APPPATH/Controllers/FoodSearchController.php(16): App\Models\FoodSearchModel->findAllProducts()
 9 SYSTEMPATH/CodeIgniter.php(933): App\Controllers\FoodSearchController->getAllProducts()
10 SYSTEMPATH/CodeIgniter.php(509): CodeIgniter\CodeIgniter->runController()
11 SYSTEMPATH/CodeIgniter.php(355): CodeIgniter\CodeIgniter->handleRequest()
12 SYSTEMPATH/Boot.php(325): CodeIgniter\CodeIgniter->run()
13 SYSTEMPATH/Boot.php(67): CodeIgniter\Boot::runCodeIgniter()
14 FCPATH/index.php(56): CodeIgniter\Boot::bootWeb()
ERROR - 2024-11-11 06:34:20 --> mysqli_sql_exception: In aggregated query without GROUP BY, expression #1 of SELECT list contains nonaggregated column 'mysql.products.product_name'; this is incompatible with sql_mode=only_full_group_by in /var/www/html/food_searching_apis/system/Database/MySQLi/Connection.php:312
Stack trace:
#0 /var/www/html/food_searching_apis/system/Database/MySQLi/Connection.php(312): mysqli->query()
#1 /var/www/html/food_searching_apis/system/Database/BaseConnection.php(734): CodeIgniter\Database\MySQLi\Connection->execute()
#2 /var/www/html/food_searching_apis/system/Database/BaseConnection.php(648): CodeIgniter\Database\BaseConnection->simpleQuery()
#3 /var/www/html/food_searching_apis/system/Database/BaseBuilder.php(1644): CodeIgniter\Database\BaseConnection->query()
#4 /var/www/html/food_searching_apis/system/Model.php(286): CodeIgniter\Database\BaseBuilder->get()
#5 /var/www/html/food_searching_apis/system/BaseModel.php(676): CodeIgniter\Model->doFindAll()
#6 /var/www/html/food_searching_apis/app/Models/FoodSearchModel.php(18): CodeIgniter\BaseModel->findAll()
#7 /var/www/html/food_searching_apis/app/Controllers/FoodSearchController.php(16): App\Models\FoodSearchModel->findAllProducts()
#8 /var/www/html/food_searching_apis/system/CodeIgniter.php(933): App\Controllers\FoodSearchController->getAllProducts()
#9 /var/www/html/food_searching_apis/system/CodeIgniter.php(509): CodeIgniter\CodeIgniter->runController()
#10 /var/www/html/food_searching_apis/system/CodeIgniter.php(355): CodeIgniter\CodeIgniter->handleRequest()
#11 /var/www/html/food_searching_apis/system/Boot.php(325): CodeIgniter\CodeIgniter->run()
#12 /var/www/html/food_searching_apis/system/Boot.php(67): CodeIgniter\Boot::runCodeIgniter()
#13 /var/www/html/food_searching_apis/public/index.php(56): CodeIgniter\Boot::bootWeb()
#14 {main}
CRITICAL - 2024-11-11 06:34:20 --> CodeIgniter\Database\Exceptions\DatabaseException: In aggregated query without GROUP BY, expression #1 of SELECT list contains nonaggregated column 'mysql.products.product_name'; this is incompatible with sql_mode=only_full_group_by
[Method: GET, Route: food]
in SYSTEMPATH/Database/BaseConnection.php on line 688.
 1 SYSTEMPATH/Database/BaseBuilder.php(1644): CodeIgniter\Database\BaseConnection->query()
 2 SYSTEMPATH/Model.php(286): CodeIgniter\Database\BaseBuilder->get()
 3 SYSTEMPATH/BaseModel.php(676): CodeIgniter\Model->doFindAll()
 4 APPPATH/Models/FoodSearchModel.php(18): CodeIgniter\BaseModel->findAll()
 5 APPPATH/Controllers/FoodSearchController.php(16): App\Models\FoodSearchModel->findAllProducts()
 6 SYSTEMPATH/CodeIgniter.php(933): App\Controllers\FoodSearchController->getAllProducts()
 7 SYSTEMPATH/CodeIgniter.php(509): CodeIgniter\CodeIgniter->runController()
 8 SYSTEMPATH/CodeIgniter.php(355): CodeIgniter\CodeIgniter->handleRequest()
 9 SYSTEMPATH/Boot.php(325): CodeIgniter\CodeIgniter->run()
10 SYSTEMPATH/Boot.php(67): CodeIgniter\Boot::runCodeIgniter()
11 FCPATH/index.php(56): CodeIgniter\Boot::bootWeb()
CRITICAL - 2024-11-11 06:34:20 --> [Caused by] CodeIgniter\Database\Exceptions\DatabaseException: In aggregated query without GROUP BY, expression #1 of SELECT list contains nonaggregated column 'mysql.products.product_name'; this is incompatible with sql_mode=only_full_group_by
in SYSTEMPATH/Database/MySQLi/Connection.php on line 317.
 1 SYSTEMPATH/Database/BaseConnection.php(734): CodeIgniter\Database\MySQLi\Connection->execute()
 2 SYSTEMPATH/Database/BaseConnection.php(648): CodeIgniter\Database\BaseConnection->simpleQuery()
 3 SYSTEMPATH/Database/BaseBuilder.php(1644): CodeIgniter\Database\BaseConnection->query()
 4 SYSTEMPATH/Model.php(286): CodeIgniter\Database\BaseBuilder->get()
 5 SYSTEMPATH/BaseModel.php(676): CodeIgniter\Model->doFindAll()
 6 APPPATH/Models/FoodSearchModel.php(18): CodeIgniter\BaseModel->findAll()
 7 APPPATH/Controllers/FoodSearchController.php(16): App\Models\FoodSearchModel->findAllProducts()
 8 SYSTEMPATH/CodeIgniter.php(933): App\Controllers\FoodSearchController->getAllProducts()
 9 SYSTEMPATH/CodeIgniter.php(509): CodeIgniter\CodeIgniter->runController()
10 SYSTEMPATH/CodeIgniter.php(355): CodeIgniter\CodeIgniter->handleRequest()
11 SYSTEMPATH/Boot.php(325): CodeIgniter\CodeIgniter->run()
12 SYSTEMPATH/Boot.php(67): CodeIgniter\Boot::runCodeIgniter()
13 FCPATH/index.php(56): CodeIgniter\Boot::bootWeb()
CRITICAL - 2024-11-11 06:34:20 --> [Caused by] mysqli_sql_exception: In aggregated query without GROUP BY, expression #1 of SELECT list contains nonaggregated column 'mysql.products.product_name'; this is incompatible with sql_mode=only_full_group_by
in SYSTEMPATH/Database/MySQLi/Connection.php on line 312.
 1 SYSTEMPATH/Database/MySQLi/Connection.php(312): mysqli->query()
 2 SYSTEMPATH/Database/BaseConnection.php(734): CodeIgniter\Database\MySQLi\Connection->execute()
 3 SYSTEMPATH/Database/BaseConnection.php(648): CodeIgniter\Database\BaseConnection->simpleQuery()
 4 SYSTEMPATH/Database/BaseBuilder.php(1644): CodeIgniter\Database\BaseConnection->query()
 5 SYSTEMPATH/Model.php(286): CodeIgniter\Database\BaseBuilder->get()
 6 SYSTEMPATH/BaseModel.php(676): CodeIgniter\Model->doFindAll()
 7 APPPATH/Models/FoodSearchModel.php(18): CodeIgniter\BaseModel->findAll()
 8 APPPATH/Controllers/FoodSearchController.php(16): App\Models\FoodSearchModel->findAllProducts()
 9 SYSTEMPATH/CodeIgniter.php(933): App\Controllers\FoodSearchController->getAllProducts()
10 SYSTEMPATH/CodeIgniter.php(509): CodeIgniter\CodeIgniter->runController()
11 SYSTEMPATH/CodeIgniter.php(355): CodeIgniter\CodeIgniter->handleRequest()
12 SYSTEMPATH/Boot.php(325): CodeIgniter\CodeIgniter->run()
13 SYSTEMPATH/Boot.php(67): CodeIgniter\Boot::runCodeIgniter()
14 FCPATH/index.php(56): CodeIgniter\Boot::bootWeb()
ERROR - 2024-11-11 06:35:08 --> mysqli_sql_exception: In aggregated query without GROUP BY, expression #1 of SELECT list contains nonaggregated column 'mysql.products.product_name'; this is incompatible with sql_mode=only_full_group_by in /var/www/html/food_searching_apis/system/Database/MySQLi/Connection.php:312
Stack trace:
#0 /var/www/html/food_searching_apis/system/Database/MySQLi/Connection.php(312): mysqli->query()
#1 /var/www/html/food_searching_apis/system/Database/BaseConnection.php(734): CodeIgniter\Database\MySQLi\Connection->execute()
#2 /var/www/html/food_searching_apis/system/Database/BaseConnection.php(648): CodeIgniter\Database\BaseConnection->simpleQuery()
#3 /var/www/html/food_searching_apis/system/Database/BaseBuilder.php(1644): CodeIgniter\Database\BaseConnection->query()
#4 /var/www/html/food_searching_apis/system/Model.php(286): CodeIgniter\Database\BaseBuilder->get()
#5 /var/www/html/food_searching_apis/system/BaseModel.php(676): CodeIgniter\Model->doFindAll()
#6 /var/www/html/food_searching_apis/app/Models/FoodSearchModel.php(18): CodeIgniter\BaseModel->findAll()
#7 /var/www/html/food_searching_apis/app/Controllers/FoodSearchController.php(16): App\Models\FoodSearchModel->findAllProducts()
#8 /var/www/html/food_searching_apis/system/CodeIgniter.php(933): App\Controllers\FoodSearchController->getAllProducts()
#9 /var/www/html/food_searching_apis/system/CodeIgniter.php(509): CodeIgniter\CodeIgniter->runController()
#10 /var/www/html/food_searching_apis/system/CodeIgniter.php(355): CodeIgniter\CodeIgniter->handleRequest()
#11 /var/www/html/food_searching_apis/system/Boot.php(325): CodeIgniter\CodeIgniter->run()
#12 /var/www/html/food_searching_apis/system/Boot.php(67): CodeIgniter\Boot::runCodeIgniter()
#13 /var/www/html/food_searching_apis/public/index.php(56): CodeIgniter\Boot::bootWeb()
#14 {main}
CRITICAL - 2024-11-11 06:35:08 --> CodeIgniter\Database\Exceptions\DatabaseException: In aggregated query without GROUP BY, expression #1 of SELECT list contains nonaggregated column 'mysql.products.product_name'; this is incompatible with sql_mode=only_full_group_by
[Method: GET, Route: food]
in SYSTEMPATH/Database/BaseConnection.php on line 688.
 1 SYSTEMPATH/Database/BaseBuilder.php(1644): CodeIgniter\Database\BaseConnection->query()
 2 SYSTEMPATH/Model.php(286): CodeIgniter\Database\BaseBuilder->get()
 3 SYSTEMPATH/BaseModel.php(676): CodeIgniter\Model->doFindAll()
 4 APPPATH/Models/FoodSearchModel.php(18): CodeIgniter\BaseModel->findAll()
 5 APPPATH/Controllers/FoodSearchController.php(16): App\Models\FoodSearchModel->findAllProducts()
 6 SYSTEMPATH/CodeIgniter.php(933): App\Controllers\FoodSearchController->getAllProducts()
 7 SYSTEMPATH/CodeIgniter.php(509): CodeIgniter\CodeIgniter->runController()
 8 SYSTEMPATH/CodeIgniter.php(355): CodeIgniter\CodeIgniter->handleRequest()
 9 SYSTEMPATH/Boot.php(325): CodeIgniter\CodeIgniter->run()
10 SYSTEMPATH/Boot.php(67): CodeIgniter\Boot::runCodeIgniter()
11 FCPATH/index.php(56): CodeIgniter\Boot::bootWeb()
CRITICAL - 2024-11-11 06:35:08 --> [Caused by] CodeIgniter\Database\Exceptions\DatabaseException: In aggregated query without GROUP BY, expression #1 of SELECT list contains nonaggregated column 'mysql.products.product_name'; this is incompatible with sql_mode=only_full_group_by
in SYSTEMPATH/Database/MySQLi/Connection.php on line 317.
 1 SYSTEMPATH/Database/BaseConnection.php(734): CodeIgniter\Database\MySQLi\Connection->execute()
 2 SYSTEMPATH/Database/BaseConnection.php(648): CodeIgniter\Database\BaseConnection->simpleQuery()
 3 SYSTEMPATH/Database/BaseBuilder.php(1644): CodeIgniter\Database\BaseConnection->query()
 4 SYSTEMPATH/Model.php(286): CodeIgniter\Database\BaseBuilder->get()
 5 SYSTEMPATH/BaseModel.php(676): CodeIgniter\Model->doFindAll()
 6 APPPATH/Models/FoodSearchModel.php(18): CodeIgniter\BaseModel->findAll()
 7 APPPATH/Controllers/FoodSearchController.php(16): App\Models\FoodSearchModel->findAllProducts()
 8 SYSTEMPATH/CodeIgniter.php(933): App\Controllers\FoodSearchController->getAllProducts()
 9 SYSTEMPATH/CodeIgniter.php(509): CodeIgniter\CodeIgniter->runController()
10 SYSTEMPATH/CodeIgniter.php(355): CodeIgniter\CodeIgniter->handleRequest()
11 SYSTEMPATH/Boot.php(325): CodeIgniter\CodeIgniter->run()
12 SYSTEMPATH/Boot.php(67): CodeIgniter\Boot::runCodeIgniter()
13 FCPATH/index.php(56): CodeIgniter\Boot::bootWeb()
CRITICAL - 2024-11-11 06:35:08 --> [Caused by] mysqli_sql_exception: In aggregated query without GROUP BY, expression #1 of SELECT list contains nonaggregated column 'mysql.products.product_name'; this is incompatible with sql_mode=only_full_group_by
in SYSTEMPATH/Database/MySQLi/Connection.php on line 312.
 1 SYSTEMPATH/Database/MySQLi/Connection.php(312): mysqli->query()
 2 SYSTEMPATH/Database/BaseConnection.php(734): CodeIgniter\Database\MySQLi\Connection->execute()
 3 SYSTEMPATH/Database/BaseConnection.php(648): CodeIgniter\Database\BaseConnection->simpleQuery()
 4 SYSTEMPATH/Database/BaseBuilder.php(1644): CodeIgniter\Database\BaseConnection->query()
 5 SYSTEMPATH/Model.php(286): CodeIgniter\Database\BaseBuilder->get()
 6 SYSTEMPATH/BaseModel.php(676): CodeIgniter\Model->doFindAll()
 7 APPPATH/Models/FoodSearchModel.php(18): CodeIgniter\BaseModel->findAll()
 8 APPPATH/Controllers/FoodSearchController.php(16): App\Models\FoodSearchModel->findAllProducts()
 9 SYSTEMPATH/CodeIgniter.php(933): App\Controllers\FoodSearchController->getAllProducts()
10 SYSTEMPATH/CodeIgniter.php(509): CodeIgniter\CodeIgniter->runController()
11 SYSTEMPATH/CodeIgniter.php(355): CodeIgniter\CodeIgniter->handleRequest()
12 SYSTEMPATH/Boot.php(325): CodeIgniter\CodeIgniter->run()
13 SYSTEMPATH/Boot.php(67): CodeIgniter\Boot::runCodeIgniter()
14 FCPATH/index.php(56): CodeIgniter\Boot::bootWeb()
ERROR - 2024-11-11 06:35:33 --> mysqli_sql_exception: In aggregated query without GROUP BY, expression #1 of SELECT list contains nonaggregated column 'mysql.products.product_name'; this is incompatible with sql_mode=only_full_group_by in /var/www/html/food_searching_apis/system/Database/MySQLi/Connection.php:312
Stack trace:
#0 /var/www/html/food_searching_apis/system/Database/MySQLi/Connection.php(312): mysqli->query()
#1 /var/www/html/food_searching_apis/system/Database/BaseConnection.php(734): CodeIgniter\Database\MySQLi\Connection->execute()
#2 /var/www/html/food_searching_apis/system/Database/BaseConnection.php(648): CodeIgniter\Database\BaseConnection->simpleQuery()
#3 /var/www/html/food_searching_apis/system/Database/BaseBuilder.php(1644): CodeIgniter\Database\BaseConnection->query()
#4 /var/www/html/food_searching_apis/system/Model.php(286): CodeIgniter\Database\BaseBuilder->get()
#5 /var/www/html/food_searching_apis/system/BaseModel.php(676): CodeIgniter\Model->doFindAll()
#6 /var/www/html/food_searching_apis/app/Models/FoodSearchModel.php(19): CodeIgniter\BaseModel->findAll()
#7 /var/www/html/food_searching_apis/app/Controllers/FoodSearchController.php(16): App\Models\FoodSearchModel->findAllProducts()
#8 /var/www/html/food_searching_apis/system/CodeIgniter.php(933): App\Controllers\FoodSearchController->getAllProducts()
#9 /var/www/html/food_searching_apis/system/CodeIgniter.php(509): CodeIgniter\CodeIgniter->runController()
#10 /var/www/html/food_searching_apis/system/CodeIgniter.php(355): CodeIgniter\CodeIgniter->handleRequest()
#11 /var/www/html/food_searching_apis/system/Boot.php(325): CodeIgniter\CodeIgniter->run()
#12 /var/www/html/food_searching_apis/system/Boot.php(67): CodeIgniter\Boot::runCodeIgniter()
#13 /var/www/html/food_searching_apis/public/index.php(56): CodeIgniter\Boot::bootWeb()
#14 {main}
CRITICAL - 2024-11-11 06:35:33 --> CodeIgniter\Database\Exceptions\DatabaseException: In aggregated query without GROUP BY, expression #1 of SELECT list contains nonaggregated column 'mysql.products.product_name'; this is incompatible with sql_mode=only_full_group_by
[Method: GET, Route: food]
in SYSTEMPATH/Database/BaseConnection.php on line 688.
 1 SYSTEMPATH/Database/BaseBuilder.php(1644): CodeIgniter\Database\BaseConnection->query()
 2 SYSTEMPATH/Model.php(286): CodeIgniter\Database\BaseBuilder->get()
 3 SYSTEMPATH/BaseModel.php(676): CodeIgniter\Model->doFindAll()
 4 APPPATH/Models/FoodSearchModel.php(19): CodeIgniter\BaseModel->findAll()
 5 APPPATH/Controllers/FoodSearchController.php(16): App\Models\FoodSearchModel->findAllProducts()
 6 SYSTEMPATH/CodeIgniter.php(933): App\Controllers\FoodSearchController->getAllProducts()
 7 SYSTEMPATH/CodeIgniter.php(509): CodeIgniter\CodeIgniter->runController()
 8 SYSTEMPATH/CodeIgniter.php(355): CodeIgniter\CodeIgniter->handleRequest()
 9 SYSTEMPATH/Boot.php(325): CodeIgniter\CodeIgniter->run()
10 SYSTEMPATH/Boot.php(67): CodeIgniter\Boot::runCodeIgniter()
11 FCPATH/index.php(56): CodeIgniter\Boot::bootWeb()
CRITICAL - 2024-11-11 06:35:33 --> [Caused by] CodeIgniter\Database\Exceptions\DatabaseException: In aggregated query without GROUP BY, expression #1 of SELECT list contains nonaggregated column 'mysql.products.product_name'; this is incompatible with sql_mode=only_full_group_by
in SYSTEMPATH/Database/MySQLi/Connection.php on line 317.
 1 SYSTEMPATH/Database/BaseConnection.php(734): CodeIgniter\Database\MySQLi\Connection->execute()
 2 SYSTEMPATH/Database/BaseConnection.php(648): CodeIgniter\Database\BaseConnection->simpleQuery()
 3 SYSTEMPATH/Database/BaseBuilder.php(1644): CodeIgniter\Database\BaseConnection->query()
 4 SYSTEMPATH/Model.php(286): CodeIgniter\Database\BaseBuilder->get()
 5 SYSTEMPATH/BaseModel.php(676): CodeIgniter\Model->doFindAll()
 6 APPPATH/Models/FoodSearchModel.php(19): CodeIgniter\BaseModel->findAll()
 7 APPPATH/Controllers/FoodSearchController.php(16): App\Models\FoodSearchModel->findAllProducts()
 8 SYSTEMPATH/CodeIgniter.php(933): App\Controllers\FoodSearchController->getAllProducts()
 9 SYSTEMPATH/CodeIgniter.php(509): CodeIgniter\CodeIgniter->runController()
10 SYSTEMPATH/CodeIgniter.php(355): CodeIgniter\CodeIgniter->handleRequest()
11 SYSTEMPATH/Boot.php(325): CodeIgniter\CodeIgniter->run()
12 SYSTEMPATH/Boot.php(67): CodeIgniter\Boot::runCodeIgniter()
13 FCPATH/index.php(56): CodeIgniter\Boot::bootWeb()
CRITICAL - 2024-11-11 06:35:33 --> [Caused by] mysqli_sql_exception: In aggregated query without GROUP BY, expression #1 of SELECT list contains nonaggregated column 'mysql.products.product_name'; this is incompatible with sql_mode=only_full_group_by
in SYSTEMPATH/Database/MySQLi/Connection.php on line 312.
 1 SYSTEMPATH/Database/MySQLi/Connection.php(312): mysqli->query()
 2 SYSTEMPATH/Database/BaseConnection.php(734): CodeIgniter\Database\MySQLi\Connection->execute()
 3 SYSTEMPATH/Database/BaseConnection.php(648): CodeIgniter\Database\BaseConnection->simpleQuery()
 4 SYSTEMPATH/Database/BaseBuilder.php(1644): CodeIgniter\Database\BaseConnection->query()
 5 SYSTEMPATH/Model.php(286): CodeIgniter\Database\BaseBuilder->get()
 6 SYSTEMPATH/BaseModel.php(676): CodeIgniter\Model->doFindAll()
 7 APPPATH/Models/FoodSearchModel.php(19): CodeIgniter\BaseModel->findAll()
 8 APPPATH/Controllers/FoodSearchController.php(16): App\Models\FoodSearchModel->findAllProducts()
 9 SYSTEMPATH/CodeIgniter.php(933): App\Controllers\FoodSearchController->getAllProducts()
10 SYSTEMPATH/CodeIgniter.php(509): CodeIgniter\CodeIgniter->runController()
11 SYSTEMPATH/CodeIgniter.php(355): CodeIgniter\CodeIgniter->handleRequest()
12 SYSTEMPATH/Boot.php(325): CodeIgniter\CodeIgniter->run()
13 SYSTEMPATH/Boot.php(67): CodeIgniter\Boot::runCodeIgniter()
14 FCPATH/index.php(56): CodeIgniter\Boot::bootWeb()
ERROR - 2024-11-11 06:35:34 --> mysqli_sql_exception: In aggregated query without GROUP BY, expression #1 of SELECT list contains nonaggregated column 'mysql.products.product_name'; this is incompatible with sql_mode=only_full_group_by in /var/www/html/food_searching_apis/system/Database/MySQLi/Connection.php:312
Stack trace:
#0 /var/www/html/food_searching_apis/system/Database/MySQLi/Connection.php(312): mysqli->query()
#1 /var/www/html/food_searching_apis/system/Database/BaseConnection.php(734): CodeIgniter\Database\MySQLi\Connection->execute()
#2 /var/www/html/food_searching_apis/system/Database/BaseConnection.php(648): CodeIgniter\Database\BaseConnection->simpleQuery()
#3 /var/www/html/food_searching_apis/system/Database/BaseBuilder.php(1644): CodeIgniter\Database\BaseConnection->query()
#4 /var/www/html/food_searching_apis/system/Model.php(286): CodeIgniter\Database\BaseBuilder->get()
#5 /var/www/html/food_searching_apis/system/BaseModel.php(676): CodeIgniter\Model->doFindAll()
#6 /var/www/html/food_searching_apis/app/Models/FoodSearchModel.php(19): CodeIgniter\BaseModel->findAll()
#7 /var/www/html/food_searching_apis/app/Controllers/FoodSearchController.php(16): App\Models\FoodSearchModel->findAllProducts()
#8 /var/www/html/food_searching_apis/system/CodeIgniter.php(933): App\Controllers\FoodSearchController->getAllProducts()
#9 /var/www/html/food_searching_apis/system/CodeIgniter.php(509): CodeIgniter\CodeIgniter->runController()
#10 /var/www/html/food_searching_apis/system/CodeIgniter.php(355): CodeIgniter\CodeIgniter->handleRequest()
#11 /var/www/html/food_searching_apis/system/Boot.php(325): CodeIgniter\CodeIgniter->run()
#12 /var/www/html/food_searching_apis/system/Boot.php(67): CodeIgniter\Boot::runCodeIgniter()
#13 /var/www/html/food_searching_apis/public/index.php(56): CodeIgniter\Boot::bootWeb()
#14 {main}
CRITICAL - 2024-11-11 06:35:34 --> CodeIgniter\Database\Exceptions\DatabaseException: In aggregated query without GROUP BY, expression #1 of SELECT list contains nonaggregated column 'mysql.products.product_name'; this is incompatible with sql_mode=only_full_group_by
[Method: GET, Route: food]
in SYSTEMPATH/Database/BaseConnection.php on line 688.
 1 SYSTEMPATH/Database/BaseBuilder.php(1644): CodeIgniter\Database\BaseConnection->query()
 2 SYSTEMPATH/Model.php(286): CodeIgniter\Database\BaseBuilder->get()
 3 SYSTEMPATH/BaseModel.php(676): CodeIgniter\Model->doFindAll()
 4 APPPATH/Models/FoodSearchModel.php(19): CodeIgniter\BaseModel->findAll()
 5 APPPATH/Controllers/FoodSearchController.php(16): App\Models\FoodSearchModel->findAllProducts()
 6 SYSTEMPATH/CodeIgniter.php(933): App\Controllers\FoodSearchController->getAllProducts()
 7 SYSTEMPATH/CodeIgniter.php(509): CodeIgniter\CodeIgniter->runController()
 8 SYSTEMPATH/CodeIgniter.php(355): CodeIgniter\CodeIgniter->handleRequest()
 9 SYSTEMPATH/Boot.php(325): CodeIgniter\CodeIgniter->run()
10 SYSTEMPATH/Boot.php(67): CodeIgniter\Boot::runCodeIgniter()
11 FCPATH/index.php(56): CodeIgniter\Boot::bootWeb()
CRITICAL - 2024-11-11 06:35:34 --> [Caused by] CodeIgniter\Database\Exceptions\DatabaseException: In aggregated query without GROUP BY, expression #1 of SELECT list contains nonaggregated column 'mysql.products.product_name'; this is incompatible with sql_mode=only_full_group_by
in SYSTEMPATH/Database/MySQLi/Connection.php on line 317.
 1 SYSTEMPATH/Database/BaseConnection.php(734): CodeIgniter\Database\MySQLi\Connection->execute()
 2 SYSTEMPATH/Database/BaseConnection.php(648): CodeIgniter\Database\BaseConnection->simpleQuery()
 3 SYSTEMPATH/Database/BaseBuilder.php(1644): CodeIgniter\Database\BaseConnection->query()
 4 SYSTEMPATH/Model.php(286): CodeIgniter\Database\BaseBuilder->get()
 5 SYSTEMPATH/BaseModel.php(676): CodeIgniter\Model->doFindAll()
 6 APPPATH/Models/FoodSearchModel.php(19): CodeIgniter\BaseModel->findAll()
 7 APPPATH/Controllers/FoodSearchController.php(16): App\Models\FoodSearchModel->findAllProducts()
 8 SYSTEMPATH/CodeIgniter.php(933): App\Controllers\FoodSearchController->getAllProducts()
 9 SYSTEMPATH/CodeIgniter.php(509): CodeIgniter\CodeIgniter->runController()
10 SYSTEMPATH/CodeIgniter.php(355): CodeIgniter\CodeIgniter->handleRequest()
11 SYSTEMPATH/Boot.php(325): CodeIgniter\CodeIgniter->run()
12 SYSTEMPATH/Boot.php(67): CodeIgniter\Boot::runCodeIgniter()
13 FCPATH/index.php(56): CodeIgniter\Boot::bootWeb()
CRITICAL - 2024-11-11 06:35:34 --> [Caused by] mysqli_sql_exception: In aggregated query without GROUP BY, expression #1 of SELECT list contains nonaggregated column 'mysql.products.product_name'; this is incompatible with sql_mode=only_full_group_by
in SYSTEMPATH/Database/MySQLi/Connection.php on line 312.
 1 SYSTEMPATH/Database/MySQLi/Connection.php(312): mysqli->query()
 2 SYSTEMPATH/Database/BaseConnection.php(734): CodeIgniter\Database\MySQLi\Connection->execute()
 3 SYSTEMPATH/Database/BaseConnection.php(648): CodeIgniter\Database\BaseConnection->simpleQuery()
 4 SYSTEMPATH/Database/BaseBuilder.php(1644): CodeIgniter\Database\BaseConnection->query()
 5 SYSTEMPATH/Model.php(286): CodeIgniter\Database\BaseBuilder->get()
 6 SYSTEMPATH/BaseModel.php(676): CodeIgniter\Model->doFindAll()
 7 APPPATH/Models/FoodSearchModel.php(19): CodeIgniter\BaseModel->findAll()
 8 APPPATH/Controllers/FoodSearchController.php(16): App\Models\FoodSearchModel->findAllProducts()
 9 SYSTEMPATH/CodeIgniter.php(933): App\Controllers\FoodSearchController->getAllProducts()
10 SYSTEMPATH/CodeIgniter.php(509): CodeIgniter\CodeIgniter->runController()
11 SYSTEMPATH/CodeIgniter.php(355): CodeIgniter\CodeIgniter->handleRequest()
12 SYSTEMPATH/Boot.php(325): CodeIgniter\CodeIgniter->run()
13 SYSTEMPATH/Boot.php(67): CodeIgniter\Boot::runCodeIgniter()
14 FCPATH/index.php(56): CodeIgniter\Boot::bootWeb()
ERROR - 2024-11-11 06:35:34 --> mysqli_sql_exception: In aggregated query without GROUP BY, expression #1 of SELECT list contains nonaggregated column 'mysql.products.product_name'; this is incompatible with sql_mode=only_full_group_by in /var/www/html/food_searching_apis/system/Database/MySQLi/Connection.php:312
Stack trace:
#0 /var/www/html/food_searching_apis/system/Database/MySQLi/Connection.php(312): mysqli->query()
#1 /var/www/html/food_searching_apis/system/Database/BaseConnection.php(734): CodeIgniter\Database\MySQLi\Connection->execute()
#2 /var/www/html/food_searching_apis/system/Database/BaseConnection.php(648): CodeIgniter\Database\BaseConnection->simpleQuery()
#3 /var/www/html/food_searching_apis/system/Database/BaseBuilder.php(1644): CodeIgniter\Database\BaseConnection->query()
#4 /var/www/html/food_searching_apis/system/Model.php(286): CodeIgniter\Database\BaseBuilder->get()
#5 /var/www/html/food_searching_apis/system/BaseModel.php(676): CodeIgniter\Model->doFindAll()
#6 /var/www/html/food_searching_apis/app/Models/FoodSearchModel.php(19): CodeIgniter\BaseModel->findAll()
#7 /var/www/html/food_searching_apis/app/Controllers/FoodSearchController.php(16): App\Models\FoodSearchModel->findAllProducts()
#8 /var/www/html/food_searching_apis/system/CodeIgniter.php(933): App\Controllers\FoodSearchController->getAllProducts()
#9 /var/www/html/food_searching_apis/system/CodeIgniter.php(509): CodeIgniter\CodeIgniter->runController()
#10 /var/www/html/food_searching_apis/system/CodeIgniter.php(355): CodeIgniter\CodeIgniter->handleRequest()
#11 /var/www/html/food_searching_apis/system/Boot.php(325): CodeIgniter\CodeIgniter->run()
#12 /var/www/html/food_searching_apis/system/Boot.php(67): CodeIgniter\Boot::runCodeIgniter()
#13 /var/www/html/food_searching_apis/public/index.php(56): CodeIgniter\Boot::bootWeb()
#14 {main}
CRITICAL - 2024-11-11 06:35:34 --> CodeIgniter\Database\Exceptions\DatabaseException: In aggregated query without GROUP BY, expression #1 of SELECT list contains nonaggregated column 'mysql.products.product_name'; this is incompatible with sql_mode=only_full_group_by
[Method: GET, Route: food]
in SYSTEMPATH/Database/BaseConnection.php on line 688.
 1 SYSTEMPATH/Database/BaseBuilder.php(1644): CodeIgniter\Database\BaseConnection->query()
 2 SYSTEMPATH/Model.php(286): CodeIgniter\Database\BaseBuilder->get()
 3 SYSTEMPATH/BaseModel.php(676): CodeIgniter\Model->doFindAll()
 4 APPPATH/Models/FoodSearchModel.php(19): CodeIgniter\BaseModel->findAll()
 5 APPPATH/Controllers/FoodSearchController.php(16): App\Models\FoodSearchModel->findAllProducts()
 6 SYSTEMPATH/CodeIgniter.php(933): App\Controllers\FoodSearchController->getAllProducts()
 7 SYSTEMPATH/CodeIgniter.php(509): CodeIgniter\CodeIgniter->runController()
 8 SYSTEMPATH/CodeIgniter.php(355): CodeIgniter\CodeIgniter->handleRequest()
 9 SYSTEMPATH/Boot.php(325): CodeIgniter\CodeIgniter->run()
10 SYSTEMPATH/Boot.php(67): CodeIgniter\Boot::runCodeIgniter()
11 FCPATH/index.php(56): CodeIgniter\Boot::bootWeb()
CRITICAL - 2024-11-11 06:35:34 --> [Caused by] CodeIgniter\Database\Exceptions\DatabaseException: In aggregated query without GROUP BY, expression #1 of SELECT list contains nonaggregated column 'mysql.products.product_name'; this is incompatible with sql_mode=only_full_group_by
in SYSTEMPATH/Database/MySQLi/Connection.php on line 317.
 1 SYSTEMPATH/Database/BaseConnection.php(734): CodeIgniter\Database\MySQLi\Connection->execute()
 2 SYSTEMPATH/Database/BaseConnection.php(648): CodeIgniter\Database\BaseConnection->simpleQuery()
 3 SYSTEMPATH/Database/BaseBuilder.php(1644): CodeIgniter\Database\BaseConnection->query()
 4 SYSTEMPATH/Model.php(286): CodeIgniter\Database\BaseBuilder->get()
 5 SYSTEMPATH/BaseModel.php(676): CodeIgniter\Model->doFindAll()
 6 APPPATH/Models/FoodSearchModel.php(19): CodeIgniter\BaseModel->findAll()
 7 APPPATH/Controllers/FoodSearchController.php(16): App\Models\FoodSearchModel->findAllProducts()
 8 SYSTEMPATH/CodeIgniter.php(933): App\Controllers\FoodSearchController->getAllProducts()
 9 SYSTEMPATH/CodeIgniter.php(509): CodeIgniter\CodeIgniter->runController()
10 SYSTEMPATH/CodeIgniter.php(355): CodeIgniter\CodeIgniter->handleRequest()
11 SYSTEMPATH/Boot.php(325): CodeIgniter\CodeIgniter->run()
12 SYSTEMPATH/Boot.php(67): CodeIgniter\Boot::runCodeIgniter()
13 FCPATH/index.php(56): CodeIgniter\Boot::bootWeb()
CRITICAL - 2024-11-11 06:35:34 --> [Caused by] mysqli_sql_exception: In aggregated query without GROUP BY, expression #1 of SELECT list contains nonaggregated column 'mysql.products.product_name'; this is incompatible with sql_mode=only_full_group_by
in SYSTEMPATH/Database/MySQLi/Connection.php on line 312.
 1 SYSTEMPATH/Database/MySQLi/Connection.php(312): mysqli->query()
 2 SYSTEMPATH/Database/BaseConnection.php(734): CodeIgniter\Database\MySQLi\Connection->execute()
 3 SYSTEMPATH/Database/BaseConnection.php(648): CodeIgniter\Database\BaseConnection->simpleQuery()
 4 SYSTEMPATH/Database/BaseBuilder.php(1644): CodeIgniter\Database\BaseConnection->query()
 5 SYSTEMPATH/Model.php(286): CodeIgniter\Database\BaseBuilder->get()
 6 SYSTEMPATH/BaseModel.php(676): CodeIgniter\Model->doFindAll()
 7 APPPATH/Models/FoodSearchModel.php(19): CodeIgniter\BaseModel->findAll()
 8 APPPATH/Controllers/FoodSearchController.php(16): App\Models\FoodSearchModel->findAllProducts()
 9 SYSTEMPATH/CodeIgniter.php(933): App\Controllers\FoodSearchController->getAllProducts()
10 SYSTEMPATH/CodeIgniter.php(509): CodeIgniter\CodeIgniter->runController()
11 SYSTEMPATH/CodeIgniter.php(355): CodeIgniter\CodeIgniter->handleRequest()
12 SYSTEMPATH/Boot.php(325): CodeIgniter\CodeIgniter->run()
13 SYSTEMPATH/Boot.php(67): CodeIgniter\Boot::runCodeIgniter()
14 FCPATH/index.php(56): CodeIgniter\Boot::bootWeb()
ERROR - 2024-11-11 06:35:35 --> mysqli_sql_exception: In aggregated query without GROUP BY, expression #1 of SELECT list contains nonaggregated column 'mysql.products.product_name'; this is incompatible with sql_mode=only_full_group_by in /var/www/html/food_searching_apis/system/Database/MySQLi/Connection.php:312
Stack trace:
#0 /var/www/html/food_searching_apis/system/Database/MySQLi/Connection.php(312): mysqli->query()
#1 /var/www/html/food_searching_apis/system/Database/BaseConnection.php(734): CodeIgniter\Database\MySQLi\Connection->execute()
#2 /var/www/html/food_searching_apis/system/Database/BaseConnection.php(648): CodeIgniter\Database\BaseConnection->simpleQuery()
#3 /var/www/html/food_searching_apis/system/Database/BaseBuilder.php(1644): CodeIgniter\Database\BaseConnection->query()
#4 /var/www/html/food_searching_apis/system/Model.php(286): CodeIgniter\Database\BaseBuilder->get()
#5 /var/www/html/food_searching_apis/system/BaseModel.php(676): CodeIgniter\Model->doFindAll()
#6 /var/www/html/food_searching_apis/app/Models/FoodSearchModel.php(19): CodeIgniter\BaseModel->findAll()
#7 /var/www/html/food_searching_apis/app/Controllers/FoodSearchController.php(16): App\Models\FoodSearchModel->findAllProducts()
#8 /var/www/html/food_searching_apis/system/CodeIgniter.php(933): App\Controllers\FoodSearchController->getAllProducts()
#9 /var/www/html/food_searching_apis/system/CodeIgniter.php(509): CodeIgniter\CodeIgniter->runController()
#10 /var/www/html/food_searching_apis/system/CodeIgniter.php(355): CodeIgniter\CodeIgniter->handleRequest()
#11 /var/www/html/food_searching_apis/system/Boot.php(325): CodeIgniter\CodeIgniter->run()
#12 /var/www/html/food_searching_apis/system/Boot.php(67): CodeIgniter\Boot::runCodeIgniter()
#13 /var/www/html/food_searching_apis/public/index.php(56): CodeIgniter\Boot::bootWeb()
#14 {main}
CRITICAL - 2024-11-11 06:35:35 --> CodeIgniter\Database\Exceptions\DatabaseException: In aggregated query without GROUP BY, expression #1 of SELECT list contains nonaggregated column 'mysql.products.product_name'; this is incompatible with sql_mode=only_full_group_by
[Method: GET, Route: food]
in SYSTEMPATH/Database/BaseConnection.php on line 688.
 1 SYSTEMPATH/Database/BaseBuilder.php(1644): CodeIgniter\Database\BaseConnection->query()
 2 SYSTEMPATH/Model.php(286): CodeIgniter\Database\BaseBuilder->get()
 3 SYSTEMPATH/BaseModel.php(676): CodeIgniter\Model->doFindAll()
 4 APPPATH/Models/FoodSearchModel.php(19): CodeIgniter\BaseModel->findAll()
 5 APPPATH/Controllers/FoodSearchController.php(16): App\Models\FoodSearchModel->findAllProducts()
 6 SYSTEMPATH/CodeIgniter.php(933): App\Controllers\FoodSearchController->getAllProducts()
 7 SYSTEMPATH/CodeIgniter.php(509): CodeIgniter\CodeIgniter->runController()
 8 SYSTEMPATH/CodeIgniter.php(355): CodeIgniter\CodeIgniter->handleRequest()
 9 SYSTEMPATH/Boot.php(325): CodeIgniter\CodeIgniter->run()
10 SYSTEMPATH/Boot.php(67): CodeIgniter\Boot::runCodeIgniter()
11 FCPATH/index.php(56): CodeIgniter\Boot::bootWeb()
CRITICAL - 2024-11-11 06:35:35 --> [Caused by] CodeIgniter\Database\Exceptions\DatabaseException: In aggregated query without GROUP BY, expression #1 of SELECT list contains nonaggregated column 'mysql.products.product_name'; this is incompatible with sql_mode=only_full_group_by
in SYSTEMPATH/Database/MySQLi/Connection.php on line 317.
 1 SYSTEMPATH/Database/BaseConnection.php(734): CodeIgniter\Database\MySQLi\Connection->execute()
 2 SYSTEMPATH/Database/BaseConnection.php(648): CodeIgniter\Database\BaseConnection->simpleQuery()
 3 SYSTEMPATH/Database/BaseBuilder.php(1644): CodeIgniter\Database\BaseConnection->query()
 4 SYSTEMPATH/Model.php(286): CodeIgniter\Database\BaseBuilder->get()
 5 SYSTEMPATH/BaseModel.php(676): CodeIgniter\Model->doFindAll()
 6 APPPATH/Models/FoodSearchModel.php(19): CodeIgniter\BaseModel->findAll()
 7 APPPATH/Controllers/FoodSearchController.php(16): App\Models\FoodSearchModel->findAllProducts()
 8 SYSTEMPATH/CodeIgniter.php(933): App\Controllers\FoodSearchController->getAllProducts()
 9 SYSTEMPATH/CodeIgniter.php(509): CodeIgniter\CodeIgniter->runController()
10 SYSTEMPATH/CodeIgniter.php(355): CodeIgniter\CodeIgniter->handleRequest()
11 SYSTEMPATH/Boot.php(325): CodeIgniter\CodeIgniter->run()
12 SYSTEMPATH/Boot.php(67): CodeIgniter\Boot::runCodeIgniter()
13 FCPATH/index.php(56): CodeIgniter\Boot::bootWeb()
CRITICAL - 2024-11-11 06:35:35 --> [Caused by] mysqli_sql_exception: In aggregated query without GROUP BY, expression #1 of SELECT list contains nonaggregated column 'mysql.products.product_name'; this is incompatible with sql_mode=only_full_group_by
in SYSTEMPATH/Database/MySQLi/Connection.php on line 312.
 1 SYSTEMPATH/Database/MySQLi/Connection.php(312): mysqli->query()
 2 SYSTEMPATH/Database/BaseConnection.php(734): CodeIgniter\Database\MySQLi\Connection->execute()
 3 SYSTEMPATH/Database/BaseConnection.php(648): CodeIgniter\Database\BaseConnection->simpleQuery()
 4 SYSTEMPATH/Database/BaseBuilder.php(1644): CodeIgniter\Database\BaseConnection->query()
 5 SYSTEMPATH/Model.php(286): CodeIgniter\Database\BaseBuilder->get()
 6 SYSTEMPATH/BaseModel.php(676): CodeIgniter\Model->doFindAll()
 7 APPPATH/Models/FoodSearchModel.php(19): CodeIgniter\BaseModel->findAll()
 8 APPPATH/Controllers/FoodSearchController.php(16): App\Models\FoodSearchModel->findAllProducts()
 9 SYSTEMPATH/CodeIgniter.php(933): App\Controllers\FoodSearchController->getAllProducts()
10 SYSTEMPATH/CodeIgniter.php(509): CodeIgniter\CodeIgniter->runController()
11 SYSTEMPATH/CodeIgniter.php(355): CodeIgniter\CodeIgniter->handleRequest()
12 SYSTEMPATH/Boot.php(325): CodeIgniter\CodeIgniter->run()
13 SYSTEMPATH/Boot.php(67): CodeIgniter\Boot::runCodeIgniter()
14 FCPATH/index.php(56): CodeIgniter\Boot::bootWeb()
ERROR - 2024-11-11 06:57:26 --> mysqli_sql_exception: You have an error in your SQL syntax; check the manual that corresponds to your MySQL server version for the right syntax to use near 'on toppings_groups.group_name ) as Product_Customization, `products`.`veg_non_ve' at line 1 in /var/www/html/food_searching_apis/system/Database/MySQLi/Connection.php:312
Stack trace:
#0 /var/www/html/food_searching_apis/system/Database/MySQLi/Connection.php(312): mysqli->query()
#1 /var/www/html/food_searching_apis/system/Database/BaseConnection.php(734): CodeIgniter\Database\MySQLi\Connection->execute()
#2 /var/www/html/food_searching_apis/system/Database/BaseConnection.php(648): CodeIgniter\Database\BaseConnection->simpleQuery()
#3 /var/www/html/food_searching_apis/system/Database/BaseBuilder.php(1644): CodeIgniter\Database\BaseConnection->query()
#4 /var/www/html/food_searching_apis/system/Model.php(286): CodeIgniter\Database\BaseBuilder->get()
#5 /var/www/html/food_searching_apis/system/BaseModel.php(676): CodeIgniter\Model->doFindAll()
#6 /var/www/html/food_searching_apis/app/Models/FoodSearchModel.php(22): CodeIgniter\BaseModel->findAll()
#7 /var/www/html/food_searching_apis/app/Controllers/FoodSearchController.php(16): App\Models\FoodSearchModel->findAllProducts()
#8 /var/www/html/food_searching_apis/system/CodeIgniter.php(933): App\Controllers\FoodSearchController->getAllProducts()
#9 /var/www/html/food_searching_apis/system/CodeIgniter.php(509): CodeIgniter\CodeIgniter->runController()
#10 /var/www/html/food_searching_apis/system/CodeIgniter.php(355): CodeIgniter\CodeIgniter->handleRequest()
#11 /var/www/html/food_searching_apis/system/Boot.php(325): CodeIgniter\CodeIgniter->run()
#12 /var/www/html/food_searching_apis/system/Boot.php(67): CodeIgniter\Boot::runCodeIgniter()
#13 /var/www/html/food_searching_apis/public/index.php(56): CodeIgniter\Boot::bootWeb()
#14 {main}
CRITICAL - 2024-11-11 06:57:26 --> CodeIgniter\Database\Exceptions\DatabaseException: You have an error in your SQL syntax; check the manual that corresponds to your MySQL server version for the right syntax to use near 'on toppings_groups.group_name ) as Product_Customization, `products`.`veg_non_ve' at line 1
[Method: GET, Route: food]
in SYSTEMPATH/Database/BaseConnection.php on line 688.
 1 SYSTEMPATH/Database/BaseBuilder.php(1644): CodeIgniter\Database\BaseConnection->query()
 2 SYSTEMPATH/Model.php(286): CodeIgniter\Database\BaseBuilder->get()
 3 SYSTEMPATH/BaseModel.php(676): CodeIgniter\Model->doFindAll()
 4 APPPATH/Models/FoodSearchModel.php(22): CodeIgniter\BaseModel->findAll()
 5 APPPATH/Controllers/FoodSearchController.php(16): App\Models\FoodSearchModel->findAllProducts()
 6 SYSTEMPATH/CodeIgniter.php(933): App\Controllers\FoodSearchController->getAllProducts()
 7 SYSTEMPATH/CodeIgniter.php(509): CodeIgniter\CodeIgniter->runController()
 8 SYSTEMPATH/CodeIgniter.php(355): CodeIgniter\CodeIgniter->handleRequest()
 9 SYSTEMPATH/Boot.php(325): CodeIgniter\CodeIgniter->run()
10 SYSTEMPATH/Boot.php(67): CodeIgniter\Boot::runCodeIgniter()
11 FCPATH/index.php(56): CodeIgniter\Boot::bootWeb()
CRITICAL - 2024-11-11 06:57:26 --> [Caused by] CodeIgniter\Database\Exceptions\DatabaseException: You have an error in your SQL syntax; check the manual that corresponds to your MySQL server version for the right syntax to use near 'on toppings_groups.group_name ) as Product_Customization, `products`.`veg_non_ve' at line 1
in SYSTEMPATH/Database/MySQLi/Connection.php on line 317.
 1 SYSTEMPATH/Database/BaseConnection.php(734): CodeIgniter\Database\MySQLi\Connection->execute()
 2 SYSTEMPATH/Database/BaseConnection.php(648): CodeIgniter\Database\BaseConnection->simpleQuery()
 3 SYSTEMPATH/Database/BaseBuilder.php(1644): CodeIgniter\Database\BaseConnection->query()
 4 SYSTEMPATH/Model.php(286): CodeIgniter\Database\BaseBuilder->get()
 5 SYSTEMPATH/BaseModel.php(676): CodeIgniter\Model->doFindAll()
 6 APPPATH/Models/FoodSearchModel.php(22): CodeIgniter\BaseModel->findAll()
 7 APPPATH/Controllers/FoodSearchController.php(16): App\Models\FoodSearchModel->findAllProducts()
 8 SYSTEMPATH/CodeIgniter.php(933): App\Controllers\FoodSearchController->getAllProducts()
 9 SYSTEMPATH/CodeIgniter.php(509): CodeIgniter\CodeIgniter->runController()
10 SYSTEMPATH/CodeIgniter.php(355): CodeIgniter\CodeIgniter->handleRequest()
11 SYSTEMPATH/Boot.php(325): CodeIgniter\CodeIgniter->run()
12 SYSTEMPATH/Boot.php(67): CodeIgniter\Boot::runCodeIgniter()
13 FCPATH/index.php(56): CodeIgniter\Boot::bootWeb()
CRITICAL - 2024-11-11 06:57:26 --> [Caused by] mysqli_sql_exception: You have an error in your SQL syntax; check the manual that corresponds to your MySQL server version for the right syntax to use near 'on toppings_groups.group_name ) as Product_Customization, `products`.`veg_non_ve' at line 1
in SYSTEMPATH/Database/MySQLi/Connection.php on line 312.
 1 SYSTEMPATH/Database/MySQLi/Connection.php(312): mysqli->query()
 2 SYSTEMPATH/Database/BaseConnection.php(734): CodeIgniter\Database\MySQLi\Connection->execute()
 3 SYSTEMPATH/Database/BaseConnection.php(648): CodeIgniter\Database\BaseConnection->simpleQuery()
 4 SYSTEMPATH/Database/BaseBuilder.php(1644): CodeIgniter\Database\BaseConnection->query()
 5 SYSTEMPATH/Model.php(286): CodeIgniter\Database\BaseBuilder->get()
 6 SYSTEMPATH/BaseModel.php(676): CodeIgniter\Model->doFindAll()
 7 APPPATH/Models/FoodSearchModel.php(22): CodeIgniter\BaseModel->findAll()
 8 APPPATH/Controllers/FoodSearchController.php(16): App\Models\FoodSearchModel->findAllProducts()
 9 SYSTEMPATH/CodeIgniter.php(933): App\Controllers\FoodSearchController->getAllProducts()
10 SYSTEMPATH/CodeIgniter.php(509): CodeIgniter\CodeIgniter->runController()
11 SYSTEMPATH/CodeIgniter.php(355): CodeIgniter\CodeIgniter->handleRequest()
12 SYSTEMPATH/Boot.php(325): CodeIgniter\CodeIgniter->run()
13 SYSTEMPATH/Boot.php(67): CodeIgniter\Boot::runCodeIgniter()
14 FCPATH/index.php(56): CodeIgniter\Boot::bootWeb()
ERROR - 2024-11-11 07:32:27 --> mysqli_sql_exception: Unknown column 'products.product_prices' in 'field list' in /var/www/html/food_searching_apis/system/Database/MySQLi/Connection.php:312
Stack trace:
#0 /var/www/html/food_searching_apis/system/Database/MySQLi/Connection.php(312): mysqli->query()
#1 /var/www/html/food_searching_apis/system/Database/BaseConnection.php(734): CodeIgniter\Database\MySQLi\Connection->execute()
#2 /var/www/html/food_searching_apis/system/Database/BaseConnection.php(648): CodeIgniter\Database\BaseConnection->simpleQuery()
#3 /var/www/html/food_searching_apis/system/Database/BaseBuilder.php(1644): CodeIgniter\Database\BaseConnection->query()
#4 /var/www/html/food_searching_apis/system/Model.php(286): CodeIgniter\Database\BaseBuilder->get()
#5 /var/www/html/food_searching_apis/system/BaseModel.php(676): CodeIgniter\Model->doFindAll()
#6 /var/www/html/food_searching_apis/app/Models/FoodSearchModel.php(22): CodeIgniter\BaseModel->findAll()
#7 /var/www/html/food_searching_apis/app/Controllers/FoodSearchController.php(16): App\Models\FoodSearchModel->findAllProducts()
#8 /var/www/html/food_searching_apis/system/CodeIgniter.php(933): App\Controllers\FoodSearchController->getAllProducts()
#9 /var/www/html/food_searching_apis/system/CodeIgniter.php(509): CodeIgniter\CodeIgniter->runController()
#10 /var/www/html/food_searching_apis/system/CodeIgniter.php(355): CodeIgniter\CodeIgniter->handleRequest()
#11 /var/www/html/food_searching_apis/system/Boot.php(325): CodeIgniter\CodeIgniter->run()
#12 /var/www/html/food_searching_apis/system/Boot.php(67): CodeIgniter\Boot::runCodeIgniter()
#13 /var/www/html/food_searching_apis/public/index.php(56): CodeIgniter\Boot::bootWeb()
#14 {main}
CRITICAL - 2024-11-11 07:32:27 --> CodeIgniter\Database\Exceptions\DatabaseException: Unknown column 'products.product_prices' in 'field list'
[Method: GET, Route: food]
in SYSTEMPATH/Database/BaseConnection.php on line 688.
 1 SYSTEMPATH/Database/BaseBuilder.php(1644): CodeIgniter\Database\BaseConnection->query()
 2 SYSTEMPATH/Model.php(286): CodeIgniter\Database\BaseBuilder->get()
 3 SYSTEMPATH/BaseModel.php(676): CodeIgniter\Model->doFindAll()
 4 APPPATH/Models/FoodSearchModel.php(22): CodeIgniter\BaseModel->findAll()
 5 APPPATH/Controllers/FoodSearchController.php(16): App\Models\FoodSearchModel->findAllProducts()
 6 SYSTEMPATH/CodeIgniter.php(933): App\Controllers\FoodSearchController->getAllProducts()
 7 SYSTEMPATH/CodeIgniter.php(509): CodeIgniter\CodeIgniter->runController()
 8 SYSTEMPATH/CodeIgniter.php(355): CodeIgniter\CodeIgniter->handleRequest()
 9 SYSTEMPATH/Boot.php(325): CodeIgniter\CodeIgniter->run()
10 SYSTEMPATH/Boot.php(67): CodeIgniter\Boot::runCodeIgniter()
11 FCPATH/index.php(56): CodeIgniter\Boot::bootWeb()
CRITICAL - 2024-11-11 07:32:27 --> [Caused by] CodeIgniter\Database\Exceptions\DatabaseException: Unknown column 'products.product_prices' in 'field list'
in SYSTEMPATH/Database/MySQLi/Connection.php on line 317.
 1 SYSTEMPATH/Database/BaseConnection.php(734): CodeIgniter\Database\MySQLi\Connection->execute()
 2 SYSTEMPATH/Database/BaseConnection.php(648): CodeIgniter\Database\BaseConnection->simpleQuery()
 3 SYSTEMPATH/Database/BaseBuilder.php(1644): CodeIgniter\Database\BaseConnection->query()
 4 SYSTEMPATH/Model.php(286): CodeIgniter\Database\BaseBuilder->get()
 5 SYSTEMPATH/BaseModel.php(676): CodeIgniter\Model->doFindAll()
 6 APPPATH/Models/FoodSearchModel.php(22): CodeIgniter\BaseModel->findAll()
 7 APPPATH/Controllers/FoodSearchController.php(16): App\Models\FoodSearchModel->findAllProducts()
 8 SYSTEMPATH/CodeIgniter.php(933): App\Controllers\FoodSearchController->getAllProducts()
 9 SYSTEMPATH/CodeIgniter.php(509): CodeIgniter\CodeIgniter->runController()
10 SYSTEMPATH/CodeIgniter.php(355): CodeIgniter\CodeIgniter->handleRequest()
11 SYSTEMPATH/Boot.php(325): CodeIgniter\CodeIgniter->run()
12 SYSTEMPATH/Boot.php(67): CodeIgniter\Boot::runCodeIgniter()
13 FCPATH/index.php(56): CodeIgniter\Boot::bootWeb()
CRITICAL - 2024-11-11 07:32:27 --> [Caused by] mysqli_sql_exception: Unknown column 'products.product_prices' in 'field list'
in SYSTEMPATH/Database/MySQLi/Connection.php on line 312.
 1 SYSTEMPATH/Database/MySQLi/Connection.php(312): mysqli->query()
 2 SYSTEMPATH/Database/BaseConnection.php(734): CodeIgniter\Database\MySQLi\Connection->execute()
 3 SYSTEMPATH/Database/BaseConnection.php(648): CodeIgniter\Database\BaseConnection->simpleQuery()
 4 SYSTEMPATH/Database/BaseBuilder.php(1644): CodeIgniter\Database\BaseConnection->query()
 5 SYSTEMPATH/Model.php(286): CodeIgniter\Database\BaseBuilder->get()
 6 SYSTEMPATH/BaseModel.php(676): CodeIgniter\Model->doFindAll()
 7 APPPATH/Models/FoodSearchModel.php(22): CodeIgniter\BaseModel->findAll()
 8 APPPATH/Controllers/FoodSearchController.php(16): App\Models\FoodSearchModel->findAllProducts()
 9 SYSTEMPATH/CodeIgniter.php(933): App\Controllers\FoodSearchController->getAllProducts()
10 SYSTEMPATH/CodeIgniter.php(509): CodeIgniter\CodeIgniter->runController()
11 SYSTEMPATH/CodeIgniter.php(355): CodeIgniter\CodeIgniter->handleRequest()
12 SYSTEMPATH/Boot.php(325): CodeIgniter\CodeIgniter->run()
13 SYSTEMPATH/Boot.php(67): CodeIgniter\Boot::runCodeIgniter()
14 FCPATH/index.php(56): CodeIgniter\Boot::bootWeb()
ERROR - 2024-11-11 07:32:58 --> mysqli_sql_exception: Expression #3 of SELECT list is not in GROUP BY clause and contains nonaggregated column 'mysql.product_prices.price' which is not functionally dependent on columns in GROUP BY clause; this is incompatible with sql_mode=only_full_group_by in /var/www/html/food_searching_apis/system/Database/MySQLi/Connection.php:312
Stack trace:
#0 /var/www/html/food_searching_apis/system/Database/MySQLi/Connection.php(312): mysqli->query()
#1 /var/www/html/food_searching_apis/system/Database/BaseConnection.php(734): CodeIgniter\Database\MySQLi\Connection->execute()
#2 /var/www/html/food_searching_apis/system/Database/BaseConnection.php(648): CodeIgniter\Database\BaseConnection->simpleQuery()
#3 /var/www/html/food_searching_apis/system/Database/BaseBuilder.php(1644): CodeIgniter\Database\BaseConnection->query()
#4 /var/www/html/food_searching_apis/system/Model.php(286): CodeIgniter\Database\BaseBuilder->get()
#5 /var/www/html/food_searching_apis/system/BaseModel.php(676): CodeIgniter\Model->doFindAll()
#6 /var/www/html/food_searching_apis/app/Models/FoodSearchModel.php(22): CodeIgniter\BaseModel->findAll()
#7 /var/www/html/food_searching_apis/app/Controllers/FoodSearchController.php(16): App\Models\FoodSearchModel->findAllProducts()
#8 /var/www/html/food_searching_apis/system/CodeIgniter.php(933): App\Controllers\FoodSearchController->getAllProducts()
#9 /var/www/html/food_searching_apis/system/CodeIgniter.php(509): CodeIgniter\CodeIgniter->runController()
#10 /var/www/html/food_searching_apis/system/CodeIgniter.php(355): CodeIgniter\CodeIgniter->handleRequest()
#11 /var/www/html/food_searching_apis/system/Boot.php(325): CodeIgniter\CodeIgniter->run()
#12 /var/www/html/food_searching_apis/system/Boot.php(67): CodeIgniter\Boot::runCodeIgniter()
#13 /var/www/html/food_searching_apis/public/index.php(56): CodeIgniter\Boot::bootWeb()
#14 {main}
CRITICAL - 2024-11-11 07:32:58 --> CodeIgniter\Database\Exceptions\DatabaseException: Expression #3 of SELECT list is not in GROUP BY clause and contains nonaggregated column 'mysql.product_prices.price' which is not functionally dependent on columns in GROUP BY clause; this is incompatible with sql_mode=only_full_group_by
[Method: GET, Route: food]
in SYSTEMPATH/Database/BaseConnection.php on line 688.
 1 SYSTEMPATH/Database/BaseBuilder.php(1644): CodeIgniter\Database\BaseConnection->query()
 2 SYSTEMPATH/Model.php(286): CodeIgniter\Database\BaseBuilder->get()
 3 SYSTEMPATH/BaseModel.php(676): CodeIgniter\Model->doFindAll()
 4 APPPATH/Models/FoodSearchModel.php(22): CodeIgniter\BaseModel->findAll()
 5 APPPATH/Controllers/FoodSearchController.php(16): App\Models\FoodSearchModel->findAllProducts()
 6 SYSTEMPATH/CodeIgniter.php(933): App\Controllers\FoodSearchController->getAllProducts()
 7 SYSTEMPATH/CodeIgniter.php(509): CodeIgniter\CodeIgniter->runController()
 8 SYSTEMPATH/CodeIgniter.php(355): CodeIgniter\CodeIgniter->handleRequest()
 9 SYSTEMPATH/Boot.php(325): CodeIgniter\CodeIgniter->run()
10 SYSTEMPATH/Boot.php(67): CodeIgniter\Boot::runCodeIgniter()
11 FCPATH/index.php(56): CodeIgniter\Boot::bootWeb()
CRITICAL - 2024-11-11 07:32:58 --> [Caused by] CodeIgniter\Database\Exceptions\DatabaseException: Expression #3 of SELECT list is not in GROUP BY clause and contains nonaggregated column 'mysql.product_prices.price' which is not functionally dependent on columns in GROUP BY clause; this is incompatible with sql_mode=only_full_group_by
in SYSTEMPATH/Database/MySQLi/Connection.php on line 317.
 1 SYSTEMPATH/Database/BaseConnection.php(734): CodeIgniter\Database\MySQLi\Connection->execute()
 2 SYSTEMPATH/Database/BaseConnection.php(648): CodeIgniter\Database\BaseConnection->simpleQuery()
 3 SYSTEMPATH/Database/BaseBuilder.php(1644): CodeIgniter\Database\BaseConnection->query()
 4 SYSTEMPATH/Model.php(286): CodeIgniter\Database\BaseBuilder->get()
 5 SYSTEMPATH/BaseModel.php(676): CodeIgniter\Model->doFindAll()
 6 APPPATH/Models/FoodSearchModel.php(22): CodeIgniter\BaseModel->findAll()
 7 APPPATH/Controllers/FoodSearchController.php(16): App\Models\FoodSearchModel->findAllProducts()
 8 SYSTEMPATH/CodeIgniter.php(933): App\Controllers\FoodSearchController->getAllProducts()
 9 SYSTEMPATH/CodeIgniter.php(509): CodeIgniter\CodeIgniter->runController()
10 SYSTEMPATH/CodeIgniter.php(355): CodeIgniter\CodeIgniter->handleRequest()
11 SYSTEMPATH/Boot.php(325): CodeIgniter\CodeIgniter->run()
12 SYSTEMPATH/Boot.php(67): CodeIgniter\Boot::runCodeIgniter()
13 FCPATH/index.php(56): CodeIgniter\Boot::bootWeb()
CRITICAL - 2024-11-11 07:32:58 --> [Caused by] mysqli_sql_exception: Expression #3 of SELECT list is not in GROUP BY clause and contains nonaggregated column 'mysql.product_prices.price' which is not functionally dependent on columns in GROUP BY clause; this is incompatible with sql_mode=only_full_group_by
in SYSTEMPATH/Database/MySQLi/Connection.php on line 312.
 1 SYSTEMPATH/Database/MySQLi/Connection.php(312): mysqli->query()
 2 SYSTEMPATH/Database/BaseConnection.php(734): CodeIgniter\Database\MySQLi\Connection->execute()
 3 SYSTEMPATH/Database/BaseConnection.php(648): CodeIgniter\Database\BaseConnection->simpleQuery()
 4 SYSTEMPATH/Database/BaseBuilder.php(1644): CodeIgniter\Database\BaseConnection->query()
 5 SYSTEMPATH/Model.php(286): CodeIgniter\Database\BaseBuilder->get()
 6 SYSTEMPATH/BaseModel.php(676): CodeIgniter\Model->doFindAll()
 7 APPPATH/Models/FoodSearchModel.php(22): CodeIgniter\BaseModel->findAll()
 8 APPPATH/Controllers/FoodSearchController.php(16): App\Models\FoodSearchModel->findAllProducts()
 9 SYSTEMPATH/CodeIgniter.php(933): App\Controllers\FoodSearchController->getAllProducts()
10 SYSTEMPATH/CodeIgniter.php(509): CodeIgniter\CodeIgniter->runController()
11 SYSTEMPATH/CodeIgniter.php(355): CodeIgniter\CodeIgniter->handleRequest()
12 SYSTEMPATH/Boot.php(325): CodeIgniter\CodeIgniter->run()
13 SYSTEMPATH/Boot.php(67): CodeIgniter\Boot::runCodeIgniter()
14 FCPATH/index.php(56): CodeIgniter\Boot::bootWeb()
CRITICAL - 2024-11-11 08:08:57 --> CodeIgniter\HTTP\Exceptions\BadRequestException: The URI you submitted has disallowed characters: "category=pizza,pasta"
[Method: GET, Route: category=pizza,pasta]
in SYSTEMPATH/Router/Router.php on line 737.
 1 SYSTEMPATH/Router/Router.php(204): CodeIgniter\Router\Router->checkDisallowedChars()
 2 SYSTEMPATH/CodeIgniter.php(834): CodeIgniter\Router\Router->handle()
 3 SYSTEMPATH/CodeIgniter.php(457): CodeIgniter\CodeIgniter->tryToRouteIt()
 4 SYSTEMPATH/CodeIgniter.php(355): CodeIgniter\CodeIgniter->handleRequest()
 5 SYSTEMPATH/Boot.php(325): CodeIgniter\CodeIgniter->run()
 6 SYSTEMPATH/Boot.php(67): CodeIgniter\Boot::runCodeIgniter()
 7 FCPATH/index.php(56): CodeIgniter\Boot::bootWeb()
CRITICAL - 2024-11-11 08:38:21 --> CodeIgniter\HTTP\Exceptions\BadRequestException: The URI you submitted has disallowed characters: "filter=cheese,pasta"
[Method: GET, Route: filter=cheese,pasta]
in SYSTEMPATH/Router/Router.php on line 737.
 1 SYSTEMPATH/Router/Router.php(204): CodeIgniter\Router\Router->checkDisallowedChars()
 2 SYSTEMPATH/CodeIgniter.php(834): CodeIgniter\Router\Router->handle()
 3 SYSTEMPATH/CodeIgniter.php(457): CodeIgniter\CodeIgniter->tryToRouteIt()
 4 SYSTEMPATH/CodeIgniter.php(355): CodeIgniter\CodeIgniter->handleRequest()
 5 SYSTEMPATH/Boot.php(325): CodeIgniter\CodeIgniter->run()
 6 SYSTEMPATH/Boot.php(67): CodeIgniter\Boot::runCodeIgniter()
 7 FCPATH/index.php(56): CodeIgniter\Boot::bootWeb()
CRITICAL - 2024-11-11 08:38:42 --> TypeError: explode(): Argument #2 ($string) must be of type string, array given
[Method: GET, Route: filter]
in APPPATH/Models/FoodSearchModel.php on line 26.
 1 APPPATH/Models/FoodSearchModel.php(26): explode()
 2 APPPATH/Controllers/FoodSearchController.php(27): App\Models\FoodSearchModel->filterProducts()
 3 SYSTEMPATH/CodeIgniter.php(933): App\Controllers\FoodSearchController->filterProducts()
 4 SYSTEMPATH/CodeIgniter.php(509): CodeIgniter\CodeIgniter->runController()
 5 SYSTEMPATH/CodeIgniter.php(355): CodeIgniter\CodeIgniter->handleRequest()
 6 SYSTEMPATH/Boot.php(325): CodeIgniter\CodeIgniter->run()
 7 SYSTEMPATH/Boot.php(67): CodeIgniter\Boot::runCodeIgniter()
 8 FCPATH/index.php(56): CodeIgniter\Boot::bootWeb()
CRITICAL - 2024-11-11 08:39:27 --> TypeError: explode(): Argument #2 ($string) must be of type string, array given
[Method: GET, Route: filter]
in APPPATH/Models/FoodSearchModel.php on line 26.
 1 APPPATH/Models/FoodSearchModel.php(26): explode()
 2 APPPATH/Controllers/FoodSearchController.php(27): App\Models\FoodSearchModel->filterProducts()
 3 SYSTEMPATH/CodeIgniter.php(933): App\Controllers\FoodSearchController->filterProducts()
 4 SYSTEMPATH/CodeIgniter.php(509): CodeIgniter\CodeIgniter->runController()
 5 SYSTEMPATH/CodeIgniter.php(355): CodeIgniter\CodeIgniter->handleRequest()
 6 SYSTEMPATH/Boot.php(325): CodeIgniter\CodeIgniter->run()
 7 SYSTEMPATH/Boot.php(67): CodeIgniter\Boot::runCodeIgniter()
 8 FCPATH/index.php(56): CodeIgniter\Boot::bootWeb()
CRITICAL - 2024-11-11 08:50:28 --> InvalidArgumentException: whereIn() expects $values to be of type array or closure
[Method: GET, Route: filter]
in SYSTEMPATH/Database/BaseBuilder.php on line 959.
 1 SYSTEMPATH/Database/BaseBuilder.php(845): CodeIgniter\Database\BaseBuilder->_whereIn()
 2 SYSTEMPATH/Model.php(930): CodeIgniter\Database\BaseBuilder->whereIn()
 3 APPPATH/Models/FoodSearchModel.php(47): CodeIgniter\Model->__call()
 4 APPPATH/Controllers/FoodSearchController.php(36): App\Models\FoodSearchModel->filterToppings()
 5 SYSTEMPATH/CodeIgniter.php(933): App\Controllers\FoodSearchController->filterTopping()
 6 SYSTEMPATH/CodeIgniter.php(509): CodeIgniter\CodeIgniter->runController()
 7 SYSTEMPATH/CodeIgniter.php(355): CodeIgniter\CodeIgniter->handleRequest()
 8 SYSTEMPATH/Boot.php(325): CodeIgniter\CodeIgniter->run()
 9 SYSTEMPATH/Boot.php(67): CodeIgniter\Boot::runCodeIgniter()
10 FCPATH/index.php(56): CodeIgniter\Boot::bootWeb()
CRITICAL - 2024-11-11 08:50:42 --> InvalidArgumentException: whereIn() expects $values to be of type array or closure
[Method: GET, Route: filter]
in SYSTEMPATH/Database/BaseBuilder.php on line 959.
 1 SYSTEMPATH/Database/BaseBuilder.php(845): CodeIgniter\Database\BaseBuilder->_whereIn()
 2 SYSTEMPATH/Model.php(930): CodeIgniter\Database\BaseBuilder->whereIn()
 3 APPPATH/Models/FoodSearchModel.php(47): CodeIgniter\Model->__call()
 4 APPPATH/Controllers/FoodSearchController.php(36): App\Models\FoodSearchModel->filterToppings()
 5 SYSTEMPATH/CodeIgniter.php(933): App\Controllers\FoodSearchController->filterTopping()
 6 SYSTEMPATH/CodeIgniter.php(509): CodeIgniter\CodeIgniter->runController()
 7 SYSTEMPATH/CodeIgniter.php(355): CodeIgniter\CodeIgniter->handleRequest()
 8 SYSTEMPATH/Boot.php(325): CodeIgniter\CodeIgniter->run()
 9 SYSTEMPATH/Boot.php(67): CodeIgniter\Boot::runCodeIgniter()
10 FCPATH/index.php(56): CodeIgniter\Boot::bootWeb()
WARNING - 2024-11-11 10:46:09 --> [DEPRECATED] strpos(): Passing null to parameter #1 ($haystack) of type string is deprecated in APPPATH/Controllers/FoodSearchController.php on line 68.
 1 APPPATH/Controllers/FoodSearchController.php(68): strpos(null, '-')
 2 SYSTEMPATH/CodeIgniter.php(933): App\Controllers\FoodSearchController->filterRating()
 3 SYSTEMPATH/CodeIgniter.php(509): CodeIgniter\CodeIgniter->runController(Object(App\Controllers\FoodSearchController))
 4 SYSTEMPATH/CodeIgniter.php(355): CodeIgniter\CodeIgniter->handleRequest(null, Object(Config\Cache), false)
 5 SYSTEMPATH/Boot.php(325): CodeIgniter\CodeIgniter->run()
 6 SYSTEMPATH/Boot.php(67): CodeIgniter\Boot::runCodeIgniter(Object(CodeIgniter\CodeIgniter))
 7 FCPATH/index.php(56): CodeIgniter\Boot::bootWeb(Object(Config\Paths))
CRITICAL - 2024-11-11 10:46:09 --> ErrorException: Undefined variable $data
[Method: GET, Route: filter]
in APPPATH/Controllers/FoodSearchController.php on line 74.
 1 APPPATH/Controllers/FoodSearchController.php(74): CodeIgniter\Debug\Exceptions->errorHandler()
 2 SYSTEMPATH/CodeIgniter.php(933): App\Controllers\FoodSearchController->filterRating()
 3 SYSTEMPATH/CodeIgniter.php(509): CodeIgniter\CodeIgniter->runController()
 4 SYSTEMPATH/CodeIgniter.php(355): CodeIgniter\CodeIgniter->handleRequest()
 5 SYSTEMPATH/Boot.php(325): CodeIgniter\CodeIgniter->run()
 6 SYSTEMPATH/Boot.php(67): CodeIgniter\Boot::runCodeIgniter()
 7 FCPATH/index.php(56): CodeIgniter\Boot::bootWeb()
CRITICAL - 2024-11-11 11:20:23 --> ArgumentCountError: Too few arguments to function App\Controllers\FoodSearchController::filterPrice(), 0 passed in /var/www/html/food_searching_apis/system/CodeIgniter.php on line 933 and exactly 2 expected
[Method: GET, Route: filter]
in APPPATH/Controllers/FoodSearchController.php on line 60.
 1 SYSTEMPATH/CodeIgniter.php(933): App\Controllers\FoodSearchController->filterPrice()
 2 SYSTEMPATH/CodeIgniter.php(509): CodeIgniter\CodeIgniter->runController()
 3 SYSTEMPATH/CodeIgniter.php(355): CodeIgniter\CodeIgniter->handleRequest()
 4 SYSTEMPATH/Boot.php(325): CodeIgniter\CodeIgniter->run()
 5 SYSTEMPATH/Boot.php(67): CodeIgniter\Boot::runCodeIgniter()
 6 FCPATH/index.php(56): CodeIgniter\Boot::bootWeb()
CRITICAL - 2024-11-11 11:30:07 --> TypeError: strpos(): Argument #2 ($needle) must be of type string, array given
[Method: GET, Route: filter]
in APPPATH/Controllers/FoodSearchController.php on line 92.
 1 APPPATH/Controllers/FoodSearchController.php(92): strpos()
 2 SYSTEMPATH/CodeIgniter.php(933): App\Controllers\FoodSearchController->filterRatings()
 3 SYSTEMPATH/CodeIgniter.php(509): CodeIgniter\CodeIgniter->runController()
 4 SYSTEMPATH/CodeIgniter.php(355): CodeIgniter\CodeIgniter->handleRequest()
 5 SYSTEMPATH/Boot.php(325): CodeIgniter\CodeIgniter->run()
 6 SYSTEMPATH/Boot.php(67): CodeIgniter\Boot::runCodeIgniter()
 7 FCPATH/index.php(56): CodeIgniter\Boot::bootWeb()
CRITICAL - 2024-11-11 11:31:26 --> TypeError: strpos(): Argument #1 ($haystack) must be of type string, array given
[Method: GET, Route: filter]
in APPPATH/Controllers/FoodSearchController.php on line 92.
 1 APPPATH/Controllers/FoodSearchController.php(92): strpos()
 2 SYSTEMPATH/CodeIgniter.php(933): App\Controllers\FoodSearchController->filterRatings()
 3 SYSTEMPATH/CodeIgniter.php(509): CodeIgniter\CodeIgniter->runController()
 4 SYSTEMPATH/CodeIgniter.php(355): CodeIgniter\CodeIgniter->handleRequest()
 5 SYSTEMPATH/Boot.php(325): CodeIgniter\CodeIgniter->run()
 6 SYSTEMPATH/Boot.php(67): CodeIgniter\Boot::runCodeIgniter()
 7 FCPATH/index.php(56): CodeIgniter\Boot::bootWeb()
CRITICAL - 2024-11-11 11:32:26 --> TypeError: count(): Argument #2 ($mode) must be of type int, string given
[Method: GET, Route: filter]
in APPPATH/Controllers/FoodSearchController.php on line 92.
 1 APPPATH/Controllers/FoodSearchController.php(92): count()
 2 SYSTEMPATH/CodeIgniter.php(933): App\Controllers\FoodSearchController->filterRatings()
 3 SYSTEMPATH/CodeIgniter.php(509): CodeIgniter\CodeIgniter->runController()
 4 SYSTEMPATH/CodeIgniter.php(355): CodeIgniter\CodeIgniter->handleRequest()
 5 SYSTEMPATH/Boot.php(325): CodeIgniter\CodeIgniter->run()
 6 SYSTEMPATH/Boot.php(67): CodeIgniter\Boot::runCodeIgniter()
 7 FCPATH/index.php(56): CodeIgniter\Boot::bootWeb()
ERROR - 2024-11-11 11:37:08 --> mysqli_sql_exception: Unknown column 'ratings.rating_value' in 'having clause' in /var/www/html/food_searching_apis/system/Database/MySQLi/Connection.php:312
Stack trace:
#0 /var/www/html/food_searching_apis/system/Database/MySQLi/Connection.php(312): mysqli->query()
#1 /var/www/html/food_searching_apis/system/Database/BaseConnection.php(734): CodeIgniter\Database\MySQLi\Connection->execute()
#2 /var/www/html/food_searching_apis/system/Database/BaseConnection.php(648): CodeIgniter\Database\BaseConnection->simpleQuery()
#3 /var/www/html/food_searching_apis/system/Database/BaseBuilder.php(1644): CodeIgniter\Database\BaseConnection->query()
#4 /var/www/html/food_searching_apis/system/Model.php(286): CodeIgniter\Database\BaseBuilder->get()
#5 /var/www/html/food_searching_apis/system/BaseModel.php(676): CodeIgniter\Model->doFindAll()
#6 /var/www/html/food_searching_apis/app/Models/FoodSearchModel.php(92): CodeIgniter\BaseModel->findAll()
#7 /var/www/html/food_searching_apis/app/Controllers/FoodSearchController.php(103): App\Models\FoodSearchModel->filterRatings()
#8 /var/www/html/food_searching_apis/system/CodeIgniter.php(933): App\Controllers\FoodSearchController->filterRatings()
#9 /var/www/html/food_searching_apis/system/CodeIgniter.php(509): CodeIgniter\CodeIgniter->runController()
#10 /var/www/html/food_searching_apis/system/CodeIgniter.php(355): CodeIgniter\CodeIgniter->handleRequest()
#11 /var/www/html/food_searching_apis/system/Boot.php(325): CodeIgniter\CodeIgniter->run()
#12 /var/www/html/food_searching_apis/system/Boot.php(67): CodeIgniter\Boot::runCodeIgniter()
#13 /var/www/html/food_searching_apis/public/index.php(56): CodeIgniter\Boot::bootWeb()
#14 {main}
CRITICAL - 2024-11-11 11:37:08 --> CodeIgniter\Database\Exceptions\DatabaseException: Unknown column 'ratings.rating_value' in 'having clause'
[Method: GET, Route: filter]
in SYSTEMPATH/Database/BaseConnection.php on line 688.
 1 SYSTEMPATH/Database/BaseBuilder.php(1644): CodeIgniter\Database\BaseConnection->query()
 2 SYSTEMPATH/Model.php(286): CodeIgniter\Database\BaseBuilder->get()
 3 SYSTEMPATH/BaseModel.php(676): CodeIgniter\Model->doFindAll()
 4 APPPATH/Models/FoodSearchModel.php(92): CodeIgniter\BaseModel->findAll()
 5 APPPATH/Controllers/FoodSearchController.php(103): App\Models\FoodSearchModel->filterRatings()
 6 SYSTEMPATH/CodeIgniter.php(933): App\Controllers\FoodSearchController->filterRatings()
 7 SYSTEMPATH/CodeIgniter.php(509): CodeIgniter\CodeIgniter->runController()
 8 SYSTEMPATH/CodeIgniter.php(355): CodeIgniter\CodeIgniter->handleRequest()
 9 SYSTEMPATH/Boot.php(325): CodeIgniter\CodeIgniter->run()
10 SYSTEMPATH/Boot.php(67): CodeIgniter\Boot::runCodeIgniter()
11 FCPATH/index.php(56): CodeIgniter\Boot::bootWeb()
CRITICAL - 2024-11-11 11:37:08 --> [Caused by] CodeIgniter\Database\Exceptions\DatabaseException: Unknown column 'ratings.rating_value' in 'having clause'
in SYSTEMPATH/Database/MySQLi/Connection.php on line 317.
 1 SYSTEMPATH/Database/BaseConnection.php(734): CodeIgniter\Database\MySQLi\Connection->execute()
 2 SYSTEMPATH/Database/BaseConnection.php(648): CodeIgniter\Database\BaseConnection->simpleQuery()
 3 SYSTEMPATH/Database/BaseBuilder.php(1644): CodeIgniter\Database\BaseConnection->query()
 4 SYSTEMPATH/Model.php(286): CodeIgniter\Database\BaseBuilder->get()
 5 SYSTEMPATH/BaseModel.php(676): CodeIgniter\Model->doFindAll()
 6 APPPATH/Models/FoodSearchModel.php(92): CodeIgniter\BaseModel->findAll()
 7 APPPATH/Controllers/FoodSearchController.php(103): App\Models\FoodSearchModel->filterRatings()
 8 SYSTEMPATH/CodeIgniter.php(933): App\Controllers\FoodSearchController->filterRatings()
 9 SYSTEMPATH/CodeIgniter.php(509): CodeIgniter\CodeIgniter->runController()
10 SYSTEMPATH/CodeIgniter.php(355): CodeIgniter\CodeIgniter->handleRequest()
11 SYSTEMPATH/Boot.php(325): CodeIgniter\CodeIgniter->run()
12 SYSTEMPATH/Boot.php(67): CodeIgniter\Boot::runCodeIgniter()
13 FCPATH/index.php(56): CodeIgniter\Boot::bootWeb()
CRITICAL - 2024-11-11 11:37:08 --> [Caused by] mysqli_sql_exception: Unknown column 'ratings.rating_value' in 'having clause'
in SYSTEMPATH/Database/MySQLi/Connection.php on line 312.
 1 SYSTEMPATH/Database/MySQLi/Connection.php(312): mysqli->query()
 2 SYSTEMPATH/Database/BaseConnection.php(734): CodeIgniter\Database\MySQLi\Connection->execute()
 3 SYSTEMPATH/Database/BaseConnection.php(648): CodeIgniter\Database\BaseConnection->simpleQuery()
 4 SYSTEMPATH/Database/BaseBuilder.php(1644): CodeIgniter\Database\BaseConnection->query()
 5 SYSTEMPATH/Model.php(286): CodeIgniter\Database\BaseBuilder->get()
 6 SYSTEMPATH/BaseModel.php(676): CodeIgniter\Model->doFindAll()
 7 APPPATH/Models/FoodSearchModel.php(92): CodeIgniter\BaseModel->findAll()
 8 APPPATH/Controllers/FoodSearchController.php(103): App\Models\FoodSearchModel->filterRatings()
 9 SYSTEMPATH/CodeIgniter.php(933): App\Controllers\FoodSearchController->filterRatings()
10 SYSTEMPATH/CodeIgniter.php(509): CodeIgniter\CodeIgniter->runController()
11 SYSTEMPATH/CodeIgniter.php(355): CodeIgniter\CodeIgniter->handleRequest()
12 SYSTEMPATH/Boot.php(325): CodeIgniter\CodeIgniter->run()
13 SYSTEMPATH/Boot.php(67): CodeIgniter\Boot::runCodeIgniter()
14 FCPATH/index.php(56): CodeIgniter\Boot::bootWeb()
ERROR - 2024-11-11 11:37:35 --> mysqli_sql_exception: Unknown column 'ratings.rating_value' in 'having clause' in /var/www/html/food_searching_apis/system/Database/MySQLi/Connection.php:312
Stack trace:
#0 /var/www/html/food_searching_apis/system/Database/MySQLi/Connection.php(312): mysqli->query()
#1 /var/www/html/food_searching_apis/system/Database/BaseConnection.php(734): CodeIgniter\Database\MySQLi\Connection->execute()
#2 /var/www/html/food_searching_apis/system/Database/BaseConnection.php(648): CodeIgniter\Database\BaseConnection->simpleQuery()
#3 /var/www/html/food_searching_apis/system/Database/BaseBuilder.php(1644): CodeIgniter\Database\BaseConnection->query()
#4 /var/www/html/food_searching_apis/system/Model.php(286): CodeIgniter\Database\BaseBuilder->get()
#5 /var/www/html/food_searching_apis/system/BaseModel.php(676): CodeIgniter\Model->doFindAll()
#6 /var/www/html/food_searching_apis/app/Models/FoodSearchModel.php(92): CodeIgniter\BaseModel->findAll()
#7 /var/www/html/food_searching_apis/app/Controllers/FoodSearchController.php(103): App\Models\FoodSearchModel->filterRatings()
#8 /var/www/html/food_searching_apis/system/CodeIgniter.php(933): App\Controllers\FoodSearchController->filterRatings()
#9 /var/www/html/food_searching_apis/system/CodeIgniter.php(509): CodeIgniter\CodeIgniter->runController()
#10 /var/www/html/food_searching_apis/system/CodeIgniter.php(355): CodeIgniter\CodeIgniter->handleRequest()
#11 /var/www/html/food_searching_apis/system/Boot.php(325): CodeIgniter\CodeIgniter->run()
#12 /var/www/html/food_searching_apis/system/Boot.php(67): CodeIgniter\Boot::runCodeIgniter()
#13 /var/www/html/food_searching_apis/public/index.php(56): CodeIgniter\Boot::bootWeb()
#14 {main}
CRITICAL - 2024-11-11 11:37:35 --> CodeIgniter\Database\Exceptions\DatabaseException: Unknown column 'ratings.rating_value' in 'having clause'
[Method: GET, Route: filter]
in SYSTEMPATH/Database/BaseConnection.php on line 688.
 1 SYSTEMPATH/Database/BaseBuilder.php(1644): CodeIgniter\Database\BaseConnection->query()
 2 SYSTEMPATH/Model.php(286): CodeIgniter\Database\BaseBuilder->get()
 3 SYSTEMPATH/BaseModel.php(676): CodeIgniter\Model->doFindAll()
 4 APPPATH/Models/FoodSearchModel.php(92): CodeIgniter\BaseModel->findAll()
 5 APPPATH/Controllers/FoodSearchController.php(103): App\Models\FoodSearchModel->filterRatings()
 6 SYSTEMPATH/CodeIgniter.php(933): App\Controllers\FoodSearchController->filterRatings()
 7 SYSTEMPATH/CodeIgniter.php(509): CodeIgniter\CodeIgniter->runController()
 8 SYSTEMPATH/CodeIgniter.php(355): CodeIgniter\CodeIgniter->handleRequest()
 9 SYSTEMPATH/Boot.php(325): CodeIgniter\CodeIgniter->run()
10 SYSTEMPATH/Boot.php(67): CodeIgniter\Boot::runCodeIgniter()
11 FCPATH/index.php(56): CodeIgniter\Boot::bootWeb()
CRITICAL - 2024-11-11 11:37:35 --> [Caused by] CodeIgniter\Database\Exceptions\DatabaseException: Unknown column 'ratings.rating_value' in 'having clause'
in SYSTEMPATH/Database/MySQLi/Connection.php on line 317.
 1 SYSTEMPATH/Database/BaseConnection.php(734): CodeIgniter\Database\MySQLi\Connection->execute()
 2 SYSTEMPATH/Database/BaseConnection.php(648): CodeIgniter\Database\BaseConnection->simpleQuery()
 3 SYSTEMPATH/Database/BaseBuilder.php(1644): CodeIgniter\Database\BaseConnection->query()
 4 SYSTEMPATH/Model.php(286): CodeIgniter\Database\BaseBuilder->get()
 5 SYSTEMPATH/BaseModel.php(676): CodeIgniter\Model->doFindAll()
 6 APPPATH/Models/FoodSearchModel.php(92): CodeIgniter\BaseModel->findAll()
 7 APPPATH/Controllers/FoodSearchController.php(103): App\Models\FoodSearchModel->filterRatings()
 8 SYSTEMPATH/CodeIgniter.php(933): App\Controllers\FoodSearchController->filterRatings()
 9 SYSTEMPATH/CodeIgniter.php(509): CodeIgniter\CodeIgniter->runController()
10 SYSTEMPATH/CodeIgniter.php(355): CodeIgniter\CodeIgniter->handleRequest()
11 SYSTEMPATH/Boot.php(325): CodeIgniter\CodeIgniter->run()
12 SYSTEMPATH/Boot.php(67): CodeIgniter\Boot::runCodeIgniter()
13 FCPATH/index.php(56): CodeIgniter\Boot::bootWeb()
CRITICAL - 2024-11-11 11:37:35 --> [Caused by] mysqli_sql_exception: Unknown column 'ratings.rating_value' in 'having clause'
in SYSTEMPATH/Database/MySQLi/Connection.php on line 312.
 1 SYSTEMPATH/Database/MySQLi/Connection.php(312): mysqli->query()
 2 SYSTEMPATH/Database/BaseConnection.php(734): CodeIgniter\Database\MySQLi\Connection->execute()
 3 SYSTEMPATH/Database/BaseConnection.php(648): CodeIgniter\Database\BaseConnection->simpleQuery()
 4 SYSTEMPATH/Database/BaseBuilder.php(1644): CodeIgniter\Database\BaseConnection->query()
 5 SYSTEMPATH/Model.php(286): CodeIgniter\Database\BaseBuilder->get()
 6 SYSTEMPATH/BaseModel.php(676): CodeIgniter\Model->doFindAll()
 7 APPPATH/Models/FoodSearchModel.php(92): CodeIgniter\BaseModel->findAll()
 8 APPPATH/Controllers/FoodSearchController.php(103): App\Models\FoodSearchModel->filterRatings()
 9 SYSTEMPATH/CodeIgniter.php(933): App\Controllers\FoodSearchController->filterRatings()
10 SYSTEMPATH/CodeIgniter.php(509): CodeIgniter\CodeIgniter->runController()
11 SYSTEMPATH/CodeIgniter.php(355): CodeIgniter\CodeIgniter->handleRequest()
12 SYSTEMPATH/Boot.php(325): CodeIgniter\CodeIgniter->run()
13 SYSTEMPATH/Boot.php(67): CodeIgniter\Boot::runCodeIgniter()
14 FCPATH/index.php(56): CodeIgniter\Boot::bootWeb()
CRITICAL - 2024-11-11 12:45:36 --> BadMethodCallException: Call to undefined method App\Models\FoodSearchModel::getTotalProductCount
[Method: GET, Route: food/page/2]
in SYSTEMPATH/Model.php on line 932.
 1 APPPATH/Controllers/FoodSearchController.php(23): CodeIgniter\Model->__call()
 2 SYSTEMPATH/CodeIgniter.php(933): App\Controllers\FoodSearchController->getPaginatedProducts()
 3 SYSTEMPATH/CodeIgniter.php(509): CodeIgniter\CodeIgniter->runController()
 4 SYSTEMPATH/CodeIgniter.php(355): CodeIgniter\CodeIgniter->handleRequest()
 5 SYSTEMPATH/Boot.php(325): CodeIgniter\CodeIgniter->run()
 6 SYSTEMPATH/Boot.php(67): CodeIgniter\Boot::runCodeIgniter()
 7 FCPATH/index.php(56): CodeIgniter\Boot::bootWeb()
CRITICAL - 2024-11-11 12:45:53 --> BadMethodCallException: Call to undefined method App\Models\FoodSearchModel::getTotalProductCount
[Method: GET, Route: food/page/2]
in SYSTEMPATH/Model.php on line 932.
 1 APPPATH/Controllers/FoodSearchController.php(23): CodeIgniter\Model->__call()
 2 SYSTEMPATH/CodeIgniter.php(933): App\Controllers\FoodSearchController->getPaginatedProducts()
 3 SYSTEMPATH/CodeIgniter.php(509): CodeIgniter\CodeIgniter->runController()
 4 SYSTEMPATH/CodeIgniter.php(355): CodeIgniter\CodeIgniter->handleRequest()
 5 SYSTEMPATH/Boot.php(325): CodeIgniter\CodeIgniter->run()
 6 SYSTEMPATH/Boot.php(67): CodeIgniter\Boot::runCodeIgniter()
 7 FCPATH/index.php(56): CodeIgniter\Boot::bootWeb()
CRITICAL - 2024-11-11 12:45:56 --> BadMethodCallException: Call to undefined method App\Models\FoodSearchModel::getTotalProductCount
[Method: GET, Route: food/page/1]
in SYSTEMPATH/Model.php on line 932.
 1 APPPATH/Controllers/FoodSearchController.php(23): CodeIgniter\Model->__call()
 2 SYSTEMPATH/CodeIgniter.php(933): App\Controllers\FoodSearchController->getPaginatedProducts()
 3 SYSTEMPATH/CodeIgniter.php(509): CodeIgniter\CodeIgniter->runController()
 4 SYSTEMPATH/CodeIgniter.php(355): CodeIgniter\CodeIgniter->handleRequest()
 5 SYSTEMPATH/Boot.php(325): CodeIgniter\CodeIgniter->run()
 6 SYSTEMPATH/Boot.php(67): CodeIgniter\Boot::runCodeIgniter()
 7 FCPATH/index.php(56): CodeIgniter\Boot::bootWeb()
